Determining if the environ exist failed with the following output:
Change Dir: /home/kk-1988/work/cpp_test/cmake-3.20.2/CMakeFiles/CMakeTmp

Run Build Command(s):/usr/bin/make -f Makefile cmTC_8760f/fast && make  -f CMakeFiles/cmTC_8760f.dir/build.make CMakeFiles/cmTC_8760f.dir/build
make[1]: Entering directory '/home/kk-1988/work/cpp_test/cmake-3.20.2/CMakeFiles/CMakeTmp'
Building C object CMakeFiles/cmTC_8760f.dir/CheckSymbolExists.c.o
/usr/bin/gcc   -std=gnu11 -o CMakeFiles/cmTC_8760f.dir/CheckSymbolExists.c.o -c /home/kk-1988/work/cpp_test/cmake-3.20.2/CMakeFiles/CMakeTmp/CheckSymbolExists.c
/home/kk-1988/work/cpp_test/cmake-3.20.2/CMakeFiles/CMakeTmp/CheckSymbolExists.c: In function ‘main’:
/home/kk-1988/work/cpp_test/cmake-3.20.2/CMakeFiles/CMakeTmp/CheckSymbolExists.c:8:19: error: ‘environ’ undeclared (first use in this function)
    8 |   return ((int*)(&environ))[argc];
      |                   ^~~~~~~
/home/kk-1988/work/cpp_test/cmake-3.20.2/CMakeFiles/CMakeTmp/CheckSymbolExists.c:8:19: note: each undeclared identifier is reported only once for each function it appears in
make[1]: *** [CMakeFiles/cmTC_8760f.dir/build.make:78: CMakeFiles/cmTC_8760f.dir/CheckSymbolExists.c.o] Error 1
make[1]: Leaving directory '/home/kk-1988/work/cpp_test/cmake-3.20.2/CMakeFiles/CMakeTmp'
make: *** [Makefile:127: cmTC_8760f/fast] Error 2


File /home/kk-1988/work/cpp_test/cmake-3.20.2/CMakeFiles/CMakeTmp/CheckSymbolExists.c:
/* */
#include <stdlib.h>

int main(int argc, char** argv)
{
  (void)argv;
#ifndef environ
  return ((int*)(&environ))[argc];
#else
  (void)argc;
  return 0;
#endif
}
Performing C SOURCE FILE Test CMAKE_HAVE_LIBC_PTHREAD failed with the following output:
Change Dir: /home/kk-1988/work/cpp_test/cmake-3.20.2/CMakeFiles/CMakeTmp

Run Build Command(s):/usr/bin/make -f Makefile cmTC_7d3bf/fast && make  -f CMakeFiles/cmTC_7d3bf.dir/build.make CMakeFiles/cmTC_7d3bf.dir/build
make[1]: Entering directory '/home/kk-1988/work/cpp_test/cmake-3.20.2/CMakeFiles/CMakeTmp'
Building C object CMakeFiles/cmTC_7d3bf.dir/src.c.o
/usr/bin/gcc -DCMAKE_HAVE_LIBC_PTHREAD  -std=gnu11 -o CMakeFiles/cmTC_7d3bf.dir/src.c.o -c /home/kk-1988/work/cpp_test/cmake-3.20.2/CMakeFiles/CMakeTmp/src.c
Linking C executable cmTC_7d3bf
/home/kk-1988/work/cpp_test/cmake-3.20.2/Bootstrap.cmk/cmake -E cmake_link_script CMakeFiles/cmTC_7d3bf.dir/link.txt --verbose=1
/usr/bin/gcc CMakeFiles/cmTC_7d3bf.dir/src.c.o -o cmTC_7d3bf 
/usr/bin/ld: CMakeFiles/cmTC_7d3bf.dir/src.c.o: in function `main':
src.c:(.text+0x46): undefined reference to `pthread_create'
/usr/bin/ld: src.c:(.text+0x52): undefined reference to `pthread_detach'
/usr/bin/ld: src.c:(.text+0x5e): undefined reference to `pthread_cancel'
/usr/bin/ld: src.c:(.text+0x6f): undefined reference to `pthread_join'
collect2: error: ld returned 1 exit status
make[1]: *** [CMakeFiles/cmTC_7d3bf.dir/build.make:99: cmTC_7d3bf] Error 1
make[1]: Leaving directory '/home/kk-1988/work/cpp_test/cmake-3.20.2/CMakeFiles/CMakeTmp'
make: *** [Makefile:127: cmTC_7d3bf/fast] Error 2


Source file was:
#include <pthread.h>

static void* test_func(void* data)
{
  return data;
}

int main(void)
{
  pthread_t thread;
  pthread_create(&thread, NULL, test_func, NULL);
  pthread_detach(thread);
  pthread_cancel(thread);
  pthread_join(thread, NULL);
  pthread_atfork(NULL, NULL, NULL);
  pthread_exit(NULL);

  return 0;
}

Determining if the function pthread_create exists in the pthreads failed with the following output:
Change Dir: /home/kk-1988/work/cpp_test/cmake-3.20.2/CMakeFiles/CMakeTmp

Run Build Command(s):/usr/bin/make -f Makefile cmTC_a4117/fast && make  -f CMakeFiles/cmTC_a4117.dir/build.make CMakeFiles/cmTC_a4117.dir/build
make[1]: Entering directory '/home/kk-1988/work/cpp_test/cmake-3.20.2/CMakeFiles/CMakeTmp'
Building C object CMakeFiles/cmTC_a4117.dir/CheckFunctionExists.c.o
/usr/bin/gcc   -DCHECK_FUNCTION_EXISTS=pthread_create -std=gnu11 -o CMakeFiles/cmTC_a4117.dir/CheckFunctionExists.c.o -c /home/kk-1988/work/cpp_test/cmake-3.20.2/Modules/CheckFunctionExists.c
Linking C executable cmTC_a4117
/home/kk-1988/work/cpp_test/cmake-3.20.2/Bootstrap.cmk/cmake -E cmake_link_script CMakeFiles/cmTC_a4117.dir/link.txt --verbose=1
/usr/bin/gcc  -DCHECK_FUNCTION_EXISTS=pthread_create CMakeFiles/cmTC_a4117.dir/CheckFunctionExists.c.o -o cmTC_a4117  -lpthreads 
/usr/bin/ld: cannot find -lpthreads
collect2: error: ld returned 1 exit status
make[1]: *** [CMakeFiles/cmTC_a4117.dir/build.make:99: cmTC_a4117] Error 1
make[1]: Leaving directory '/home/kk-1988/work/cpp_test/cmake-3.20.2/CMakeFiles/CMakeTmp'
make: *** [Makefile:127: cmTC_a4117/fast] Error 2



Checking whether CXX compiler has environ in stdlib.h failed to compile with the following output:
Change Dir: /home/kk-1988/work/cpp_test/cmake-3.20.2/Source/kwsys/CMakeFiles/CMakeTmp

Run Build Command(s):/usr/bin/make -f Makefile cmTC_07530/fast && make  -f CMakeFiles/cmTC_07530.dir/build.make CMakeFiles/cmTC_07530.dir/build
make[1]: Entering directory '/home/kk-1988/work/cpp_test/cmake-3.20.2/Source/kwsys/CMakeFiles/CMakeTmp'
Building CXX object CMakeFiles/cmTC_07530.dir/kwsysPlatformTestsCXX.cxx.o
/usr/bin/g++ -DTEST_KWSYS_CXX_HAS_ENVIRON_IN_STDLIB_H  -std=gnu++17 -o CMakeFiles/cmTC_07530.dir/kwsysPlatformTestsCXX.cxx.o -c /home/kk-1988/work/cpp_test/cmake-3.20.2/Source/kwsys/kwsysPlatformTestsCXX.cxx
/home/kk-1988/work/cpp_test/cmake-3.20.2/Source/kwsys/kwsysPlatformTestsCXX.cxx: In function ‘int main()’:
/home/kk-1988/work/cpp_test/cmake-3.20.2/Source/kwsys/kwsysPlatformTestsCXX.cxx:53:13: error: ‘environ’ was not declared in this scope; did you mean ‘union’?
   53 |   char* e = environ[0];
      |             ^~~~~~~
      |             union
make[1]: *** [CMakeFiles/cmTC_07530.dir/build.make:78: CMakeFiles/cmTC_07530.dir/kwsysPlatformTestsCXX.cxx.o] Error 1
make[1]: Leaving directory '/home/kk-1988/work/cpp_test/cmake-3.20.2/Source/kwsys/CMakeFiles/CMakeTmp'
make: *** [Makefile:127: cmTC_07530/fast] Error 2



Checking whether CXX compiler struct stat has st_mtimespec member failed to compile with the following output:
Change Dir: /home/kk-1988/work/cpp_test/cmake-3.20.2/Source/kwsys/CMakeFiles/CMakeTmp

Run Build Command(s):/usr/bin/make -f Makefile cmTC_6e525/fast && make  -f CMakeFiles/cmTC_6e525.dir/build.make CMakeFiles/cmTC_6e525.dir/build
make[1]: Entering directory '/home/kk-1988/work/cpp_test/cmake-3.20.2/Source/kwsys/CMakeFiles/CMakeTmp'
Building CXX object CMakeFiles/cmTC_6e525.dir/kwsysPlatformTestsCXX.cxx.o
/usr/bin/g++ -DTEST_KWSYS_CXX_STAT_HAS_ST_MTIMESPEC  -std=gnu++17 -o CMakeFiles/cmTC_6e525.dir/kwsysPlatformTestsCXX.cxx.o -c /home/kk-1988/work/cpp_test/cmake-3.20.2/Source/kwsys/kwsysPlatformTestsCXX.cxx
/home/kk-1988/work/cpp_test/cmake-3.20.2/Source/kwsys/kwsysPlatformTestsCXX.cxx: In function ‘int main()’:
/home/kk-1988/work/cpp_test/cmake-3.20.2/Source/kwsys/kwsysPlatformTestsCXX.cxx:26:15: error: ‘struct stat’ has no member named ‘st_mtimespec’
   26 |   (void)stat1.st_mtimespec.tv_sec;
      |               ^~~~~~~~~~~~
/home/kk-1988/work/cpp_test/cmake-3.20.2/Source/kwsys/kwsysPlatformTestsCXX.cxx:27:15: error: ‘struct stat’ has no member named ‘st_mtimespec’
   27 |   (void)stat1.st_mtimespec.tv_nsec;
      |               ^~~~~~~~~~~~
make[1]: *** [CMakeFiles/cmTC_6e525.dir/build.make:78: CMakeFiles/cmTC_6e525.dir/kwsysPlatformTestsCXX.cxx.o] Error 1
make[1]: Leaving directory '/home/kk-1988/work/cpp_test/cmake-3.20.2/Source/kwsys/CMakeFiles/CMakeTmp'
make: *** [Makefile:127: cmTC_6e525/fast] Error 2



Determining if the function connect exists in the socket;dl failed with the following output:
Change Dir: /home/kk-1988/work/cpp_test/cmake-3.20.2/CMakeFiles/CMakeTmp

Run Build Command(s):/usr/bin/make -f Makefile cmTC_605cc/fast && make  -f CMakeFiles/cmTC_605cc.dir/build.make CMakeFiles/cmTC_605cc.dir/build
make[1]: Entering directory '/home/kk-1988/work/cpp_test/cmake-3.20.2/CMakeFiles/CMakeTmp'
Building C object CMakeFiles/cmTC_605cc.dir/CheckFunctionExists.c.o
/usr/bin/gcc   -w -DCHECK_FUNCTION_EXISTS=connect -std=gnu11 -o CMakeFiles/cmTC_605cc.dir/CheckFunctionExists.c.o -c /home/kk-1988/work/cpp_test/cmake-3.20.2/Modules/CheckFunctionExists.c
Linking C executable cmTC_605cc
/home/kk-1988/work/cpp_test/cmake-3.20.2/Bootstrap.cmk/cmake -E cmake_link_script CMakeFiles/cmTC_605cc.dir/link.txt --verbose=1
/usr/bin/gcc  -w -DCHECK_FUNCTION_EXISTS=connect CMakeFiles/cmTC_605cc.dir/CheckFunctionExists.c.o -o cmTC_605cc  -lsocket -ldl 
/usr/bin/ld: cannot find -lsocket
collect2: error: ld returned 1 exit status
make[1]: *** [CMakeFiles/cmTC_605cc.dir/build.make:99: cmTC_605cc] Error 1
make[1]: Leaving directory '/home/kk-1988/work/cpp_test/cmake-3.20.2/CMakeFiles/CMakeTmp'
make: *** [Makefile:127: cmTC_605cc/fast] Error 2



Determining if the function recv exists in the network;dl failed with the following output:
Change Dir: /home/kk-1988/work/cpp_test/cmake-3.20.2/CMakeFiles/CMakeTmp

Run Build Command(s):/usr/bin/make -f Makefile cmTC_8b24b/fast && make  -f CMakeFiles/cmTC_8b24b.dir/build.make CMakeFiles/cmTC_8b24b.dir/build
make[1]: Entering directory '/home/kk-1988/work/cpp_test/cmake-3.20.2/CMakeFiles/CMakeTmp'
Building C object CMakeFiles/cmTC_8b24b.dir/CheckFunctionExists.c.o
/usr/bin/gcc   -w -DCHECK_FUNCTION_EXISTS=recv -std=gnu11 -o CMakeFiles/cmTC_8b24b.dir/CheckFunctionExists.c.o -c /home/kk-1988/work/cpp_test/cmake-3.20.2/Modules/CheckFunctionExists.c
Linking C executable cmTC_8b24b
/home/kk-1988/work/cpp_test/cmake-3.20.2/Bootstrap.cmk/cmake -E cmake_link_script CMakeFiles/cmTC_8b24b.dir/link.txt --verbose=1
/usr/bin/gcc  -w -DCHECK_FUNCTION_EXISTS=recv CMakeFiles/cmTC_8b24b.dir/CheckFunctionExists.c.o -o cmTC_8b24b  -lnetwork -ldl 
/usr/bin/ld: cannot find -lnetwork
collect2: error: ld returned 1 exit status
make[1]: *** [CMakeFiles/cmTC_8b24b.dir/build.make:99: cmTC_8b24b] Error 1
make[1]: Leaving directory '/home/kk-1988/work/cpp_test/cmake-3.20.2/CMakeFiles/CMakeTmp'
make: *** [Makefile:127: cmTC_8b24b/fast] Error 2



Determining if the RAND_status exist failed with the following output:
Change Dir: /home/kk-1988/work/cpp_test/cmake-3.20.2/CMakeFiles/CMakeTmp

Run Build Command(s):/usr/bin/make -f Makefile cmTC_5d05e/fast && make  -f CMakeFiles/cmTC_5d05e.dir/build.make CMakeFiles/cmTC_5d05e.dir/build
make[1]: Entering directory '/home/kk-1988/work/cpp_test/cmake-3.20.2/CMakeFiles/CMakeTmp'
Building C object CMakeFiles/cmTC_5d05e.dir/CheckSymbolExists.c.o
/usr/bin/gcc   -w  -std=gnu11 -o CMakeFiles/cmTC_5d05e.dir/CheckSymbolExists.c.o -c /home/kk-1988/work/cpp_test/cmake-3.20.2/CMakeFiles/CMakeTmp/CheckSymbolExists.c
/home/kk-1988/work/cpp_test/cmake-3.20.2/CMakeFiles/CMakeTmp/CheckSymbolExists.c: In function ‘main’:
/home/kk-1988/work/cpp_test/cmake-3.20.2/CMakeFiles/CMakeTmp/CheckSymbolExists.c:7:19: error: ‘RAND_status’ undeclared (first use in this function)
    7 |   return ((int*)(&RAND_status))[argc];
      |                   ^~~~~~~~~~~
/home/kk-1988/work/cpp_test/cmake-3.20.2/CMakeFiles/CMakeTmp/CheckSymbolExists.c:7:19: note: each undeclared identifier is reported only once for each function it appears in
make[1]: *** [CMakeFiles/cmTC_5d05e.dir/build.make:78: CMakeFiles/cmTC_5d05e.dir/CheckSymbolExists.c.o] Error 1
make[1]: Leaving directory '/home/kk-1988/work/cpp_test/cmake-3.20.2/CMakeFiles/CMakeTmp'
make: *** [Makefile:127: cmTC_5d05e/fast] Error 2


File /home/kk-1988/work/cpp_test/cmake-3.20.2/CMakeFiles/CMakeTmp/CheckSymbolExists.c:
/* */

int main(int argc, char** argv)
{
  (void)argv;
#ifndef RAND_status
  return ((int*)(&RAND_status))[argc];
#else
  (void)argc;
  return 0;
#endif
}
Determining if the RAND_screen exist failed with the following output:
Change Dir: /home/kk-1988/work/cpp_test/cmake-3.20.2/CMakeFiles/CMakeTmp

Run Build Command(s):/usr/bin/make -f Makefile cmTC_df4fc/fast && make  -f CMakeFiles/cmTC_df4fc.dir/build.make CMakeFiles/cmTC_df4fc.dir/build
make[1]: Entering directory '/home/kk-1988/work/cpp_test/cmake-3.20.2/CMakeFiles/CMakeTmp'
Building C object CMakeFiles/cmTC_df4fc.dir/CheckSymbolExists.c.o
/usr/bin/gcc   -w  -std=gnu11 -o CMakeFiles/cmTC_df4fc.dir/CheckSymbolExists.c.o -c /home/kk-1988/work/cpp_test/cmake-3.20.2/CMakeFiles/CMakeTmp/CheckSymbolExists.c
/home/kk-1988/work/cpp_test/cmake-3.20.2/CMakeFiles/CMakeTmp/CheckSymbolExists.c: In function ‘main’:
/home/kk-1988/work/cpp_test/cmake-3.20.2/CMakeFiles/CMakeTmp/CheckSymbolExists.c:7:19: error: ‘RAND_screen’ undeclared (first use in this function)
    7 |   return ((int*)(&RAND_screen))[argc];
      |                   ^~~~~~~~~~~
/home/kk-1988/work/cpp_test/cmake-3.20.2/CMakeFiles/CMakeTmp/CheckSymbolExists.c:7:19: note: each undeclared identifier is reported only once for each function it appears in
make[1]: *** [CMakeFiles/cmTC_df4fc.dir/build.make:78: CMakeFiles/cmTC_df4fc.dir/CheckSymbolExists.c.o] Error 1
make[1]: Leaving directory '/home/kk-1988/work/cpp_test/cmake-3.20.2/CMakeFiles/CMakeTmp'
make: *** [Makefile:127: cmTC_df4fc/fast] Error 2


File /home/kk-1988/work/cpp_test/cmake-3.20.2/CMakeFiles/CMakeTmp/CheckSymbolExists.c:
/* */

int main(int argc, char** argv)
{
  (void)argv;
#ifndef RAND_screen
  return ((int*)(&RAND_screen))[argc];
#else
  (void)argc;
  return 0;
#endif
}
Determining if the RAND_egd exist failed with the following output:
Change Dir: /home/kk-1988/work/cpp_test/cmake-3.20.2/CMakeFiles/CMakeTmp

Run Build Command(s):/usr/bin/make -f Makefile cmTC_3e5c9/fast && make  -f CMakeFiles/cmTC_3e5c9.dir/build.make CMakeFiles/cmTC_3e5c9.dir/build
make[1]: Entering directory '/home/kk-1988/work/cpp_test/cmake-3.20.2/CMakeFiles/CMakeTmp'
Building C object CMakeFiles/cmTC_3e5c9.dir/CheckSymbolExists.c.o
/usr/bin/gcc   -w  -std=gnu11 -o CMakeFiles/cmTC_3e5c9.dir/CheckSymbolExists.c.o -c /home/kk-1988/work/cpp_test/cmake-3.20.2/CMakeFiles/CMakeTmp/CheckSymbolExists.c
/home/kk-1988/work/cpp_test/cmake-3.20.2/CMakeFiles/CMakeTmp/CheckSymbolExists.c: In function ‘main’:
/home/kk-1988/work/cpp_test/cmake-3.20.2/CMakeFiles/CMakeTmp/CheckSymbolExists.c:7:19: error: ‘RAND_egd’ undeclared (first use in this function)
    7 |   return ((int*)(&RAND_egd))[argc];
      |                   ^~~~~~~~
/home/kk-1988/work/cpp_test/cmake-3.20.2/CMakeFiles/CMakeTmp/CheckSymbolExists.c:7:19: note: each undeclared identifier is reported only once for each function it appears in
make[1]: *** [CMakeFiles/cmTC_3e5c9.dir/build.make:78: CMakeFiles/cmTC_3e5c9.dir/CheckSymbolExists.c.o] Error 1
make[1]: Leaving directory '/home/kk-1988/work/cpp_test/cmake-3.20.2/CMakeFiles/CMakeTmp'
make: *** [Makefile:127: cmTC_3e5c9/fast] Error 2


File /home/kk-1988/work/cpp_test/cmake-3.20.2/CMakeFiles/CMakeTmp/CheckSymbolExists.c:
/* */

int main(int argc, char** argv)
{
  (void)argv;
#ifndef RAND_egd
  return ((int*)(&RAND_egd))[argc];
#else
  (void)argc;
  return 0;
#endif
}
Determining if the function dlopen exists in the dl;/usr/local/lib/libssl.so;/usr/local/lib/libcrypto.so;cmnghttp2 failed with the following output:
Change Dir: /home/kk-1988/work/cpp_test/cmake-3.20.2/CMakeFiles/CMakeTmp

Run Build Command(s):/usr/bin/make -f Makefile cmTC_e9163/fast && make  -f CMakeFiles/cmTC_e9163.dir/build.make CMakeFiles/cmTC_e9163.dir/build
make[1]: Entering directory '/home/kk-1988/work/cpp_test/cmake-3.20.2/CMakeFiles/CMakeTmp'
Building C object CMakeFiles/cmTC_e9163.dir/CheckFunctionExists.c.o
/usr/bin/gcc   -w -DCHECK_FUNCTION_EXISTS=dlopen -std=gnu11 -o CMakeFiles/cmTC_e9163.dir/CheckFunctionExists.c.o -c /home/kk-1988/work/cpp_test/cmake-3.20.2/Modules/CheckFunctionExists.c
Linking C executable cmTC_e9163
/home/kk-1988/work/cpp_test/cmake-3.20.2/Bootstrap.cmk/cmake -E cmake_link_script CMakeFiles/cmTC_e9163.dir/link.txt --verbose=1
/usr/bin/gcc  -w -DCHECK_FUNCTION_EXISTS=dlopen CMakeFiles/cmTC_e9163.dir/CheckFunctionExists.c.o -o cmTC_e9163  -Wl,-rpath,/usr/local/lib -ldl /usr/local/lib/libssl.so /usr/local/lib/libcrypto.so -lcmnghttp2 
/usr/bin/ld: cannot find -lcmnghttp2
collect2: error: ld returned 1 exit status
make[1]: *** [CMakeFiles/cmTC_e9163.dir/build.make:101: cmTC_e9163] Error 1
make[1]: Leaving directory '/home/kk-1988/work/cpp_test/cmake-3.20.2/CMakeFiles/CMakeTmp'
make: *** [Makefile:127: cmTC_e9163/fast] Error 2



Determining if files stdio.h;inttypes.h;sys/filio.h exist failed with the following output:
Change Dir: /home/kk-1988/work/cpp_test/cmake-3.20.2/CMakeFiles/CMakeTmp

Run Build Command(s):/usr/bin/make -f Makefile cmTC_64b15/fast && make  -f CMakeFiles/cmTC_64b15.dir/build.make CMakeFiles/cmTC_64b15.dir/build
make[1]: Entering directory '/home/kk-1988/work/cpp_test/cmake-3.20.2/CMakeFiles/CMakeTmp'
Building C object CMakeFiles/cmTC_64b15.dir/HAVE_SYS_FILIO_H.c.o
/usr/bin/gcc   -w  -std=gnu11 -o CMakeFiles/cmTC_64b15.dir/HAVE_SYS_FILIO_H.c.o -c /home/kk-1988/work/cpp_test/cmake-3.20.2/CMakeFiles/CheckIncludeFiles/HAVE_SYS_FILIO_H.c
/home/kk-1988/work/cpp_test/cmake-3.20.2/CMakeFiles/CheckIncludeFiles/HAVE_SYS_FILIO_H.c:4:10: fatal error: sys/filio.h: No such file or directory
    4 | #include <sys/filio.h>
      |          ^~~~~~~~~~~~~
compilation terminated.
make[1]: *** [CMakeFiles/cmTC_64b15.dir/build.make:78: CMakeFiles/cmTC_64b15.dir/HAVE_SYS_FILIO_H.c.o] Error 1
make[1]: Leaving directory '/home/kk-1988/work/cpp_test/cmake-3.20.2/CMakeFiles/CMakeTmp'
make: *** [Makefile:127: cmTC_64b15/fast] Error 2


Source:
/* */
#include <stdio.h>
#include <inttypes.h>
#include <sys/filio.h>


int main(void){return 0;}

Determining if files stdio.h;inttypes.h;sys/ioctl.h;sys/param.h;sys/poll.h;sys/resource.h;sys/select.h;sys/socket.h;sys/sockio.h exist failed with the following output:
Change Dir: /home/kk-1988/work/cpp_test/cmake-3.20.2/CMakeFiles/CMakeTmp

Run Build Command(s):/usr/bin/make -f Makefile cmTC_18a1b/fast && make  -f CMakeFiles/cmTC_18a1b.dir/build.make CMakeFiles/cmTC_18a1b.dir/build
make[1]: Entering directory '/home/kk-1988/work/cpp_test/cmake-3.20.2/CMakeFiles/CMakeTmp'
Building C object CMakeFiles/cmTC_18a1b.dir/HAVE_SYS_SOCKIO_H.c.o
/usr/bin/gcc   -w  -std=gnu11 -o CMakeFiles/cmTC_18a1b.dir/HAVE_SYS_SOCKIO_H.c.o -c /home/kk-1988/work/cpp_test/cmake-3.20.2/CMakeFiles/CheckIncludeFiles/HAVE_SYS_SOCKIO_H.c
/home/kk-1988/work/cpp_test/cmake-3.20.2/CMakeFiles/CheckIncludeFiles/HAVE_SYS_SOCKIO_H.c:10:10: fatal error: sys/sockio.h: No such file or directory
   10 | #include <sys/sockio.h>
      |          ^~~~~~~~~~~~~~
compilation terminated.
make[1]: *** [CMakeFiles/cmTC_18a1b.dir/build.make:78: CMakeFiles/cmTC_18a1b.dir/HAVE_SYS_SOCKIO_H.c.o] Error 1
make[1]: Leaving directory '/home/kk-1988/work/cpp_test/cmake-3.20.2/CMakeFiles/CMakeTmp'
make: *** [Makefile:127: cmTC_18a1b/fast] Error 2


Source:
/* */
#include <stdio.h>
#include <inttypes.h>
#include <sys/ioctl.h>
#include <sys/param.h>
#include <sys/poll.h>
#include <sys/resource.h>
#include <sys/select.h>
#include <sys/socket.h>
#include <sys/sockio.h>


int main(void){return 0;}

Determining if files stdio.h;inttypes.h;sys/ioctl.h;sys/param.h;sys/poll.h;sys/resource.h;sys/select.h;sys/socket.h;sys/stat.h;sys/time.h;sys/types.h;sys/uio.h;sys/un.h;sys/utime.h exist failed with the following output:
Change Dir: /home/kk-1988/work/cpp_test/cmake-3.20.2/CMakeFiles/CMakeTmp

Run Build Command(s):/usr/bin/make -f Makefile cmTC_678a1/fast && make  -f CMakeFiles/cmTC_678a1.dir/build.make CMakeFiles/cmTC_678a1.dir/build
make[1]: Entering directory '/home/kk-1988/work/cpp_test/cmake-3.20.2/CMakeFiles/CMakeTmp'
Building C object CMakeFiles/cmTC_678a1.dir/HAVE_SYS_UTIME_H.c.o
/usr/bin/gcc   -w  -std=gnu11 -o CMakeFiles/cmTC_678a1.dir/HAVE_SYS_UTIME_H.c.o -c /home/kk-1988/work/cpp_test/cmake-3.20.2/CMakeFiles/CheckIncludeFiles/HAVE_SYS_UTIME_H.c
/home/kk-1988/work/cpp_test/cmake-3.20.2/CMakeFiles/CheckIncludeFiles/HAVE_SYS_UTIME_H.c:15:10: fatal error: sys/utime.h: No such file or directory
   15 | #include <sys/utime.h>
      |          ^~~~~~~~~~~~~
compilation terminated.
make[1]: *** [CMakeFiles/cmTC_678a1.dir/build.make:78: CMakeFiles/cmTC_678a1.dir/HAVE_SYS_UTIME_H.c.o] Error 1
make[1]: Leaving directory '/home/kk-1988/work/cpp_test/cmake-3.20.2/CMakeFiles/CMakeTmp'
make: *** [Makefile:127: cmTC_678a1/fast] Error 2


Source:
/* */
#include <stdio.h>
#include <inttypes.h>
#include <sys/ioctl.h>
#include <sys/param.h>
#include <sys/poll.h>
#include <sys/resource.h>
#include <sys/select.h>
#include <sys/socket.h>
#include <sys/stat.h>
#include <sys/time.h>
#include <sys/types.h>
#include <sys/uio.h>
#include <sys/un.h>
#include <sys/utime.h>


int main(void){return 0;}

Determining if files stdio.h;inttypes.h;sys/ioctl.h;sys/param.h;sys/poll.h;sys/resource.h;sys/select.h;sys/socket.h;sys/stat.h;sys/time.h;sys/types.h;sys/uio.h;sys/un.h;sys/xattr.h;alloca.h;arpa/inet.h;arpa/tftp.h;assert.h;crypto.h exist failed with the following output:
Change Dir: /home/kk-1988/work/cpp_test/cmake-3.20.2/CMakeFiles/CMakeTmp

Run Build Command(s):/usr/bin/make -f Makefile cmTC_593e4/fast && make  -f CMakeFiles/cmTC_593e4.dir/build.make CMakeFiles/cmTC_593e4.dir/build
make[1]: Entering directory '/home/kk-1988/work/cpp_test/cmake-3.20.2/CMakeFiles/CMakeTmp'
Building C object CMakeFiles/cmTC_593e4.dir/HAVE_CRYPTO_H.c.o
/usr/bin/gcc   -w  -std=gnu11 -o CMakeFiles/cmTC_593e4.dir/HAVE_CRYPTO_H.c.o -c /home/kk-1988/work/cpp_test/cmake-3.20.2/CMakeFiles/CheckIncludeFiles/HAVE_CRYPTO_H.c
/home/kk-1988/work/cpp_test/cmake-3.20.2/CMakeFiles/CheckIncludeFiles/HAVE_CRYPTO_H.c:20:10: fatal error: crypto.h: No such file or directory
   20 | #include <crypto.h>
      |          ^~~~~~~~~~
compilation terminated.
make[1]: *** [CMakeFiles/cmTC_593e4.dir/build.make:78: CMakeFiles/cmTC_593e4.dir/HAVE_CRYPTO_H.c.o] Error 1
make[1]: Leaving directory '/home/kk-1988/work/cpp_test/cmake-3.20.2/CMakeFiles/CMakeTmp'
make: *** [Makefile:127: cmTC_593e4/fast] Error 2


Source:
/* */
#include <stdio.h>
#include <inttypes.h>
#include <sys/ioctl.h>
#include <sys/param.h>
#include <sys/poll.h>
#include <sys/resource.h>
#include <sys/select.h>
#include <sys/socket.h>
#include <sys/stat.h>
#include <sys/time.h>
#include <sys/types.h>
#include <sys/uio.h>
#include <sys/un.h>
#include <sys/xattr.h>
#include <alloca.h>
#include <arpa/inet.h>
#include <arpa/tftp.h>
#include <assert.h>
#include <crypto.h>


int main(void){return 0;}

Determining if files stdio.h;inttypes.h;sys/ioctl.h;sys/param.h;sys/poll.h;sys/resource.h;sys/select.h;sys/socket.h;sys/stat.h;sys/time.h;sys/types.h;sys/uio.h;sys/un.h;sys/xattr.h;alloca.h;arpa/inet.h;arpa/tftp.h;assert.h;err.h;errno.h;fcntl.h;idn2.h exist failed with the following output:
Change Dir: /home/kk-1988/work/cpp_test/cmake-3.20.2/CMakeFiles/CMakeTmp

Run Build Command(s):/usr/bin/make -f Makefile cmTC_7337f/fast && make  -f CMakeFiles/cmTC_7337f.dir/build.make CMakeFiles/cmTC_7337f.dir/build
make[1]: Entering directory '/home/kk-1988/work/cpp_test/cmake-3.20.2/CMakeFiles/CMakeTmp'
Building C object CMakeFiles/cmTC_7337f.dir/HAVE_IDN2_H.c.o
/usr/bin/gcc   -w  -std=gnu11 -o CMakeFiles/cmTC_7337f.dir/HAVE_IDN2_H.c.o -c /home/kk-1988/work/cpp_test/cmake-3.20.2/CMakeFiles/CheckIncludeFiles/HAVE_IDN2_H.c
/home/kk-1988/work/cpp_test/cmake-3.20.2/CMakeFiles/CheckIncludeFiles/HAVE_IDN2_H.c:23:10: fatal error: idn2.h: No such file or directory
   23 | #include <idn2.h>
      |          ^~~~~~~~
compilation terminated.
make[1]: *** [CMakeFiles/cmTC_7337f.dir/build.make:78: CMakeFiles/cmTC_7337f.dir/HAVE_IDN2_H.c.o] Error 1
make[1]: Leaving directory '/home/kk-1988/work/cpp_test/cmake-3.20.2/CMakeFiles/CMakeTmp'
make: *** [Makefile:127: cmTC_7337f/fast] Error 2


Source:
/* */
#include <stdio.h>
#include <inttypes.h>
#include <sys/ioctl.h>
#include <sys/param.h>
#include <sys/poll.h>
#include <sys/resource.h>
#include <sys/select.h>
#include <sys/socket.h>
#include <sys/stat.h>
#include <sys/time.h>
#include <sys/types.h>
#include <sys/uio.h>
#include <sys/un.h>
#include <sys/xattr.h>
#include <alloca.h>
#include <arpa/inet.h>
#include <arpa/tftp.h>
#include <assert.h>
#include <err.h>
#include <errno.h>
#include <fcntl.h>
#include <idn2.h>


int main(void){return 0;}

Determining if files stdio.h;inttypes.h;sys/ioctl.h;sys/param.h;sys/poll.h;sys/resource.h;sys/select.h;sys/socket.h;sys/stat.h;sys/time.h;sys/types.h;sys/uio.h;sys/un.h;sys/xattr.h;alloca.h;arpa/inet.h;arpa/tftp.h;assert.h;err.h;errno.h;fcntl.h;ifaddrs.h;io.h exist failed with the following output:
Change Dir: /home/kk-1988/work/cpp_test/cmake-3.20.2/CMakeFiles/CMakeTmp

Run Build Command(s):/usr/bin/make -f Makefile cmTC_70253/fast && make  -f CMakeFiles/cmTC_70253.dir/build.make CMakeFiles/cmTC_70253.dir/build
make[1]: Entering directory '/home/kk-1988/work/cpp_test/cmake-3.20.2/CMakeFiles/CMakeTmp'
Building C object CMakeFiles/cmTC_70253.dir/HAVE_IO_H.c.o
/usr/bin/gcc   -w  -std=gnu11 -o CMakeFiles/cmTC_70253.dir/HAVE_IO_H.c.o -c /home/kk-1988/work/cpp_test/cmake-3.20.2/CMakeFiles/CheckIncludeFiles/HAVE_IO_H.c
/home/kk-1988/work/cpp_test/cmake-3.20.2/CMakeFiles/CheckIncludeFiles/HAVE_IO_H.c:24:10: fatal error: io.h: No such file or directory
   24 | #include <io.h>
      |          ^~~~~~
compilation terminated.
make[1]: *** [CMakeFiles/cmTC_70253.dir/build.make:78: CMakeFiles/cmTC_70253.dir/HAVE_IO_H.c.o] Error 1
make[1]: Leaving directory '/home/kk-1988/work/cpp_test/cmake-3.20.2/CMakeFiles/CMakeTmp'
make: *** [Makefile:127: cmTC_70253/fast] Error 2


Source:
/* */
#include <stdio.h>
#include <inttypes.h>
#include <sys/ioctl.h>
#include <sys/param.h>
#include <sys/poll.h>
#include <sys/resource.h>
#include <sys/select.h>
#include <sys/socket.h>
#include <sys/stat.h>
#include <sys/time.h>
#include <sys/types.h>
#include <sys/uio.h>
#include <sys/un.h>
#include <sys/xattr.h>
#include <alloca.h>
#include <arpa/inet.h>
#include <arpa/tftp.h>
#include <assert.h>
#include <err.h>
#include <errno.h>
#include <fcntl.h>
#include <ifaddrs.h>
#include <io.h>


int main(void){return 0;}

Determining if files stdio.h;inttypes.h;sys/ioctl.h;sys/param.h;sys/poll.h;sys/resource.h;sys/select.h;sys/socket.h;sys/stat.h;sys/time.h;sys/types.h;sys/uio.h;sys/un.h;sys/xattr.h;alloca.h;arpa/inet.h;arpa/tftp.h;assert.h;err.h;errno.h;fcntl.h;ifaddrs.h;krb.h exist failed with the following output:
Change Dir: /home/kk-1988/work/cpp_test/cmake-3.20.2/CMakeFiles/CMakeTmp

Run Build Command(s):/usr/bin/make -f Makefile cmTC_6fffb/fast && make  -f CMakeFiles/cmTC_6fffb.dir/build.make CMakeFiles/cmTC_6fffb.dir/build
make[1]: Entering directory '/home/kk-1988/work/cpp_test/cmake-3.20.2/CMakeFiles/CMakeTmp'
Building C object CMakeFiles/cmTC_6fffb.dir/HAVE_KRB_H.c.o
/usr/bin/gcc   -w  -std=gnu11 -o CMakeFiles/cmTC_6fffb.dir/HAVE_KRB_H.c.o -c /home/kk-1988/work/cpp_test/cmake-3.20.2/CMakeFiles/CheckIncludeFiles/HAVE_KRB_H.c
/home/kk-1988/work/cpp_test/cmake-3.20.2/CMakeFiles/CheckIncludeFiles/HAVE_KRB_H.c:24:10: fatal error: krb.h: No such file or directory
   24 | #include <krb.h>
      |          ^~~~~~~
compilation terminated.
make[1]: *** [CMakeFiles/cmTC_6fffb.dir/build.make:78: CMakeFiles/cmTC_6fffb.dir/HAVE_KRB_H.c.o] Error 1
make[1]: Leaving directory '/home/kk-1988/work/cpp_test/cmake-3.20.2/CMakeFiles/CMakeTmp'
make: *** [Makefile:127: cmTC_6fffb/fast] Error 2


Source:
/* */
#include <stdio.h>
#include <inttypes.h>
#include <sys/ioctl.h>
#include <sys/param.h>
#include <sys/poll.h>
#include <sys/resource.h>
#include <sys/select.h>
#include <sys/socket.h>
#include <sys/stat.h>
#include <sys/time.h>
#include <sys/types.h>
#include <sys/uio.h>
#include <sys/un.h>
#include <sys/xattr.h>
#include <alloca.h>
#include <arpa/inet.h>
#include <arpa/tftp.h>
#include <assert.h>
#include <err.h>
#include <errno.h>
#include <fcntl.h>
#include <ifaddrs.h>
#include <krb.h>


int main(void){return 0;}

Determining if files stdio.h;inttypes.h;sys/ioctl.h;sys/param.h;sys/poll.h;sys/resource.h;sys/select.h;sys/socket.h;sys/stat.h;sys/time.h;sys/types.h;sys/uio.h;sys/un.h;sys/xattr.h;alloca.h;arpa/inet.h;arpa/tftp.h;assert.h;err.h;errno.h;fcntl.h;ifaddrs.h;libgen.h;locale.h;net/if.h;netdb.h;netinet/in.h;netinet/tcp.h;pem.h exist failed with the following output:
Change Dir: /home/kk-1988/work/cpp_test/cmake-3.20.2/CMakeFiles/CMakeTmp

Run Build Command(s):/usr/bin/make -f Makefile cmTC_80503/fast && make  -f CMakeFiles/cmTC_80503.dir/build.make CMakeFiles/cmTC_80503.dir/build
make[1]: Entering directory '/home/kk-1988/work/cpp_test/cmake-3.20.2/CMakeFiles/CMakeTmp'
Building C object CMakeFiles/cmTC_80503.dir/HAVE_PEM_H.c.o
/usr/bin/gcc   -w  -std=gnu11 -o CMakeFiles/cmTC_80503.dir/HAVE_PEM_H.c.o -c /home/kk-1988/work/cpp_test/cmake-3.20.2/CMakeFiles/CheckIncludeFiles/HAVE_PEM_H.c
/home/kk-1988/work/cpp_test/cmake-3.20.2/CMakeFiles/CheckIncludeFiles/HAVE_PEM_H.c:30:10: fatal error: pem.h: No such file or directory
   30 | #include <pem.h>
      |          ^~~~~~~
compilation terminated.
make[1]: *** [CMakeFiles/cmTC_80503.dir/build.make:78: CMakeFiles/cmTC_80503.dir/HAVE_PEM_H.c.o] Error 1
make[1]: Leaving directory '/home/kk-1988/work/cpp_test/cmake-3.20.2/CMakeFiles/CMakeTmp'
make: *** [Makefile:127: cmTC_80503/fast] Error 2


Source:
/* */
#include <stdio.h>
#include <inttypes.h>
#include <sys/ioctl.h>
#include <sys/param.h>
#include <sys/poll.h>
#include <sys/resource.h>
#include <sys/select.h>
#include <sys/socket.h>
#include <sys/stat.h>
#include <sys/time.h>
#include <sys/types.h>
#include <sys/uio.h>
#include <sys/un.h>
#include <sys/xattr.h>
#include <alloca.h>
#include <arpa/inet.h>
#include <arpa/tftp.h>
#include <assert.h>
#include <err.h>
#include <errno.h>
#include <fcntl.h>
#include <ifaddrs.h>
#include <libgen.h>
#include <locale.h>
#include <net/if.h>
#include <netdb.h>
#include <netinet/in.h>
#include <netinet/tcp.h>
#include <pem.h>


int main(void){return 0;}

Determining if files stdio.h;inttypes.h;sys/ioctl.h;sys/param.h;sys/poll.h;sys/resource.h;sys/select.h;sys/socket.h;sys/stat.h;sys/time.h;sys/types.h;sys/uio.h;sys/un.h;sys/xattr.h;alloca.h;arpa/inet.h;arpa/tftp.h;assert.h;err.h;errno.h;fcntl.h;ifaddrs.h;libgen.h;locale.h;net/if.h;netdb.h;netinet/in.h;netinet/tcp.h;poll.h;pwd.h;rsa.h exist failed with the following output:
Change Dir: /home/kk-1988/work/cpp_test/cmake-3.20.2/CMakeFiles/CMakeTmp

Run Build Command(s):/usr/bin/make -f Makefile cmTC_d1cf9/fast && make  -f CMakeFiles/cmTC_d1cf9.dir/build.make CMakeFiles/cmTC_d1cf9.dir/build
make[1]: Entering directory '/home/kk-1988/work/cpp_test/cmake-3.20.2/CMakeFiles/CMakeTmp'
Building C object CMakeFiles/cmTC_d1cf9.dir/HAVE_RSA_H.c.o
/usr/bin/gcc   -w  -std=gnu11 -o CMakeFiles/cmTC_d1cf9.dir/HAVE_RSA_H.c.o -c /home/kk-1988/work/cpp_test/cmake-3.20.2/CMakeFiles/CheckIncludeFiles/HAVE_RSA_H.c
/home/kk-1988/work/cpp_test/cmake-3.20.2/CMakeFiles/CheckIncludeFiles/HAVE_RSA_H.c:32:10: fatal error: rsa.h: No such file or directory
   32 | #include <rsa.h>
      |          ^~~~~~~
compilation terminated.
make[1]: *** [CMakeFiles/cmTC_d1cf9.dir/build.make:78: CMakeFiles/cmTC_d1cf9.dir/HAVE_RSA_H.c.o] Error 1
make[1]: Leaving directory '/home/kk-1988/work/cpp_test/cmake-3.20.2/CMakeFiles/CMakeTmp'
make: *** [Makefile:127: cmTC_d1cf9/fast] Error 2


Source:
/* */
#include <stdio.h>
#include <inttypes.h>
#include <sys/ioctl.h>
#include <sys/param.h>
#include <sys/poll.h>
#include <sys/resource.h>
#include <sys/select.h>
#include <sys/socket.h>
#include <sys/stat.h>
#include <sys/time.h>
#include <sys/types.h>
#include <sys/uio.h>
#include <sys/un.h>
#include <sys/xattr.h>
#include <alloca.h>
#include <arpa/inet.h>
#include <arpa/tftp.h>
#include <assert.h>
#include <err.h>
#include <errno.h>
#include <fcntl.h>
#include <ifaddrs.h>
#include <libgen.h>
#include <locale.h>
#include <net/if.h>
#include <netdb.h>
#include <netinet/in.h>
#include <netinet/tcp.h>
#include <poll.h>
#include <pwd.h>
#include <rsa.h>


int main(void){return 0;}

Determining if files stdio.h;inttypes.h;sys/ioctl.h;sys/param.h;sys/poll.h;sys/resource.h;sys/select.h;sys/socket.h;sys/stat.h;sys/time.h;sys/types.h;sys/uio.h;sys/un.h;sys/xattr.h;alloca.h;arpa/inet.h;arpa/tftp.h;assert.h;err.h;errno.h;fcntl.h;ifaddrs.h;libgen.h;locale.h;net/if.h;netdb.h;netinet/in.h;netinet/tcp.h;poll.h;pwd.h;setjmp.h;sgtty.h;signal.h;ssl.h exist failed with the following output:
Change Dir: /home/kk-1988/work/cpp_test/cmake-3.20.2/CMakeFiles/CMakeTmp

Run Build Command(s):/usr/bin/make -f Makefile cmTC_c92c3/fast && make  -f CMakeFiles/cmTC_c92c3.dir/build.make CMakeFiles/cmTC_c92c3.dir/build
make[1]: Entering directory '/home/kk-1988/work/cpp_test/cmake-3.20.2/CMakeFiles/CMakeTmp'
Building C object CMakeFiles/cmTC_c92c3.dir/HAVE_SSL_H.c.o
/usr/bin/gcc   -w  -std=gnu11 -o CMakeFiles/cmTC_c92c3.dir/HAVE_SSL_H.c.o -c /home/kk-1988/work/cpp_test/cmake-3.20.2/CMakeFiles/CheckIncludeFiles/HAVE_SSL_H.c
/home/kk-1988/work/cpp_test/cmake-3.20.2/CMakeFiles/CheckIncludeFiles/HAVE_SSL_H.c:35:10: fatal error: ssl.h: No such file or directory
   35 | #include <ssl.h>
      |          ^~~~~~~
compilation terminated.
make[1]: *** [CMakeFiles/cmTC_c92c3.dir/build.make:78: CMakeFiles/cmTC_c92c3.dir/HAVE_SSL_H.c.o] Error 1
make[1]: Leaving directory '/home/kk-1988/work/cpp_test/cmake-3.20.2/CMakeFiles/CMakeTmp'
make: *** [Makefile:127: cmTC_c92c3/fast] Error 2


Source:
/* */
#include <stdio.h>
#include <inttypes.h>
#include <sys/ioctl.h>
#include <sys/param.h>
#include <sys/poll.h>
#include <sys/resource.h>
#include <sys/select.h>
#include <sys/socket.h>
#include <sys/stat.h>
#include <sys/time.h>
#include <sys/types.h>
#include <sys/uio.h>
#include <sys/un.h>
#include <sys/xattr.h>
#include <alloca.h>
#include <arpa/inet.h>
#include <arpa/tftp.h>
#include <assert.h>
#include <err.h>
#include <errno.h>
#include <fcntl.h>
#include <ifaddrs.h>
#include <libgen.h>
#include <locale.h>
#include <net/if.h>
#include <netdb.h>
#include <netinet/in.h>
#include <netinet/tcp.h>
#include <poll.h>
#include <pwd.h>
#include <setjmp.h>
#include <sgtty.h>
#include <signal.h>
#include <ssl.h>


int main(void){return 0;}

Determining if files stdio.h;inttypes.h;sys/ioctl.h;sys/param.h;sys/poll.h;sys/resource.h;sys/select.h;sys/socket.h;sys/stat.h;sys/time.h;sys/types.h;sys/uio.h;sys/un.h;sys/xattr.h;alloca.h;arpa/inet.h;arpa/tftp.h;assert.h;err.h;errno.h;fcntl.h;ifaddrs.h;libgen.h;locale.h;net/if.h;netdb.h;netinet/in.h;netinet/tcp.h;poll.h;pwd.h;setjmp.h;sgtty.h;signal.h;stdbool.h;stdint.h;stdio.h;stdlib.h;string.h;strings.h;stropts.h;termio.h;termios.h;time.h;unistd.h;utime.h;x509.h exist failed with the following output:
Change Dir: /home/kk-1988/work/cpp_test/cmake-3.20.2/CMakeFiles/CMakeTmp

Run Build Command(s):/usr/bin/make -f Makefile cmTC_bce05/fast && make  -f CMakeFiles/cmTC_bce05.dir/build.make CMakeFiles/cmTC_bce05.dir/build
make[1]: Entering directory '/home/kk-1988/work/cpp_test/cmake-3.20.2/CMakeFiles/CMakeTmp'
Building C object CMakeFiles/cmTC_bce05.dir/HAVE_X509_H.c.o
/usr/bin/gcc   -w  -std=gnu11 -o CMakeFiles/cmTC_bce05.dir/HAVE_X509_H.c.o -c /home/kk-1988/work/cpp_test/cmake-3.20.2/CMakeFiles/CheckIncludeFiles/HAVE_X509_H.c
/home/kk-1988/work/cpp_test/cmake-3.20.2/CMakeFiles/CheckIncludeFiles/HAVE_X509_H.c:47:10: fatal error: x509.h: No such file or directory
   47 | #include <x509.h>
      |          ^~~~~~~~
compilation terminated.
make[1]: *** [CMakeFiles/cmTC_bce05.dir/build.make:78: CMakeFiles/cmTC_bce05.dir/HAVE_X509_H.c.o] Error 1
make[1]: Leaving directory '/home/kk-1988/work/cpp_test/cmake-3.20.2/CMakeFiles/CMakeTmp'
make: *** [Makefile:127: cmTC_bce05/fast] Error 2


Source:
/* */
#include <stdio.h>
#include <inttypes.h>
#include <sys/ioctl.h>
#include <sys/param.h>
#include <sys/poll.h>
#include <sys/resource.h>
#include <sys/select.h>
#include <sys/socket.h>
#include <sys/stat.h>
#include <sys/time.h>
#include <sys/types.h>
#include <sys/uio.h>
#include <sys/un.h>
#include <sys/xattr.h>
#include <alloca.h>
#include <arpa/inet.h>
#include <arpa/tftp.h>
#include <assert.h>
#include <err.h>
#include <errno.h>
#include <fcntl.h>
#include <ifaddrs.h>
#include <libgen.h>
#include <locale.h>
#include <net/if.h>
#include <netdb.h>
#include <netinet/in.h>
#include <netinet/tcp.h>
#include <poll.h>
#include <pwd.h>
#include <setjmp.h>
#include <sgtty.h>
#include <signal.h>
#include <stdbool.h>
#include <stdint.h>
#include <stdio.h>
#include <stdlib.h>
#include <string.h>
#include <strings.h>
#include <stropts.h>
#include <termio.h>
#include <termios.h>
#include <time.h>
#include <unistd.h>
#include <utime.h>
#include <x509.h>


int main(void){return 0;}

Determining if files stdio.h;inttypes.h;sys/ioctl.h;sys/param.h;sys/poll.h;sys/resource.h;sys/select.h;sys/socket.h;sys/stat.h;sys/time.h;sys/types.h;sys/uio.h;sys/un.h;sys/xattr.h;alloca.h;arpa/inet.h;arpa/tftp.h;assert.h;err.h;errno.h;fcntl.h;ifaddrs.h;libgen.h;locale.h;net/if.h;netdb.h;netinet/in.h;netinet/tcp.h;poll.h;pwd.h;setjmp.h;sgtty.h;signal.h;stdbool.h;stdint.h;stdio.h;stdlib.h;string.h;strings.h;stropts.h;termio.h;termios.h;time.h;unistd.h;utime.h;process.h exist failed with the following output:
Change Dir: /home/kk-1988/work/cpp_test/cmake-3.20.2/CMakeFiles/CMakeTmp

Run Build Command(s):/usr/bin/make -f Makefile cmTC_aa68c/fast && make  -f CMakeFiles/cmTC_aa68c.dir/build.make CMakeFiles/cmTC_aa68c.dir/build
make[1]: Entering directory '/home/kk-1988/work/cpp_test/cmake-3.20.2/CMakeFiles/CMakeTmp'
Building C object CMakeFiles/cmTC_aa68c.dir/HAVE_PROCESS_H.c.o
/usr/bin/gcc   -w  -std=gnu11 -o CMakeFiles/cmTC_aa68c.dir/HAVE_PROCESS_H.c.o -c /home/kk-1988/work/cpp_test/cmake-3.20.2/CMakeFiles/CheckIncludeFiles/HAVE_PROCESS_H.c
/home/kk-1988/work/cpp_test/cmake-3.20.2/CMakeFiles/CheckIncludeFiles/HAVE_PROCESS_H.c:47:10: fatal error: process.h: No such file or directory
   47 | #include <process.h>
      |          ^~~~~~~~~~~
compilation terminated.
make[1]: *** [CMakeFiles/cmTC_aa68c.dir/build.make:78: CMakeFiles/cmTC_aa68c.dir/HAVE_PROCESS_H.c.o] Error 1
make[1]: Leaving directory '/home/kk-1988/work/cpp_test/cmake-3.20.2/CMakeFiles/CMakeTmp'
make: *** [Makefile:127: cmTC_aa68c/fast] Error 2


Source:
/* */
#include <stdio.h>
#include <inttypes.h>
#include <sys/ioctl.h>
#include <sys/param.h>
#include <sys/poll.h>
#include <sys/resource.h>
#include <sys/select.h>
#include <sys/socket.h>
#include <sys/stat.h>
#include <sys/time.h>
#include <sys/types.h>
#include <sys/uio.h>
#include <sys/un.h>
#include <sys/xattr.h>
#include <alloca.h>
#include <arpa/inet.h>
#include <arpa/tftp.h>
#include <assert.h>
#include <err.h>
#include <errno.h>
#include <fcntl.h>
#include <ifaddrs.h>
#include <libgen.h>
#include <locale.h>
#include <net/if.h>
#include <netdb.h>
#include <netinet/in.h>
#include <netinet/tcp.h>
#include <poll.h>
#include <pwd.h>
#include <setjmp.h>
#include <sgtty.h>
#include <signal.h>
#include <stdbool.h>
#include <stdint.h>
#include <stdio.h>
#include <stdlib.h>
#include <string.h>
#include <strings.h>
#include <stropts.h>
#include <termio.h>
#include <termios.h>
#include <time.h>
#include <unistd.h>
#include <utime.h>
#include <process.h>


int main(void){return 0;}

Determining if files stdio.h;inttypes.h;sys/ioctl.h;sys/param.h;sys/poll.h;sys/resource.h;sys/select.h;sys/socket.h;sys/stat.h;sys/time.h;sys/types.h;sys/uio.h;sys/un.h;sys/xattr.h;alloca.h;arpa/inet.h;arpa/tftp.h;assert.h;err.h;errno.h;fcntl.h;ifaddrs.h;libgen.h;locale.h;net/if.h;netdb.h;netinet/in.h;netinet/tcp.h;poll.h;pwd.h;setjmp.h;sgtty.h;signal.h;stdbool.h;stdint.h;stdio.h;stdlib.h;string.h;strings.h;stropts.h;termio.h;termios.h;time.h;unistd.h;utime.h;stddef.h;dlfcn.h;malloc.h;memory.h;netinet/if_ether.h;stdint.h;sockio.h exist failed with the following output:
Change Dir: /home/kk-1988/work/cpp_test/cmake-3.20.2/CMakeFiles/CMakeTmp

Run Build Command(s):/usr/bin/make -f Makefile cmTC_2af09/fast && make  -f CMakeFiles/cmTC_2af09.dir/build.make CMakeFiles/cmTC_2af09.dir/build
make[1]: Entering directory '/home/kk-1988/work/cpp_test/cmake-3.20.2/CMakeFiles/CMakeTmp'
Building C object CMakeFiles/cmTC_2af09.dir/HAVE_SOCKIO_H.c.o
/usr/bin/gcc   -w  -std=gnu11 -o CMakeFiles/cmTC_2af09.dir/HAVE_SOCKIO_H.c.o -c /home/kk-1988/work/cpp_test/cmake-3.20.2/CMakeFiles/CheckIncludeFiles/HAVE_SOCKIO_H.c
/home/kk-1988/work/cpp_test/cmake-3.20.2/CMakeFiles/CheckIncludeFiles/HAVE_SOCKIO_H.c:53:10: fatal error: sockio.h: No such file or directory
   53 | #include <sockio.h>
      |          ^~~~~~~~~~
compilation terminated.
make[1]: *** [CMakeFiles/cmTC_2af09.dir/build.make:78: CMakeFiles/cmTC_2af09.dir/HAVE_SOCKIO_H.c.o] Error 1
make[1]: Leaving directory '/home/kk-1988/work/cpp_test/cmake-3.20.2/CMakeFiles/CMakeTmp'
make: *** [Makefile:127: cmTC_2af09/fast] Error 2


Source:
/* */
#include <stdio.h>
#include <inttypes.h>
#include <sys/ioctl.h>
#include <sys/param.h>
#include <sys/poll.h>
#include <sys/resource.h>
#include <sys/select.h>
#include <sys/socket.h>
#include <sys/stat.h>
#include <sys/time.h>
#include <sys/types.h>
#include <sys/uio.h>
#include <sys/un.h>
#include <sys/xattr.h>
#include <alloca.h>
#include <arpa/inet.h>
#include <arpa/tftp.h>
#include <assert.h>
#include <err.h>
#include <errno.h>
#include <fcntl.h>
#include <ifaddrs.h>
#include <libgen.h>
#include <locale.h>
#include <net/if.h>
#include <netdb.h>
#include <netinet/in.h>
#include <netinet/tcp.h>
#include <poll.h>
#include <pwd.h>
#include <setjmp.h>
#include <sgtty.h>
#include <signal.h>
#include <stdbool.h>
#include <stdint.h>
#include <stdio.h>
#include <stdlib.h>
#include <string.h>
#include <strings.h>
#include <stropts.h>
#include <termio.h>
#include <termios.h>
#include <time.h>
#include <unistd.h>
#include <utime.h>
#include <stddef.h>
#include <dlfcn.h>
#include <malloc.h>
#include <memory.h>
#include <netinet/if_ether.h>
#include <stdint.h>
#include <sockio.h>


int main(void){return 0;}

Determining if the stricmp exist failed with the following output:
Change Dir: /home/kk-1988/work/cpp_test/cmake-3.20.2/CMakeFiles/CMakeTmp

Run Build Command(s):/usr/bin/make -f Makefile cmTC_f1b07/fast && make  -f CMakeFiles/cmTC_f1b07.dir/build.make CMakeFiles/cmTC_f1b07.dir/build
make[1]: Entering directory '/home/kk-1988/work/cpp_test/cmake-3.20.2/CMakeFiles/CMakeTmp'
Building C object CMakeFiles/cmTC_f1b07.dir/CheckSymbolExists.c.o
/usr/bin/gcc   -w  -std=gnu11 -o CMakeFiles/cmTC_f1b07.dir/CheckSymbolExists.c.o -c /home/kk-1988/work/cpp_test/cmake-3.20.2/CMakeFiles/CMakeTmp/CheckSymbolExists.c
/home/kk-1988/work/cpp_test/cmake-3.20.2/CMakeFiles/CMakeTmp/CheckSymbolExists.c: In function ‘main’:
/home/kk-1988/work/cpp_test/cmake-3.20.2/CMakeFiles/CMakeTmp/CheckSymbolExists.c:59:19: error: ‘stricmp’ undeclared (first use in this function); did you mean ‘strncmp’?
   59 |   return ((int*)(&stricmp))[argc];
      |                   ^~~~~~~
      |                   strncmp
/home/kk-1988/work/cpp_test/cmake-3.20.2/CMakeFiles/CMakeTmp/CheckSymbolExists.c:59:19: note: each undeclared identifier is reported only once for each function it appears in
make[1]: *** [CMakeFiles/cmTC_f1b07.dir/build.make:78: CMakeFiles/cmTC_f1b07.dir/CheckSymbolExists.c.o] Error 1
make[1]: Leaving directory '/home/kk-1988/work/cpp_test/cmake-3.20.2/CMakeFiles/CMakeTmp'
make: *** [Makefile:127: cmTC_f1b07/fast] Error 2


File /home/kk-1988/work/cpp_test/cmake-3.20.2/CMakeFiles/CMakeTmp/CheckSymbolExists.c:
/* */
#include <stdio.h>
#include <inttypes.h>
#include <sys/ioctl.h>
#include <sys/param.h>
#include <sys/poll.h>
#include <sys/resource.h>
#include <sys/select.h>
#include <sys/socket.h>
#include <sys/stat.h>
#include <sys/time.h>
#include <sys/types.h>
#include <sys/uio.h>
#include <sys/un.h>
#include <sys/xattr.h>
#include <alloca.h>
#include <arpa/inet.h>
#include <arpa/tftp.h>
#include <assert.h>
#include <err.h>
#include <errno.h>
#include <fcntl.h>
#include <ifaddrs.h>
#include <libgen.h>
#include <locale.h>
#include <net/if.h>
#include <netdb.h>
#include <netinet/in.h>
#include <netinet/tcp.h>
#include <poll.h>
#include <pwd.h>
#include <setjmp.h>
#include <sgtty.h>
#include <signal.h>
#include <stdbool.h>
#include <stdint.h>
#include <stdio.h>
#include <stdlib.h>
#include <string.h>
#include <strings.h>
#include <stropts.h>
#include <termio.h>
#include <termios.h>
#include <time.h>
#include <unistd.h>
#include <utime.h>
#include <stddef.h>
#include <dlfcn.h>
#include <malloc.h>
#include <memory.h>
#include <netinet/if_ether.h>
#include <stdint.h>
#include <sys/utsname.h>

int main(int argc, char** argv)
{
  (void)argv;
#ifndef stricmp
  return ((int*)(&stricmp))[argc];
#else
  (void)argc;
  return 0;
#endif
}
Determining if the strcmpi exist failed with the following output:
Change Dir: /home/kk-1988/work/cpp_test/cmake-3.20.2/CMakeFiles/CMakeTmp

Run Build Command(s):/usr/bin/make -f Makefile cmTC_4757c/fast && make  -f CMakeFiles/cmTC_4757c.dir/build.make CMakeFiles/cmTC_4757c.dir/build
make[1]: Entering directory '/home/kk-1988/work/cpp_test/cmake-3.20.2/CMakeFiles/CMakeTmp'
Building C object CMakeFiles/cmTC_4757c.dir/CheckSymbolExists.c.o
/usr/bin/gcc   -w  -std=gnu11 -o CMakeFiles/cmTC_4757c.dir/CheckSymbolExists.c.o -c /home/kk-1988/work/cpp_test/cmake-3.20.2/CMakeFiles/CMakeTmp/CheckSymbolExists.c
/home/kk-1988/work/cpp_test/cmake-3.20.2/CMakeFiles/CMakeTmp/CheckSymbolExists.c: In function ‘main’:
/home/kk-1988/work/cpp_test/cmake-3.20.2/CMakeFiles/CMakeTmp/CheckSymbolExists.c:59:19: error: ‘strcmpi’ undeclared (first use in this function); did you mean ‘strcmp’?
   59 |   return ((int*)(&strcmpi))[argc];
      |                   ^~~~~~~
      |                   strcmp
/home/kk-1988/work/cpp_test/cmake-3.20.2/CMakeFiles/CMakeTmp/CheckSymbolExists.c:59:19: note: each undeclared identifier is reported only once for each function it appears in
make[1]: *** [CMakeFiles/cmTC_4757c.dir/build.make:78: CMakeFiles/cmTC_4757c.dir/CheckSymbolExists.c.o] Error 1
make[1]: Leaving directory '/home/kk-1988/work/cpp_test/cmake-3.20.2/CMakeFiles/CMakeTmp'
make: *** [Makefile:127: cmTC_4757c/fast] Error 2


File /home/kk-1988/work/cpp_test/cmake-3.20.2/CMakeFiles/CMakeTmp/CheckSymbolExists.c:
/* */
#include <stdio.h>
#include <inttypes.h>
#include <sys/ioctl.h>
#include <sys/param.h>
#include <sys/poll.h>
#include <sys/resource.h>
#include <sys/select.h>
#include <sys/socket.h>
#include <sys/stat.h>
#include <sys/time.h>
#include <sys/types.h>
#include <sys/uio.h>
#include <sys/un.h>
#include <sys/xattr.h>
#include <alloca.h>
#include <arpa/inet.h>
#include <arpa/tftp.h>
#include <assert.h>
#include <err.h>
#include <errno.h>
#include <fcntl.h>
#include <ifaddrs.h>
#include <libgen.h>
#include <locale.h>
#include <net/if.h>
#include <netdb.h>
#include <netinet/in.h>
#include <netinet/tcp.h>
#include <poll.h>
#include <pwd.h>
#include <setjmp.h>
#include <sgtty.h>
#include <signal.h>
#include <stdbool.h>
#include <stdint.h>
#include <stdio.h>
#include <stdlib.h>
#include <string.h>
#include <strings.h>
#include <stropts.h>
#include <termio.h>
#include <termios.h>
#include <time.h>
#include <unistd.h>
#include <utime.h>
#include <stddef.h>
#include <dlfcn.h>
#include <malloc.h>
#include <memory.h>
#include <netinet/if_ether.h>
#include <stdint.h>
#include <sys/utsname.h>

int main(int argc, char** argv)
{
  (void)argv;
#ifndef strcmpi
  return ((int*)(&strcmpi))[argc];
#else
  (void)argc;
  return 0;
#endif
}
Determining if the strncmpi exist failed with the following output:
Change Dir: /home/kk-1988/work/cpp_test/cmake-3.20.2/CMakeFiles/CMakeTmp

Run Build Command(s):/usr/bin/make -f Makefile cmTC_e5fef/fast && make  -f CMakeFiles/cmTC_e5fef.dir/build.make CMakeFiles/cmTC_e5fef.dir/build
make[1]: Entering directory '/home/kk-1988/work/cpp_test/cmake-3.20.2/CMakeFiles/CMakeTmp'
Building C object CMakeFiles/cmTC_e5fef.dir/CheckSymbolExists.c.o
/usr/bin/gcc   -w  -std=gnu11 -o CMakeFiles/cmTC_e5fef.dir/CheckSymbolExists.c.o -c /home/kk-1988/work/cpp_test/cmake-3.20.2/CMakeFiles/CMakeTmp/CheckSymbolExists.c
/home/kk-1988/work/cpp_test/cmake-3.20.2/CMakeFiles/CMakeTmp/CheckSymbolExists.c: In function ‘main’:
/home/kk-1988/work/cpp_test/cmake-3.20.2/CMakeFiles/CMakeTmp/CheckSymbolExists.c:59:19: error: ‘strncmpi’ undeclared (first use in this function); did you mean ‘strncmp’?
   59 |   return ((int*)(&strncmpi))[argc];
      |                   ^~~~~~~~
      |                   strncmp
/home/kk-1988/work/cpp_test/cmake-3.20.2/CMakeFiles/CMakeTmp/CheckSymbolExists.c:59:19: note: each undeclared identifier is reported only once for each function it appears in
make[1]: *** [CMakeFiles/cmTC_e5fef.dir/build.make:78: CMakeFiles/cmTC_e5fef.dir/CheckSymbolExists.c.o] Error 1
make[1]: Leaving directory '/home/kk-1988/work/cpp_test/cmake-3.20.2/CMakeFiles/CMakeTmp'
make: *** [Makefile:127: cmTC_e5fef/fast] Error 2


File /home/kk-1988/work/cpp_test/cmake-3.20.2/CMakeFiles/CMakeTmp/CheckSymbolExists.c:
/* */
#include <stdio.h>
#include <inttypes.h>
#include <sys/ioctl.h>
#include <sys/param.h>
#include <sys/poll.h>
#include <sys/resource.h>
#include <sys/select.h>
#include <sys/socket.h>
#include <sys/stat.h>
#include <sys/time.h>
#include <sys/types.h>
#include <sys/uio.h>
#include <sys/un.h>
#include <sys/xattr.h>
#include <alloca.h>
#include <arpa/inet.h>
#include <arpa/tftp.h>
#include <assert.h>
#include <err.h>
#include <errno.h>
#include <fcntl.h>
#include <ifaddrs.h>
#include <libgen.h>
#include <locale.h>
#include <net/if.h>
#include <netdb.h>
#include <netinet/in.h>
#include <netinet/tcp.h>
#include <poll.h>
#include <pwd.h>
#include <setjmp.h>
#include <sgtty.h>
#include <signal.h>
#include <stdbool.h>
#include <stdint.h>
#include <stdio.h>
#include <stdlib.h>
#include <string.h>
#include <strings.h>
#include <stropts.h>
#include <termio.h>
#include <termios.h>
#include <time.h>
#include <unistd.h>
#include <utime.h>
#include <stddef.h>
#include <dlfcn.h>
#include <malloc.h>
#include <memory.h>
#include <netinet/if_ether.h>
#include <stdint.h>
#include <sys/utsname.h>

int main(int argc, char** argv)
{
  (void)argv;
#ifndef strncmpi
  return ((int*)(&strncmpi))[argc];
#else
  (void)argc;
  return 0;
#endif
}
Determining if the inet_ntoa_r exist failed with the following output:
Change Dir: /home/kk-1988/work/cpp_test/cmake-3.20.2/CMakeFiles/CMakeTmp

Run Build Command(s):/usr/bin/make -f Makefile cmTC_df191/fast && make  -f CMakeFiles/cmTC_df191.dir/build.make CMakeFiles/cmTC_df191.dir/build
make[1]: Entering directory '/home/kk-1988/work/cpp_test/cmake-3.20.2/CMakeFiles/CMakeTmp'
Building C object CMakeFiles/cmTC_df191.dir/CheckSymbolExists.c.o
/usr/bin/gcc   -w  -std=gnu11 -o CMakeFiles/cmTC_df191.dir/CheckSymbolExists.c.o -c /home/kk-1988/work/cpp_test/cmake-3.20.2/CMakeFiles/CMakeTmp/CheckSymbolExists.c
/home/kk-1988/work/cpp_test/cmake-3.20.2/CMakeFiles/CMakeTmp/CheckSymbolExists.c: In function ‘main’:
/home/kk-1988/work/cpp_test/cmake-3.20.2/CMakeFiles/CMakeTmp/CheckSymbolExists.c:59:19: error: ‘inet_ntoa_r’ undeclared (first use in this function); did you mean ‘inet_ntoa’?
   59 |   return ((int*)(&inet_ntoa_r))[argc];
      |                   ^~~~~~~~~~~
      |                   inet_ntoa
/home/kk-1988/work/cpp_test/cmake-3.20.2/CMakeFiles/CMakeTmp/CheckSymbolExists.c:59:19: note: each undeclared identifier is reported only once for each function it appears in
make[1]: *** [CMakeFiles/cmTC_df191.dir/build.make:78: CMakeFiles/cmTC_df191.dir/CheckSymbolExists.c.o] Error 1
make[1]: Leaving directory '/home/kk-1988/work/cpp_test/cmake-3.20.2/CMakeFiles/CMakeTmp'
make: *** [Makefile:127: cmTC_df191/fast] Error 2


File /home/kk-1988/work/cpp_test/cmake-3.20.2/CMakeFiles/CMakeTmp/CheckSymbolExists.c:
/* */
#include <stdio.h>
#include <inttypes.h>
#include <sys/ioctl.h>
#include <sys/param.h>
#include <sys/poll.h>
#include <sys/resource.h>
#include <sys/select.h>
#include <sys/socket.h>
#include <sys/stat.h>
#include <sys/time.h>
#include <sys/types.h>
#include <sys/uio.h>
#include <sys/un.h>
#include <sys/xattr.h>
#include <alloca.h>
#include <arpa/inet.h>
#include <arpa/tftp.h>
#include <assert.h>
#include <err.h>
#include <errno.h>
#include <fcntl.h>
#include <ifaddrs.h>
#include <libgen.h>
#include <locale.h>
#include <net/if.h>
#include <netdb.h>
#include <netinet/in.h>
#include <netinet/tcp.h>
#include <poll.h>
#include <pwd.h>
#include <setjmp.h>
#include <sgtty.h>
#include <signal.h>
#include <stdbool.h>
#include <stdint.h>
#include <stdio.h>
#include <stdlib.h>
#include <string.h>
#include <strings.h>
#include <stropts.h>
#include <termio.h>
#include <termios.h>
#include <time.h>
#include <unistd.h>
#include <utime.h>
#include <stddef.h>
#include <dlfcn.h>
#include <malloc.h>
#include <memory.h>
#include <netinet/if_ether.h>
#include <stdint.h>
#include <sys/utsname.h>

int main(int argc, char** argv)
{
  (void)argv;
#ifndef inet_ntoa_r
  return ((int*)(&inet_ntoa_r))[argc];
#else
  (void)argc;
  return 0;
#endif
}
Determining if the closesocket exist failed with the following output:
Change Dir: /home/kk-1988/work/cpp_test/cmake-3.20.2/CMakeFiles/CMakeTmp

Run Build Command(s):/usr/bin/make -f Makefile cmTC_4ec1f/fast && make  -f CMakeFiles/cmTC_4ec1f.dir/build.make CMakeFiles/cmTC_4ec1f.dir/build
make[1]: Entering directory '/home/kk-1988/work/cpp_test/cmake-3.20.2/CMakeFiles/CMakeTmp'
Building C object CMakeFiles/cmTC_4ec1f.dir/CheckSymbolExists.c.o
/usr/bin/gcc   -w  -std=gnu11 -o CMakeFiles/cmTC_4ec1f.dir/CheckSymbolExists.c.o -c /home/kk-1988/work/cpp_test/cmake-3.20.2/CMakeFiles/CMakeTmp/CheckSymbolExists.c
/home/kk-1988/work/cpp_test/cmake-3.20.2/CMakeFiles/CMakeTmp/CheckSymbolExists.c: In function ‘main’:
/home/kk-1988/work/cpp_test/cmake-3.20.2/CMakeFiles/CMakeTmp/CheckSymbolExists.c:59:19: error: ‘closesocket’ undeclared (first use in this function)
   59 |   return ((int*)(&closesocket))[argc];
      |                   ^~~~~~~~~~~
/home/kk-1988/work/cpp_test/cmake-3.20.2/CMakeFiles/CMakeTmp/CheckSymbolExists.c:59:19: note: each undeclared identifier is reported only once for each function it appears in
make[1]: *** [CMakeFiles/cmTC_4ec1f.dir/build.make:78: CMakeFiles/cmTC_4ec1f.dir/CheckSymbolExists.c.o] Error 1
make[1]: Leaving directory '/home/kk-1988/work/cpp_test/cmake-3.20.2/CMakeFiles/CMakeTmp'
make: *** [Makefile:127: cmTC_4ec1f/fast] Error 2


File /home/kk-1988/work/cpp_test/cmake-3.20.2/CMakeFiles/CMakeTmp/CheckSymbolExists.c:
/* */
#include <stdio.h>
#include <inttypes.h>
#include <sys/ioctl.h>
#include <sys/param.h>
#include <sys/poll.h>
#include <sys/resource.h>
#include <sys/select.h>
#include <sys/socket.h>
#include <sys/stat.h>
#include <sys/time.h>
#include <sys/types.h>
#include <sys/uio.h>
#include <sys/un.h>
#include <sys/xattr.h>
#include <alloca.h>
#include <arpa/inet.h>
#include <arpa/tftp.h>
#include <assert.h>
#include <err.h>
#include <errno.h>
#include <fcntl.h>
#include <ifaddrs.h>
#include <libgen.h>
#include <locale.h>
#include <net/if.h>
#include <netdb.h>
#include <netinet/in.h>
#include <netinet/tcp.h>
#include <poll.h>
#include <pwd.h>
#include <setjmp.h>
#include <sgtty.h>
#include <signal.h>
#include <stdbool.h>
#include <stdint.h>
#include <stdio.h>
#include <stdlib.h>
#include <string.h>
#include <strings.h>
#include <stropts.h>
#include <termio.h>
#include <termios.h>
#include <time.h>
#include <unistd.h>
#include <utime.h>
#include <stddef.h>
#include <dlfcn.h>
#include <malloc.h>
#include <memory.h>
#include <netinet/if_ether.h>
#include <stdint.h>
#include <sys/utsname.h>

int main(int argc, char** argv)
{
  (void)argv;
#ifndef closesocket
  return ((int*)(&closesocket))[argc];
#else
  (void)argc;
  return 0;
#endif
}
Determining if the getpass_r exist failed with the following output:
Change Dir: /home/kk-1988/work/cpp_test/cmake-3.20.2/CMakeFiles/CMakeTmp

Run Build Command(s):/usr/bin/make -f Makefile cmTC_d15b0/fast && make  -f CMakeFiles/cmTC_d15b0.dir/build.make CMakeFiles/cmTC_d15b0.dir/build
make[1]: Entering directory '/home/kk-1988/work/cpp_test/cmake-3.20.2/CMakeFiles/CMakeTmp'
Building C object CMakeFiles/cmTC_d15b0.dir/CheckSymbolExists.c.o
/usr/bin/gcc   -w  -std=gnu11 -o CMakeFiles/cmTC_d15b0.dir/CheckSymbolExists.c.o -c /home/kk-1988/work/cpp_test/cmake-3.20.2/CMakeFiles/CMakeTmp/CheckSymbolExists.c
/home/kk-1988/work/cpp_test/cmake-3.20.2/CMakeFiles/CMakeTmp/CheckSymbolExists.c: In function ‘main’:
/home/kk-1988/work/cpp_test/cmake-3.20.2/CMakeFiles/CMakeTmp/CheckSymbolExists.c:59:19: error: ‘getpass_r’ undeclared (first use in this function); did you mean ‘getpass’?
   59 |   return ((int*)(&getpass_r))[argc];
      |                   ^~~~~~~~~
      |                   getpass
/home/kk-1988/work/cpp_test/cmake-3.20.2/CMakeFiles/CMakeTmp/CheckSymbolExists.c:59:19: note: each undeclared identifier is reported only once for each function it appears in
make[1]: *** [CMakeFiles/cmTC_d15b0.dir/build.make:78: CMakeFiles/cmTC_d15b0.dir/CheckSymbolExists.c.o] Error 1
make[1]: Leaving directory '/home/kk-1988/work/cpp_test/cmake-3.20.2/CMakeFiles/CMakeTmp'
make: *** [Makefile:127: cmTC_d15b0/fast] Error 2


File /home/kk-1988/work/cpp_test/cmake-3.20.2/CMakeFiles/CMakeTmp/CheckSymbolExists.c:
/* */
#include <stdio.h>
#include <inttypes.h>
#include <sys/ioctl.h>
#include <sys/param.h>
#include <sys/poll.h>
#include <sys/resource.h>
#include <sys/select.h>
#include <sys/socket.h>
#include <sys/stat.h>
#include <sys/time.h>
#include <sys/types.h>
#include <sys/uio.h>
#include <sys/un.h>
#include <sys/xattr.h>
#include <alloca.h>
#include <arpa/inet.h>
#include <arpa/tftp.h>
#include <assert.h>
#include <err.h>
#include <errno.h>
#include <fcntl.h>
#include <ifaddrs.h>
#include <libgen.h>
#include <locale.h>
#include <net/if.h>
#include <netdb.h>
#include <netinet/in.h>
#include <netinet/tcp.h>
#include <poll.h>
#include <pwd.h>
#include <setjmp.h>
#include <sgtty.h>
#include <signal.h>
#include <stdbool.h>
#include <stdint.h>
#include <stdio.h>
#include <stdlib.h>
#include <string.h>
#include <strings.h>
#include <stropts.h>
#include <termio.h>
#include <termios.h>
#include <time.h>
#include <unistd.h>
#include <utime.h>
#include <stddef.h>
#include <dlfcn.h>
#include <malloc.h>
#include <memory.h>
#include <netinet/if_ether.h>
#include <stdint.h>
#include <sys/utsname.h>

int main(int argc, char** argv)
{
  (void)argv;
#ifndef getpass_r
  return ((int*)(&getpass_r))[argc];
#else
  (void)argc;
  return 0;
#endif
}
Determining if the strlcat exist failed with the following output:
Change Dir: /home/kk-1988/work/cpp_test/cmake-3.20.2/CMakeFiles/CMakeTmp

Run Build Command(s):/usr/bin/make -f Makefile cmTC_2db61/fast && make  -f CMakeFiles/cmTC_2db61.dir/build.make CMakeFiles/cmTC_2db61.dir/build
make[1]: Entering directory '/home/kk-1988/work/cpp_test/cmake-3.20.2/CMakeFiles/CMakeTmp'
Building C object CMakeFiles/cmTC_2db61.dir/CheckSymbolExists.c.o
/usr/bin/gcc   -w  -std=gnu11 -o CMakeFiles/cmTC_2db61.dir/CheckSymbolExists.c.o -c /home/kk-1988/work/cpp_test/cmake-3.20.2/CMakeFiles/CMakeTmp/CheckSymbolExists.c
/home/kk-1988/work/cpp_test/cmake-3.20.2/CMakeFiles/CMakeTmp/CheckSymbolExists.c: In function ‘main’:
/home/kk-1988/work/cpp_test/cmake-3.20.2/CMakeFiles/CMakeTmp/CheckSymbolExists.c:59:19: error: ‘strlcat’ undeclared (first use in this function); did you mean ‘strncat’?
   59 |   return ((int*)(&strlcat))[argc];
      |                   ^~~~~~~
      |                   strncat
/home/kk-1988/work/cpp_test/cmake-3.20.2/CMakeFiles/CMakeTmp/CheckSymbolExists.c:59:19: note: each undeclared identifier is reported only once for each function it appears in
make[1]: *** [CMakeFiles/cmTC_2db61.dir/build.make:78: CMakeFiles/cmTC_2db61.dir/CheckSymbolExists.c.o] Error 1
make[1]: Leaving directory '/home/kk-1988/work/cpp_test/cmake-3.20.2/CMakeFiles/CMakeTmp'
make: *** [Makefile:127: cmTC_2db61/fast] Error 2


File /home/kk-1988/work/cpp_test/cmake-3.20.2/CMakeFiles/CMakeTmp/CheckSymbolExists.c:
/* */
#include <stdio.h>
#include <inttypes.h>
#include <sys/ioctl.h>
#include <sys/param.h>
#include <sys/poll.h>
#include <sys/resource.h>
#include <sys/select.h>
#include <sys/socket.h>
#include <sys/stat.h>
#include <sys/time.h>
#include <sys/types.h>
#include <sys/uio.h>
#include <sys/un.h>
#include <sys/xattr.h>
#include <alloca.h>
#include <arpa/inet.h>
#include <arpa/tftp.h>
#include <assert.h>
#include <err.h>
#include <errno.h>
#include <fcntl.h>
#include <ifaddrs.h>
#include <libgen.h>
#include <locale.h>
#include <net/if.h>
#include <netdb.h>
#include <netinet/in.h>
#include <netinet/tcp.h>
#include <poll.h>
#include <pwd.h>
#include <setjmp.h>
#include <sgtty.h>
#include <signal.h>
#include <stdbool.h>
#include <stdint.h>
#include <stdio.h>
#include <stdlib.h>
#include <string.h>
#include <strings.h>
#include <stropts.h>
#include <termio.h>
#include <termios.h>
#include <time.h>
#include <unistd.h>
#include <utime.h>
#include <stddef.h>
#include <dlfcn.h>
#include <malloc.h>
#include <memory.h>
#include <netinet/if_ether.h>
#include <stdint.h>
#include <sys/utsname.h>

int main(int argc, char** argv)
{
  (void)argv;
#ifndef strlcat
  return ((int*)(&strlcat))[argc];
#else
  (void)argc;
  return 0;
#endif
}
Determining if the _strtoi64 exist failed with the following output:
Change Dir: /home/kk-1988/work/cpp_test/cmake-3.20.2/CMakeFiles/CMakeTmp

Run Build Command(s):/usr/bin/make -f Makefile cmTC_1c8f4/fast && make  -f CMakeFiles/cmTC_1c8f4.dir/build.make CMakeFiles/cmTC_1c8f4.dir/build
make[1]: Entering directory '/home/kk-1988/work/cpp_test/cmake-3.20.2/CMakeFiles/CMakeTmp'
Building C object CMakeFiles/cmTC_1c8f4.dir/CheckSymbolExists.c.o
/usr/bin/gcc   -w  -std=gnu11 -o CMakeFiles/cmTC_1c8f4.dir/CheckSymbolExists.c.o -c /home/kk-1988/work/cpp_test/cmake-3.20.2/CMakeFiles/CMakeTmp/CheckSymbolExists.c
/home/kk-1988/work/cpp_test/cmake-3.20.2/CMakeFiles/CMakeTmp/CheckSymbolExists.c: In function ‘main’:
/home/kk-1988/work/cpp_test/cmake-3.20.2/CMakeFiles/CMakeTmp/CheckSymbolExists.c:59:19: error: ‘_strtoi64’ undeclared (first use in this function)
   59 |   return ((int*)(&_strtoi64))[argc];
      |                   ^~~~~~~~~
/home/kk-1988/work/cpp_test/cmake-3.20.2/CMakeFiles/CMakeTmp/CheckSymbolExists.c:59:19: note: each undeclared identifier is reported only once for each function it appears in
make[1]: *** [CMakeFiles/cmTC_1c8f4.dir/build.make:78: CMakeFiles/cmTC_1c8f4.dir/CheckSymbolExists.c.o] Error 1
make[1]: Leaving directory '/home/kk-1988/work/cpp_test/cmake-3.20.2/CMakeFiles/CMakeTmp'
make: *** [Makefile:127: cmTC_1c8f4/fast] Error 2


File /home/kk-1988/work/cpp_test/cmake-3.20.2/CMakeFiles/CMakeTmp/CheckSymbolExists.c:
/* */
#include <stdio.h>
#include <inttypes.h>
#include <sys/ioctl.h>
#include <sys/param.h>
#include <sys/poll.h>
#include <sys/resource.h>
#include <sys/select.h>
#include <sys/socket.h>
#include <sys/stat.h>
#include <sys/time.h>
#include <sys/types.h>
#include <sys/uio.h>
#include <sys/un.h>
#include <sys/xattr.h>
#include <alloca.h>
#include <arpa/inet.h>
#include <arpa/tftp.h>
#include <assert.h>
#include <err.h>
#include <errno.h>
#include <fcntl.h>
#include <ifaddrs.h>
#include <libgen.h>
#include <locale.h>
#include <net/if.h>
#include <netdb.h>
#include <netinet/in.h>
#include <netinet/tcp.h>
#include <poll.h>
#include <pwd.h>
#include <setjmp.h>
#include <sgtty.h>
#include <signal.h>
#include <stdbool.h>
#include <stdint.h>
#include <stdio.h>
#include <stdlib.h>
#include <string.h>
#include <strings.h>
#include <stropts.h>
#include <termio.h>
#include <termios.h>
#include <time.h>
#include <unistd.h>
#include <utime.h>
#include <stddef.h>
#include <dlfcn.h>
#include <malloc.h>
#include <memory.h>
#include <netinet/if_ether.h>
#include <stdint.h>
#include <sys/utsname.h>

int main(int argc, char** argv)
{
  (void)argv;
#ifndef _strtoi64
  return ((int*)(&_strtoi64))[argc];
#else
  (void)argc;
  return 0;
#endif
}
Determining if the setmode exist failed with the following output:
Change Dir: /home/kk-1988/work/cpp_test/cmake-3.20.2/CMakeFiles/CMakeTmp

Run Build Command(s):/usr/bin/make -f Makefile cmTC_e6ada/fast && make  -f CMakeFiles/cmTC_e6ada.dir/build.make CMakeFiles/cmTC_e6ada.dir/build
make[1]: Entering directory '/home/kk-1988/work/cpp_test/cmake-3.20.2/CMakeFiles/CMakeTmp'
Building C object CMakeFiles/cmTC_e6ada.dir/CheckSymbolExists.c.o
/usr/bin/gcc   -w  -std=gnu11 -o CMakeFiles/cmTC_e6ada.dir/CheckSymbolExists.c.o -c /home/kk-1988/work/cpp_test/cmake-3.20.2/CMakeFiles/CMakeTmp/CheckSymbolExists.c
/home/kk-1988/work/cpp_test/cmake-3.20.2/CMakeFiles/CMakeTmp/CheckSymbolExists.c: In function ‘main’:
/home/kk-1988/work/cpp_test/cmake-3.20.2/CMakeFiles/CMakeTmp/CheckSymbolExists.c:59:19: error: ‘setmode’ undeclared (first use in this function)
   59 |   return ((int*)(&setmode))[argc];
      |                   ^~~~~~~
/home/kk-1988/work/cpp_test/cmake-3.20.2/CMakeFiles/CMakeTmp/CheckSymbolExists.c:59:19: note: each undeclared identifier is reported only once for each function it appears in
make[1]: *** [CMakeFiles/cmTC_e6ada.dir/build.make:78: CMakeFiles/cmTC_e6ada.dir/CheckSymbolExists.c.o] Error 1
make[1]: Leaving directory '/home/kk-1988/work/cpp_test/cmake-3.20.2/CMakeFiles/CMakeTmp'
make: *** [Makefile:127: cmTC_e6ada/fast] Error 2


File /home/kk-1988/work/cpp_test/cmake-3.20.2/CMakeFiles/CMakeTmp/CheckSymbolExists.c:
/* */
#include <stdio.h>
#include <inttypes.h>
#include <sys/ioctl.h>
#include <sys/param.h>
#include <sys/poll.h>
#include <sys/resource.h>
#include <sys/select.h>
#include <sys/socket.h>
#include <sys/stat.h>
#include <sys/time.h>
#include <sys/types.h>
#include <sys/uio.h>
#include <sys/un.h>
#include <sys/xattr.h>
#include <alloca.h>
#include <arpa/inet.h>
#include <arpa/tftp.h>
#include <assert.h>
#include <err.h>
#include <errno.h>
#include <fcntl.h>
#include <ifaddrs.h>
#include <libgen.h>
#include <locale.h>
#include <net/if.h>
#include <netdb.h>
#include <netinet/in.h>
#include <netinet/tcp.h>
#include <poll.h>
#include <pwd.h>
#include <setjmp.h>
#include <sgtty.h>
#include <signal.h>
#include <stdbool.h>
#include <stdint.h>
#include <stdio.h>
#include <stdlib.h>
#include <string.h>
#include <strings.h>
#include <stropts.h>
#include <termio.h>
#include <termios.h>
#include <time.h>
#include <unistd.h>
#include <utime.h>
#include <stddef.h>
#include <dlfcn.h>
#include <malloc.h>
#include <memory.h>
#include <netinet/if_ether.h>
#include <stdint.h>
#include <sys/utsname.h>

int main(int argc, char** argv)
{
  (void)argv;
#ifndef setmode
  return ((int*)(&setmode))[argc];
#else
  (void)argc;
  return 0;
#endif
}
Determining if the function mach_absolute_time exists failed with the following output:
Change Dir: /home/kk-1988/work/cpp_test/cmake-3.20.2/CMakeFiles/CMakeTmp

Run Build Command(s):/usr/bin/make -f Makefile cmTC_d001b/fast && make  -f CMakeFiles/cmTC_d001b.dir/build.make CMakeFiles/cmTC_d001b.dir/build
make[1]: Entering directory '/home/kk-1988/work/cpp_test/cmake-3.20.2/CMakeFiles/CMakeTmp'
Building C object CMakeFiles/cmTC_d001b.dir/CheckFunctionExists.c.o
/usr/bin/gcc   -w -DCHECK_FUNCTION_EXISTS=mach_absolute_time -std=gnu11 -o CMakeFiles/cmTC_d001b.dir/CheckFunctionExists.c.o -c /home/kk-1988/work/cpp_test/cmake-3.20.2/Modules/CheckFunctionExists.c
Linking C executable cmTC_d001b
/home/kk-1988/work/cpp_test/cmake-3.20.2/Bootstrap.cmk/cmake -E cmake_link_script CMakeFiles/cmTC_d001b.dir/link.txt --verbose=1
/usr/bin/gcc  -w -DCHECK_FUNCTION_EXISTS=mach_absolute_time CMakeFiles/cmTC_d001b.dir/CheckFunctionExists.c.o -o cmTC_d001b 
/usr/bin/ld: CMakeFiles/cmTC_d001b.dir/CheckFunctionExists.c.o: in function `main':
CheckFunctionExists.c:(.text+0x14): undefined reference to `mach_absolute_time'
collect2: error: ld returned 1 exit status
make[1]: *** [CMakeFiles/cmTC_d001b.dir/build.make:99: cmTC_d001b] Error 1
make[1]: Leaving directory '/home/kk-1988/work/cpp_test/cmake-3.20.2/CMakeFiles/CMakeTmp'
make: *** [Makefile:127: cmTC_d001b/fast] Error 2



Performing Curl Test HAVE_FSETXATTR_6 failed with the following output:
Change Dir: /home/kk-1988/work/cpp_test/cmake-3.20.2/CMakeFiles/CMakeTmp

Run Build Command(s):/usr/bin/make -f Makefile cmTC_28135/fast && make  -f CMakeFiles/cmTC_28135.dir/build.make CMakeFiles/cmTC_28135.dir/build
make[1]: Entering directory '/home/kk-1988/work/cpp_test/cmake-3.20.2/CMakeFiles/CMakeTmp'
Building C object CMakeFiles/cmTC_28135.dir/CurlTests.c.o
/usr/bin/gcc   -w -DHAVE_FSETXATTR_6  -DHAVE_STDIO_H -DHAVE_INTTYPES_H -DHAVE_SYS_IOCTL_H -DHAVE_SYS_PARAM_H -DHAVE_SYS_POLL_H -DHAVE_SYS_RESOURCE_H -DHAVE_SYS_SELECT_H -DHAVE_SYS_SOCKET_H -DHAVE_SYS_STAT_H -DHAVE_SYS_TIME_H -DHAVE_SYS_TYPES_H -DHAVE_SYS_UIO_H -DHAVE_SYS_UN_H -DHAVE_SYS_XATTR_H -DHAVE_ALLOCA_H -DHAVE_ARPA_INET_H -DHAVE_ARPA_TFTP_H -DHAVE_ASSERT_H -DHAVE_ERR_H -DHAVE_ERRNO_H -DHAVE_FCNTL_H -DHAVE_IFADDRS_H -DHAVE_LIBGEN_H -DHAVE_LOCALE_H -DHAVE_NET_IF_H -DHAVE_NETDB_H -DHAVE_NETINET_IN_H -DHAVE_NETINET_TCP_H -DHAVE_POLL_H -DHAVE_PWD_H -DHAVE_SETJMP_H -DHAVE_SGTTY_H -DHAVE_SIGNAL_H -DHAVE_STDBOOL_H -DHAVE_STDINT_H -DHAVE_STDIO_H -DHAVE_STDLIB_H -DHAVE_STRING_H -DHAVE_STRINGS_H -DHAVE_STROPTS_H -DHAVE_TERMIO_H -DHAVE_TERMIOS_H -DHAVE_TIME_H -DHAVE_UNISTD_H -DHAVE_UTIME_H -DHAVE_STDDEF_H -DHAVE_DLFCN_H -DHAVE_MALLOC_H -DHAVE_MEMORY_H -DHAVE_NETINET_IF_ETHER_H -DHAVE_STDINT_H -DHAVE_SYS_UTSNAME_H -std=gnu11 -o CMakeFiles/cmTC_28135.dir/CurlTests.c.o -c /home/kk-1988/work/cpp_test/cmake-3.20.2/Utilities/cmcurl/CMake/CurlTests.c
/home/kk-1988/work/cpp_test/cmake-3.20.2/Utilities/cmcurl/CMake/CurlTests.c: In function ‘main’:
/home/kk-1988/work/cpp_test/cmake-3.20.2/Utilities/cmcurl/CMake/CurlTests.c:544:3: error: too many arguments to function ‘fsetxattr’
  544 |   fsetxattr(0, 0, 0, 0, 0, 0);
      |   ^~~~~~~~~
In file included from /home/kk-1988/work/cpp_test/cmake-3.20.2/Utilities/cmcurl/CMake/CurlTests.c:541:
/usr/include/x86_64-linux-gnu/sys/xattr.h:54:12: note: declared here
   54 | extern int fsetxattr (int __fd, const char *__name, const void *__value,
      |            ^~~~~~~~~
make[1]: *** [CMakeFiles/cmTC_28135.dir/build.make:78: CMakeFiles/cmTC_28135.dir/CurlTests.c.o] Error 1
make[1]: Leaving directory '/home/kk-1988/work/cpp_test/cmake-3.20.2/CMakeFiles/CMakeTmp'
make: *** [Makefile:127: cmTC_28135/fast] Error 2


Performing Curl Test HAVE_IOCTLSOCKET failed with the following output:
Change Dir: /home/kk-1988/work/cpp_test/cmake-3.20.2/CMakeFiles/CMakeTmp

Run Build Command(s):/usr/bin/make -f Makefile cmTC_72916/fast && make  -f CMakeFiles/cmTC_72916.dir/build.make CMakeFiles/cmTC_72916.dir/build
make[1]: Entering directory '/home/kk-1988/work/cpp_test/cmake-3.20.2/CMakeFiles/CMakeTmp'
Building C object CMakeFiles/cmTC_72916.dir/CurlTests.c.o
/usr/bin/gcc   -w -DHAVE_IOCTLSOCKET  -DHAVE_STDIO_H -DHAVE_INTTYPES_H -DHAVE_SYS_IOCTL_H -DHAVE_SYS_PARAM_H -DHAVE_SYS_POLL_H -DHAVE_SYS_RESOURCE_H -DHAVE_SYS_SELECT_H -DHAVE_SYS_SOCKET_H -DHAVE_SYS_STAT_H -DHAVE_SYS_TIME_H -DHAVE_SYS_TYPES_H -DHAVE_SYS_UIO_H -DHAVE_SYS_UN_H -DHAVE_SYS_XATTR_H -DHAVE_ALLOCA_H -DHAVE_ARPA_INET_H -DHAVE_ARPA_TFTP_H -DHAVE_ASSERT_H -DHAVE_ERR_H -DHAVE_ERRNO_H -DHAVE_FCNTL_H -DHAVE_IFADDRS_H -DHAVE_LIBGEN_H -DHAVE_LOCALE_H -DHAVE_NET_IF_H -DHAVE_NETDB_H -DHAVE_NETINET_IN_H -DHAVE_NETINET_TCP_H -DHAVE_POLL_H -DHAVE_PWD_H -DHAVE_SETJMP_H -DHAVE_SGTTY_H -DHAVE_SIGNAL_H -DHAVE_STDBOOL_H -DHAVE_STDINT_H -DHAVE_STDIO_H -DHAVE_STDLIB_H -DHAVE_STRING_H -DHAVE_STRINGS_H -DHAVE_STROPTS_H -DHAVE_TERMIO_H -DHAVE_TERMIOS_H -DHAVE_TIME_H -DHAVE_UNISTD_H -DHAVE_UTIME_H -DHAVE_STDDEF_H -DHAVE_DLFCN_H -DHAVE_MALLOC_H -DHAVE_MEMORY_H -DHAVE_NETINET_IF_ETHER_H -DHAVE_STDINT_H -DHAVE_SYS_UTSNAME_H -std=gnu11 -o CMakeFiles/cmTC_72916.dir/CurlTests.c.o -c /home/kk-1988/work/cpp_test/cmake-3.20.2/Utilities/cmcurl/CMake/CurlTests.c
/home/kk-1988/work/cpp_test/cmake-3.20.2/Utilities/cmcurl/CMake/CurlTests.c: In function ‘main’:
/home/kk-1988/work/cpp_test/cmake-3.20.2/Utilities/cmcurl/CMake/CurlTests.c:326:44: error: ‘FIONBIO’ undeclared (first use in this function)
  326 |  unsigned long flags = ioctlsocket(socket, FIONBIO, &flags);
      |                                            ^~~~~~~
/home/kk-1988/work/cpp_test/cmake-3.20.2/Utilities/cmcurl/CMake/CurlTests.c:326:44: note: each undeclared identifier is reported only once for each function it appears in
make[1]: *** [CMakeFiles/cmTC_72916.dir/build.make:78: CMakeFiles/cmTC_72916.dir/CurlTests.c.o] Error 1
make[1]: Leaving directory '/home/kk-1988/work/cpp_test/cmake-3.20.2/CMakeFiles/CMakeTmp'
make: *** [Makefile:127: cmTC_72916/fast] Error 2


Performing Curl Test HAVE_IOCTLSOCKET_CAMEL failed with the following output:
Change Dir: /home/kk-1988/work/cpp_test/cmake-3.20.2/CMakeFiles/CMakeTmp

Run Build Command(s):/usr/bin/make -f Makefile cmTC_3bc3e/fast && make  -f CMakeFiles/cmTC_3bc3e.dir/build.make CMakeFiles/cmTC_3bc3e.dir/build
make[1]: Entering directory '/home/kk-1988/work/cpp_test/cmake-3.20.2/CMakeFiles/CMakeTmp'
Building C object CMakeFiles/cmTC_3bc3e.dir/CurlTests.c.o
/usr/bin/gcc   -w -DHAVE_IOCTLSOCKET_CAMEL  -DHAVE_STDIO_H -DHAVE_INTTYPES_H -DHAVE_SYS_IOCTL_H -DHAVE_SYS_PARAM_H -DHAVE_SYS_POLL_H -DHAVE_SYS_RESOURCE_H -DHAVE_SYS_SELECT_H -DHAVE_SYS_SOCKET_H -DHAVE_SYS_STAT_H -DHAVE_SYS_TIME_H -DHAVE_SYS_TYPES_H -DHAVE_SYS_UIO_H -DHAVE_SYS_UN_H -DHAVE_SYS_XATTR_H -DHAVE_ALLOCA_H -DHAVE_ARPA_INET_H -DHAVE_ARPA_TFTP_H -DHAVE_ASSERT_H -DHAVE_ERR_H -DHAVE_ERRNO_H -DHAVE_FCNTL_H -DHAVE_IFADDRS_H -DHAVE_LIBGEN_H -DHAVE_LOCALE_H -DHAVE_NET_IF_H -DHAVE_NETDB_H -DHAVE_NETINET_IN_H -DHAVE_NETINET_TCP_H -DHAVE_POLL_H -DHAVE_PWD_H -DHAVE_SETJMP_H -DHAVE_SGTTY_H -DHAVE_SIGNAL_H -DHAVE_STDBOOL_H -DHAVE_STDINT_H -DHAVE_STDIO_H -DHAVE_STDLIB_H -DHAVE_STRING_H -DHAVE_STRINGS_H -DHAVE_STROPTS_H -DHAVE_TERMIO_H -DHAVE_TERMIOS_H -DHAVE_TIME_H -DHAVE_UNISTD_H -DHAVE_UTIME_H -DHAVE_STDDEF_H -DHAVE_DLFCN_H -DHAVE_MALLOC_H -DHAVE_MEMORY_H -DHAVE_NETINET_IF_ETHER_H -DHAVE_STDINT_H -DHAVE_SYS_UTSNAME_H -std=gnu11 -o CMakeFiles/cmTC_3bc3e.dir/CurlTests.c.o -c /home/kk-1988/work/cpp_test/cmake-3.20.2/Utilities/cmcurl/CMake/CurlTests.c
Linking C executable cmTC_3bc3e
/home/kk-1988/work/cpp_test/cmake-3.20.2/Bootstrap.cmk/cmake -E cmake_link_script CMakeFiles/cmTC_3bc3e.dir/link.txt --verbose=1
/usr/bin/gcc  -w -DHAVE_IOCTLSOCKET_CAMEL  -DHAVE_STDIO_H -DHAVE_INTTYPES_H -DHAVE_SYS_IOCTL_H -DHAVE_SYS_PARAM_H -DHAVE_SYS_POLL_H -DHAVE_SYS_RESOURCE_H -DHAVE_SYS_SELECT_H -DHAVE_SYS_SOCKET_H -DHAVE_SYS_STAT_H -DHAVE_SYS_TIME_H -DHAVE_SYS_TYPES_H -DHAVE_SYS_UIO_H -DHAVE_SYS_UN_H -DHAVE_SYS_XATTR_H -DHAVE_ALLOCA_H -DHAVE_ARPA_INET_H -DHAVE_ARPA_TFTP_H -DHAVE_ASSERT_H -DHAVE_ERR_H -DHAVE_ERRNO_H -DHAVE_FCNTL_H -DHAVE_IFADDRS_H -DHAVE_LIBGEN_H -DHAVE_LOCALE_H -DHAVE_NET_IF_H -DHAVE_NETDB_H -DHAVE_NETINET_IN_H -DHAVE_NETINET_TCP_H -DHAVE_POLL_H -DHAVE_PWD_H -DHAVE_SETJMP_H -DHAVE_SGTTY_H -DHAVE_SIGNAL_H -DHAVE_STDBOOL_H -DHAVE_STDINT_H -DHAVE_STDIO_H -DHAVE_STDLIB_H -DHAVE_STRING_H -DHAVE_STRINGS_H -DHAVE_STROPTS_H -DHAVE_TERMIO_H -DHAVE_TERMIOS_H -DHAVE_TIME_H -DHAVE_UNISTD_H -DHAVE_UTIME_H -DHAVE_STDDEF_H -DHAVE_DLFCN_H -DHAVE_MALLOC_H -DHAVE_MEMORY_H -DHAVE_NETINET_IF_ETHER_H -DHAVE_STDINT_H -DHAVE_SYS_UTSNAME_H CMakeFiles/cmTC_3bc3e.dir/CurlTests.c.o -o cmTC_3bc3e 
/usr/bin/ld: CMakeFiles/cmTC_3bc3e.dir/CurlTests.c.o: in function `main':
CurlTests.c:(.text+0x1d): undefined reference to `IoctlSocket'
collect2: error: ld returned 1 exit status
make[1]: *** [CMakeFiles/cmTC_3bc3e.dir/build.make:99: cmTC_3bc3e] Error 1
make[1]: Leaving directory '/home/kk-1988/work/cpp_test/cmake-3.20.2/CMakeFiles/CMakeTmp'
make: *** [Makefile:127: cmTC_3bc3e/fast] Error 2


Performing Curl Test HAVE_IOCTLSOCKET_CAMEL_FIONBIO failed with the following output:
Change Dir: /home/kk-1988/work/cpp_test/cmake-3.20.2/CMakeFiles/CMakeTmp

Run Build Command(s):/usr/bin/make -f Makefile cmTC_43dc8/fast && make  -f CMakeFiles/cmTC_43dc8.dir/build.make CMakeFiles/cmTC_43dc8.dir/build
make[1]: Entering directory '/home/kk-1988/work/cpp_test/cmake-3.20.2/CMakeFiles/CMakeTmp'
Building C object CMakeFiles/cmTC_43dc8.dir/CurlTests.c.o
/usr/bin/gcc   -w -DHAVE_IOCTLSOCKET_CAMEL_FIONBIO  -DHAVE_STDIO_H -DHAVE_INTTYPES_H -DHAVE_SYS_IOCTL_H -DHAVE_SYS_PARAM_H -DHAVE_SYS_POLL_H -DHAVE_SYS_RESOURCE_H -DHAVE_SYS_SELECT_H -DHAVE_SYS_SOCKET_H -DHAVE_SYS_STAT_H -DHAVE_SYS_TIME_H -DHAVE_SYS_TYPES_H -DHAVE_SYS_UIO_H -DHAVE_SYS_UN_H -DHAVE_SYS_XATTR_H -DHAVE_ALLOCA_H -DHAVE_ARPA_INET_H -DHAVE_ARPA_TFTP_H -DHAVE_ASSERT_H -DHAVE_ERR_H -DHAVE_ERRNO_H -DHAVE_FCNTL_H -DHAVE_IFADDRS_H -DHAVE_LIBGEN_H -DHAVE_LOCALE_H -DHAVE_NET_IF_H -DHAVE_NETDB_H -DHAVE_NETINET_IN_H -DHAVE_NETINET_TCP_H -DHAVE_POLL_H -DHAVE_PWD_H -DHAVE_SETJMP_H -DHAVE_SGTTY_H -DHAVE_SIGNAL_H -DHAVE_STDBOOL_H -DHAVE_STDINT_H -DHAVE_STDIO_H -DHAVE_STDLIB_H -DHAVE_STRING_H -DHAVE_STRINGS_H -DHAVE_STROPTS_H -DHAVE_TERMIO_H -DHAVE_TERMIOS_H -DHAVE_TIME_H -DHAVE_UNISTD_H -DHAVE_UTIME_H -DHAVE_STDDEF_H -DHAVE_DLFCN_H -DHAVE_MALLOC_H -DHAVE_MEMORY_H -DHAVE_NETINET_IF_ETHER_H -DHAVE_STDINT_H -DHAVE_SYS_UTSNAME_H -std=gnu11 -o CMakeFiles/cmTC_43dc8.dir/CurlTests.c.o -c /home/kk-1988/work/cpp_test/cmake-3.20.2/Utilities/cmcurl/CMake/CurlTests.c
/home/kk-1988/work/cpp_test/cmake-3.20.2/Utilities/cmcurl/CMake/CurlTests.c: In function ‘main’:
/home/kk-1988/work/cpp_test/cmake-3.20.2/Utilities/cmcurl/CMake/CurlTests.c:382:32: error: ‘FIONBIO’ undeclared (first use in this function)
  382 |         if(0 != ioctlsocket(0, FIONBIO, &flags))
      |                                ^~~~~~~
/home/kk-1988/work/cpp_test/cmake-3.20.2/Utilities/cmcurl/CMake/CurlTests.c:382:32: note: each undeclared identifier is reported only once for each function it appears in
make[1]: *** [CMakeFiles/cmTC_43dc8.dir/build.make:78: CMakeFiles/cmTC_43dc8.dir/CurlTests.c.o] Error 1
make[1]: Leaving directory '/home/kk-1988/work/cpp_test/cmake-3.20.2/CMakeFiles/CMakeTmp'
make: *** [Makefile:127: cmTC_43dc8/fast] Error 2


Performing Curl Test HAVE_IOCTLSOCKET_FIONBIO failed with the following output:
Change Dir: /home/kk-1988/work/cpp_test/cmake-3.20.2/CMakeFiles/CMakeTmp

Run Build Command(s):/usr/bin/make -f Makefile cmTC_0ead5/fast && make  -f CMakeFiles/cmTC_0ead5.dir/build.make CMakeFiles/cmTC_0ead5.dir/build
make[1]: Entering directory '/home/kk-1988/work/cpp_test/cmake-3.20.2/CMakeFiles/CMakeTmp'
Building C object CMakeFiles/cmTC_0ead5.dir/CurlTests.c.o
/usr/bin/gcc   -w -DHAVE_IOCTLSOCKET_FIONBIO  -DHAVE_STDIO_H -DHAVE_INTTYPES_H -DHAVE_SYS_IOCTL_H -DHAVE_SYS_PARAM_H -DHAVE_SYS_POLL_H -DHAVE_SYS_RESOURCE_H -DHAVE_SYS_SELECT_H -DHAVE_SYS_SOCKET_H -DHAVE_SYS_STAT_H -DHAVE_SYS_TIME_H -DHAVE_SYS_TYPES_H -DHAVE_SYS_UIO_H -DHAVE_SYS_UN_H -DHAVE_SYS_XATTR_H -DHAVE_ALLOCA_H -DHAVE_ARPA_INET_H -DHAVE_ARPA_TFTP_H -DHAVE_ASSERT_H -DHAVE_ERR_H -DHAVE_ERRNO_H -DHAVE_FCNTL_H -DHAVE_IFADDRS_H -DHAVE_LIBGEN_H -DHAVE_LOCALE_H -DHAVE_NET_IF_H -DHAVE_NETDB_H -DHAVE_NETINET_IN_H -DHAVE_NETINET_TCP_H -DHAVE_POLL_H -DHAVE_PWD_H -DHAVE_SETJMP_H -DHAVE_SGTTY_H -DHAVE_SIGNAL_H -DHAVE_STDBOOL_H -DHAVE_STDINT_H -DHAVE_STDIO_H -DHAVE_STDLIB_H -DHAVE_STRING_H -DHAVE_STRINGS_H -DHAVE_STROPTS_H -DHAVE_TERMIO_H -DHAVE_TERMIOS_H -DHAVE_TIME_H -DHAVE_UNISTD_H -DHAVE_UTIME_H -DHAVE_STDDEF_H -DHAVE_DLFCN_H -DHAVE_MALLOC_H -DHAVE_MEMORY_H -DHAVE_NETINET_IF_ETHER_H -DHAVE_STDINT_H -DHAVE_SYS_UTSNAME_H -std=gnu11 -o CMakeFiles/cmTC_0ead5.dir/CurlTests.c.o -c /home/kk-1988/work/cpp_test/cmake-3.20.2/Utilities/cmcurl/CMake/CurlTests.c
/home/kk-1988/work/cpp_test/cmake-3.20.2/Utilities/cmcurl/CMake/CurlTests.c: In function ‘main’:
/home/kk-1988/work/cpp_test/cmake-3.20.2/Utilities/cmcurl/CMake/CurlTests.c:409:32: error: ‘FIONBIO’ undeclared (first use in this function)
  409 |         if(0 != ioctlsocket(0, FIONBIO, &flags))
      |                                ^~~~~~~
/home/kk-1988/work/cpp_test/cmake-3.20.2/Utilities/cmcurl/CMake/CurlTests.c:409:32: note: each undeclared identifier is reported only once for each function it appears in
make[1]: *** [CMakeFiles/cmTC_0ead5.dir/build.make:78: CMakeFiles/cmTC_0ead5.dir/CurlTests.c.o] Error 1
make[1]: Leaving directory '/home/kk-1988/work/cpp_test/cmake-3.20.2/CMakeFiles/CMakeTmp'
make: *** [Makefile:127: cmTC_0ead5/fast] Error 2


Performing Curl Test HAVE_SETSOCKOPT_SO_NONBLOCK failed with the following output:
Change Dir: /home/kk-1988/work/cpp_test/cmake-3.20.2/CMakeFiles/CMakeTmp

Run Build Command(s):/usr/bin/make -f Makefile cmTC_748da/fast && make  -f CMakeFiles/cmTC_748da.dir/build.make CMakeFiles/cmTC_748da.dir/build
make[1]: Entering directory '/home/kk-1988/work/cpp_test/cmake-3.20.2/CMakeFiles/CMakeTmp'
Building C object CMakeFiles/cmTC_748da.dir/CurlTests.c.o
/usr/bin/gcc   -w -DHAVE_SETSOCKOPT_SO_NONBLOCK  -DHAVE_STDIO_H -DHAVE_INTTYPES_H -DHAVE_SYS_IOCTL_H -DHAVE_SYS_PARAM_H -DHAVE_SYS_POLL_H -DHAVE_SYS_RESOURCE_H -DHAVE_SYS_SELECT_H -DHAVE_SYS_SOCKET_H -DHAVE_SYS_STAT_H -DHAVE_SYS_TIME_H -DHAVE_SYS_TYPES_H -DHAVE_SYS_UIO_H -DHAVE_SYS_UN_H -DHAVE_SYS_XATTR_H -DHAVE_ALLOCA_H -DHAVE_ARPA_INET_H -DHAVE_ARPA_TFTP_H -DHAVE_ASSERT_H -DHAVE_ERR_H -DHAVE_ERRNO_H -DHAVE_FCNTL_H -DHAVE_IFADDRS_H -DHAVE_LIBGEN_H -DHAVE_LOCALE_H -DHAVE_NET_IF_H -DHAVE_NETDB_H -DHAVE_NETINET_IN_H -DHAVE_NETINET_TCP_H -DHAVE_POLL_H -DHAVE_PWD_H -DHAVE_SETJMP_H -DHAVE_SGTTY_H -DHAVE_SIGNAL_H -DHAVE_STDBOOL_H -DHAVE_STDINT_H -DHAVE_STDIO_H -DHAVE_STDLIB_H -DHAVE_STRING_H -DHAVE_STRINGS_H -DHAVE_STROPTS_H -DHAVE_TERMIO_H -DHAVE_TERMIOS_H -DHAVE_TIME_H -DHAVE_UNISTD_H -DHAVE_UTIME_H -DHAVE_STDDEF_H -DHAVE_DLFCN_H -DHAVE_MALLOC_H -DHAVE_MEMORY_H -DHAVE_NETINET_IF_ETHER_H -DHAVE_STDINT_H -DHAVE_SYS_UTSNAME_H -std=gnu11 -o CMakeFiles/cmTC_748da.dir/CurlTests.c.o -c /home/kk-1988/work/cpp_test/cmake-3.20.2/Utilities/cmcurl/CMake/CurlTests.c
/home/kk-1988/work/cpp_test/cmake-3.20.2/Utilities/cmcurl/CMake/CurlTests.c: In function ‘main’:
/home/kk-1988/work/cpp_test/cmake-3.20.2/Utilities/cmcurl/CMake/CurlTests.c:505:43: error: ‘SO_NONBLOCK’ undeclared (first use in this function); did you mean ‘SOCK_NONBLOCK’?
  505 |         if(0 != setsockopt(0, SOL_SOCKET, SO_NONBLOCK, 0, 0))
      |                                           ^~~~~~~~~~~
      |                                           SOCK_NONBLOCK
/home/kk-1988/work/cpp_test/cmake-3.20.2/Utilities/cmcurl/CMake/CurlTests.c:505:43: note: each undeclared identifier is reported only once for each function it appears in
make[1]: *** [CMakeFiles/cmTC_748da.dir/build.make:78: CMakeFiles/cmTC_748da.dir/CurlTests.c.o] Error 1
make[1]: Leaving directory '/home/kk-1988/work/cpp_test/cmake-3.20.2/CMakeFiles/CMakeTmp'
make: *** [Makefile:127: cmTC_748da/fast] Error 2


Performing Curl Test HAVE_O_NONBLOCK failed with the following output:
Change Dir: /home/kk-1988/work/cpp_test/cmake-3.20.2/CMakeFiles/CMakeTmp

Run Build Command(s):/usr/bin/make -f Makefile cmTC_f0823/fast && make  -f CMakeFiles/cmTC_f0823.dir/build.make CMakeFiles/cmTC_f0823.dir/build
make[1]: Entering directory '/home/kk-1988/work/cpp_test/cmake-3.20.2/CMakeFiles/CMakeTmp'
Building C object CMakeFiles/cmTC_f0823.dir/CurlTests.c.o
/usr/bin/gcc   -w -DHAVE_O_NONBLOCK  -DHAVE_STDIO_H -DHAVE_INTTYPES_H -DHAVE_SYS_IOCTL_H -DHAVE_SYS_PARAM_H -DHAVE_SYS_POLL_H -DHAVE_SYS_RESOURCE_H -DHAVE_SYS_SELECT_H -DHAVE_SYS_SOCKET_H -DHAVE_SYS_STAT_H -DHAVE_SYS_TIME_H -DHAVE_SYS_TYPES_H -DHAVE_SYS_UIO_H -DHAVE_SYS_UN_H -DHAVE_SYS_XATTR_H -DHAVE_ALLOCA_H -DHAVE_ARPA_INET_H -DHAVE_ARPA_TFTP_H -DHAVE_ASSERT_H -DHAVE_ERR_H -DHAVE_ERRNO_H -DHAVE_FCNTL_H -DHAVE_IFADDRS_H -DHAVE_LIBGEN_H -DHAVE_LOCALE_H -DHAVE_NET_IF_H -DHAVE_NETDB_H -DHAVE_NETINET_IN_H -DHAVE_NETINET_TCP_H -DHAVE_POLL_H -DHAVE_PWD_H -DHAVE_SETJMP_H -DHAVE_SGTTY_H -DHAVE_SIGNAL_H -DHAVE_STDBOOL_H -DHAVE_STDINT_H -DHAVE_STDIO_H -DHAVE_STDLIB_H -DHAVE_STRING_H -DHAVE_STRINGS_H -DHAVE_STROPTS_H -DHAVE_TERMIO_H -DHAVE_TERMIOS_H -DHAVE_TIME_H -DHAVE_UNISTD_H -DHAVE_UTIME_H -DHAVE_STDDEF_H -DHAVE_DLFCN_H -DHAVE_MALLOC_H -DHAVE_MEMORY_H -DHAVE_NETINET_IF_ETHER_H -DHAVE_STDINT_H -DHAVE_SYS_UTSNAME_H -std=gnu11 -o CMakeFiles/cmTC_f0823.dir/CurlTests.c.o -c /home/kk-1988/work/cpp_test/cmake-3.20.2/Utilities/cmcurl/CMake/CurlTests.c
Linking C executable cmTC_f0823
/home/kk-1988/work/cpp_test/cmake-3.20.2/Bootstrap.cmk/cmake -E cmake_link_script CMakeFiles/cmTC_f0823.dir/link.txt --verbose=1
/usr/bin/gcc  -w -DHAVE_O_NONBLOCK  -DHAVE_STDIO_H -DHAVE_INTTYPES_H -DHAVE_SYS_IOCTL_H -DHAVE_SYS_PARAM_H -DHAVE_SYS_POLL_H -DHAVE_SYS_RESOURCE_H -DHAVE_SYS_SELECT_H -DHAVE_SYS_SOCKET_H -DHAVE_SYS_STAT_H -DHAVE_SYS_TIME_H -DHAVE_SYS_TYPES_H -DHAVE_SYS_UIO_H -DHAVE_SYS_UN_H -DHAVE_SYS_XATTR_H -DHAVE_ALLOCA_H -DHAVE_ARPA_INET_H -DHAVE_ARPA_TFTP_H -DHAVE_ASSERT_H -DHAVE_ERR_H -DHAVE_ERRNO_H -DHAVE_FCNTL_H -DHAVE_IFADDRS_H -DHAVE_LIBGEN_H -DHAVE_LOCALE_H -DHAVE_NET_IF_H -DHAVE_NETDB_H -DHAVE_NETINET_IN_H -DHAVE_NETINET_TCP_H -DHAVE_POLL_H -DHAVE_PWD_H -DHAVE_SETJMP_H -DHAVE_SGTTY_H -DHAVE_SIGNAL_H -DHAVE_STDBOOL_H -DHAVE_STDINT_H -DHAVE_STDIO_H -DHAVE_STDLIB_H -DHAVE_STRING_H -DHAVE_STRINGS_H -DHAVE_STROPTS_H -DHAVE_TERMIO_H -DHAVE_TERMIOS_H -DHAVE_TIME_H -DHAVE_UNISTD_H -DHAVE_UTIME_H -DHAVE_STDDEF_H -DHAVE_DLFCN_H -DHAVE_MALLOC_H -DHAVE_MEMORY_H -DHAVE_NETINET_IF_ETHER_H -DHAVE_STDINT_H -DHAVE_SYS_UTSNAME_H CMakeFiles/cmTC_f0823.dir/CurlTests.c.o -o cmTC_f0823 
/usr/bin/ld: /usr/lib/gcc/x86_64-linux-gnu/9/../../../x86_64-linux-gnu/Scrt1.o: in function `_start':
(.text+0x24): undefined reference to `main'
collect2: error: ld returned 1 exit status
make[1]: *** [CMakeFiles/cmTC_f0823.dir/build.make:99: cmTC_f0823] Error 1
make[1]: Leaving directory '/home/kk-1988/work/cpp_test/cmake-3.20.2/CMakeFiles/CMakeTmp'
make: *** [Makefile:127: cmTC_f0823/fast] Error 2


Performing Curl Test HAVE_GETHOSTBYADDR_R_5 failed with the following output:
Change Dir: /home/kk-1988/work/cpp_test/cmake-3.20.2/CMakeFiles/CMakeTmp

Run Build Command(s):/usr/bin/make -f Makefile cmTC_76ab5/fast && make  -f CMakeFiles/cmTC_76ab5.dir/build.make CMakeFiles/cmTC_76ab5.dir/build
make[1]: Entering directory '/home/kk-1988/work/cpp_test/cmake-3.20.2/CMakeFiles/CMakeTmp'
Building C object CMakeFiles/cmTC_76ab5.dir/CurlTests.c.o
/usr/bin/gcc   -w -DHAVE_GETHOSTBYADDR_R_5  -DHAVE_STDIO_H -DHAVE_INTTYPES_H -DHAVE_SYS_IOCTL_H -DHAVE_SYS_PARAM_H -DHAVE_SYS_POLL_H -DHAVE_SYS_RESOURCE_H -DHAVE_SYS_SELECT_H -DHAVE_SYS_SOCKET_H -DHAVE_SYS_STAT_H -DHAVE_SYS_TIME_H -DHAVE_SYS_TYPES_H -DHAVE_SYS_UIO_H -DHAVE_SYS_UN_H -DHAVE_SYS_XATTR_H -DHAVE_ALLOCA_H -DHAVE_ARPA_INET_H -DHAVE_ARPA_TFTP_H -DHAVE_ASSERT_H -DHAVE_ERR_H -DHAVE_ERRNO_H -DHAVE_FCNTL_H -DHAVE_IFADDRS_H -DHAVE_LIBGEN_H -DHAVE_LOCALE_H -DHAVE_NET_IF_H -DHAVE_NETDB_H -DHAVE_NETINET_IN_H -DHAVE_NETINET_TCP_H -DHAVE_POLL_H -DHAVE_PWD_H -DHAVE_SETJMP_H -DHAVE_SGTTY_H -DHAVE_SIGNAL_H -DHAVE_STDBOOL_H -DHAVE_STDINT_H -DHAVE_STDIO_H -DHAVE_STDLIB_H -DHAVE_STRING_H -DHAVE_STRINGS_H -DHAVE_STROPTS_H -DHAVE_TERMIO_H -DHAVE_TERMIOS_H -DHAVE_TIME_H -DHAVE_UNISTD_H -DHAVE_UTIME_H -DHAVE_STDDEF_H -DHAVE_DLFCN_H -DHAVE_MALLOC_H -DHAVE_MEMORY_H -DHAVE_NETINET_IF_ETHER_H -DHAVE_STDINT_H -DHAVE_SYS_UTSNAME_H -std=gnu11 -o CMakeFiles/cmTC_76ab5.dir/CurlTests.c.o -c /home/kk-1988/work/cpp_test/cmake-3.20.2/Utilities/cmcurl/CMake/CurlTests.c
/home/kk-1988/work/cpp_test/cmake-3.20.2/Utilities/cmcurl/CMake/CurlTests.c: In function ‘main’:
/home/kk-1988/work/cpp_test/cmake-3.20.2/Utilities/cmcurl/CMake/CurlTests.c:106:23: error: storage size of ‘hdata’ isn’t known
  106 |   struct hostent_data hdata;
      |                       ^~~~~
/home/kk-1988/work/cpp_test/cmake-3.20.2/Utilities/cmcurl/CMake/CurlTests.c:127:8: error: too few arguments to function ‘gethostbyaddr_r’
  127 |   rc = gethostbyaddr_r(address, length, type, &h, &hdata);
      |        ^~~~~~~~~~~~~~~
In file included from /home/kk-1988/work/cpp_test/cmake-3.20.2/Utilities/cmcurl/CMake/CurlTests.c:93:
/usr/include/netdb.h:170:12: note: declared here
  170 | extern int gethostbyaddr_r (const void *__restrict __addr, __socklen_t __len,
      |            ^~~~~~~~~~~~~~~
make[1]: *** [CMakeFiles/cmTC_76ab5.dir/build.make:78: CMakeFiles/cmTC_76ab5.dir/CurlTests.c.o] Error 1
make[1]: Leaving directory '/home/kk-1988/work/cpp_test/cmake-3.20.2/CMakeFiles/CMakeTmp'
make: *** [Makefile:127: cmTC_76ab5/fast] Error 2


Performing Curl Test HAVE_GETHOSTBYADDR_R_7 failed with the following output:
Change Dir: /home/kk-1988/work/cpp_test/cmake-3.20.2/CMakeFiles/CMakeTmp

Run Build Command(s):/usr/bin/make -f Makefile cmTC_1aa75/fast && make  -f CMakeFiles/cmTC_1aa75.dir/build.make CMakeFiles/cmTC_1aa75.dir/build
make[1]: Entering directory '/home/kk-1988/work/cpp_test/cmake-3.20.2/CMakeFiles/CMakeTmp'
Building C object CMakeFiles/cmTC_1aa75.dir/CurlTests.c.o
/usr/bin/gcc   -w -DHAVE_GETHOSTBYADDR_R_7  -DHAVE_STDIO_H -DHAVE_INTTYPES_H -DHAVE_SYS_IOCTL_H -DHAVE_SYS_PARAM_H -DHAVE_SYS_POLL_H -DHAVE_SYS_RESOURCE_H -DHAVE_SYS_SELECT_H -DHAVE_SYS_SOCKET_H -DHAVE_SYS_STAT_H -DHAVE_SYS_TIME_H -DHAVE_SYS_TYPES_H -DHAVE_SYS_UIO_H -DHAVE_SYS_UN_H -DHAVE_SYS_XATTR_H -DHAVE_ALLOCA_H -DHAVE_ARPA_INET_H -DHAVE_ARPA_TFTP_H -DHAVE_ASSERT_H -DHAVE_ERR_H -DHAVE_ERRNO_H -DHAVE_FCNTL_H -DHAVE_IFADDRS_H -DHAVE_LIBGEN_H -DHAVE_LOCALE_H -DHAVE_NET_IF_H -DHAVE_NETDB_H -DHAVE_NETINET_IN_H -DHAVE_NETINET_TCP_H -DHAVE_POLL_H -DHAVE_PWD_H -DHAVE_SETJMP_H -DHAVE_SGTTY_H -DHAVE_SIGNAL_H -DHAVE_STDBOOL_H -DHAVE_STDINT_H -DHAVE_STDIO_H -DHAVE_STDLIB_H -DHAVE_STRING_H -DHAVE_STRINGS_H -DHAVE_STROPTS_H -DHAVE_TERMIO_H -DHAVE_TERMIOS_H -DHAVE_TIME_H -DHAVE_UNISTD_H -DHAVE_UTIME_H -DHAVE_STDDEF_H -DHAVE_DLFCN_H -DHAVE_MALLOC_H -DHAVE_MEMORY_H -DHAVE_NETINET_IF_ETHER_H -DHAVE_STDINT_H -DHAVE_SYS_UTSNAME_H -std=gnu11 -o CMakeFiles/cmTC_1aa75.dir/CurlTests.c.o -c /home/kk-1988/work/cpp_test/cmake-3.20.2/Utilities/cmcurl/CMake/CurlTests.c
/home/kk-1988/work/cpp_test/cmake-3.20.2/Utilities/cmcurl/CMake/CurlTests.c: In function ‘main’:
/home/kk-1988/work/cpp_test/cmake-3.20.2/Utilities/cmcurl/CMake/CurlTests.c:131:8: error: too few arguments to function ‘gethostbyaddr_r’
  131 |   hp = gethostbyaddr_r(address, length, type, &h, buffer, 8192, &h_errnop);
      |        ^~~~~~~~~~~~~~~
In file included from /home/kk-1988/work/cpp_test/cmake-3.20.2/Utilities/cmcurl/CMake/CurlTests.c:93:
/usr/include/netdb.h:170:12: note: declared here
  170 | extern int gethostbyaddr_r (const void *__restrict __addr, __socklen_t __len,
      |            ^~~~~~~~~~~~~~~
make[1]: *** [CMakeFiles/cmTC_1aa75.dir/build.make:78: CMakeFiles/cmTC_1aa75.dir/CurlTests.c.o] Error 1
make[1]: Leaving directory '/home/kk-1988/work/cpp_test/cmake-3.20.2/CMakeFiles/CMakeTmp'
make: *** [Makefile:127: cmTC_1aa75/fast] Error 2


Performing Curl Test HAVE_GETHOSTBYADDR_R_5_REENTRANT failed with the following output:
Change Dir: /home/kk-1988/work/cpp_test/cmake-3.20.2/CMakeFiles/CMakeTmp

Run Build Command(s):/usr/bin/make -f Makefile cmTC_e88f8/fast && make  -f CMakeFiles/cmTC_e88f8.dir/build.make CMakeFiles/cmTC_e88f8.dir/build
make[1]: Entering directory '/home/kk-1988/work/cpp_test/cmake-3.20.2/CMakeFiles/CMakeTmp'
Building C object CMakeFiles/cmTC_e88f8.dir/CurlTests.c.o
/usr/bin/gcc   -w -DHAVE_GETHOSTBYADDR_R_5_REENTRANT  -DHAVE_STDIO_H -DHAVE_INTTYPES_H -DHAVE_SYS_IOCTL_H -DHAVE_SYS_PARAM_H -DHAVE_SYS_POLL_H -DHAVE_SYS_RESOURCE_H -DHAVE_SYS_SELECT_H -DHAVE_SYS_SOCKET_H -DHAVE_SYS_STAT_H -DHAVE_SYS_TIME_H -DHAVE_SYS_TYPES_H -DHAVE_SYS_UIO_H -DHAVE_SYS_UN_H -DHAVE_SYS_XATTR_H -DHAVE_ALLOCA_H -DHAVE_ARPA_INET_H -DHAVE_ARPA_TFTP_H -DHAVE_ASSERT_H -DHAVE_ERR_H -DHAVE_ERRNO_H -DHAVE_FCNTL_H -DHAVE_IFADDRS_H -DHAVE_LIBGEN_H -DHAVE_LOCALE_H -DHAVE_NET_IF_H -DHAVE_NETDB_H -DHAVE_NETINET_IN_H -DHAVE_NETINET_TCP_H -DHAVE_POLL_H -DHAVE_PWD_H -DHAVE_SETJMP_H -DHAVE_SGTTY_H -DHAVE_SIGNAL_H -DHAVE_STDBOOL_H -DHAVE_STDINT_H -DHAVE_STDIO_H -DHAVE_STDLIB_H -DHAVE_STRING_H -DHAVE_STRINGS_H -DHAVE_STROPTS_H -DHAVE_TERMIO_H -DHAVE_TERMIOS_H -DHAVE_TIME_H -DHAVE_UNISTD_H -DHAVE_UTIME_H -DHAVE_STDDEF_H -DHAVE_DLFCN_H -DHAVE_MALLOC_H -DHAVE_MEMORY_H -DHAVE_NETINET_IF_ETHER_H -DHAVE_STDINT_H -DHAVE_SYS_UTSNAME_H -std=gnu11 -o CMakeFiles/cmTC_e88f8.dir/CurlTests.c.o -c /home/kk-1988/work/cpp_test/cmake-3.20.2/Utilities/cmcurl/CMake/CurlTests.c
/home/kk-1988/work/cpp_test/cmake-3.20.2/Utilities/cmcurl/CMake/CurlTests.c: In function ‘main’:
/home/kk-1988/work/cpp_test/cmake-3.20.2/Utilities/cmcurl/CMake/CurlTests.c:106:23: error: storage size of ‘hdata’ isn’t known
  106 |   struct hostent_data hdata;
      |                       ^~~~~
/home/kk-1988/work/cpp_test/cmake-3.20.2/Utilities/cmcurl/CMake/CurlTests.c:127:8: error: too few arguments to function ‘gethostbyaddr_r’
  127 |   rc = gethostbyaddr_r(address, length, type, &h, &hdata);
      |        ^~~~~~~~~~~~~~~
In file included from /home/kk-1988/work/cpp_test/cmake-3.20.2/Utilities/cmcurl/CMake/CurlTests.c:93:
/usr/include/netdb.h:170:12: note: declared here
  170 | extern int gethostbyaddr_r (const void *__restrict __addr, __socklen_t __len,
      |            ^~~~~~~~~~~~~~~
make[1]: *** [CMakeFiles/cmTC_e88f8.dir/build.make:78: CMakeFiles/cmTC_e88f8.dir/CurlTests.c.o] Error 1
make[1]: Leaving directory '/home/kk-1988/work/cpp_test/cmake-3.20.2/CMakeFiles/CMakeTmp'
make: *** [Makefile:127: cmTC_e88f8/fast] Error 2


Performing Curl Test HAVE_GETHOSTBYADDR_R_7_REENTRANT failed with the following output:
Change Dir: /home/kk-1988/work/cpp_test/cmake-3.20.2/CMakeFiles/CMakeTmp

Run Build Command(s):/usr/bin/make -f Makefile cmTC_98ecd/fast && make  -f CMakeFiles/cmTC_98ecd.dir/build.make CMakeFiles/cmTC_98ecd.dir/build
make[1]: Entering directory '/home/kk-1988/work/cpp_test/cmake-3.20.2/CMakeFiles/CMakeTmp'
Building C object CMakeFiles/cmTC_98ecd.dir/CurlTests.c.o
/usr/bin/gcc   -w -DHAVE_GETHOSTBYADDR_R_7_REENTRANT  -DHAVE_STDIO_H -DHAVE_INTTYPES_H -DHAVE_SYS_IOCTL_H -DHAVE_SYS_PARAM_H -DHAVE_SYS_POLL_H -DHAVE_SYS_RESOURCE_H -DHAVE_SYS_SELECT_H -DHAVE_SYS_SOCKET_H -DHAVE_SYS_STAT_H -DHAVE_SYS_TIME_H -DHAVE_SYS_TYPES_H -DHAVE_SYS_UIO_H -DHAVE_SYS_UN_H -DHAVE_SYS_XATTR_H -DHAVE_ALLOCA_H -DHAVE_ARPA_INET_H -DHAVE_ARPA_TFTP_H -DHAVE_ASSERT_H -DHAVE_ERR_H -DHAVE_ERRNO_H -DHAVE_FCNTL_H -DHAVE_IFADDRS_H -DHAVE_LIBGEN_H -DHAVE_LOCALE_H -DHAVE_NET_IF_H -DHAVE_NETDB_H -DHAVE_NETINET_IN_H -DHAVE_NETINET_TCP_H -DHAVE_POLL_H -DHAVE_PWD_H -DHAVE_SETJMP_H -DHAVE_SGTTY_H -DHAVE_SIGNAL_H -DHAVE_STDBOOL_H -DHAVE_STDINT_H -DHAVE_STDIO_H -DHAVE_STDLIB_H -DHAVE_STRING_H -DHAVE_STRINGS_H -DHAVE_STROPTS_H -DHAVE_TERMIO_H -DHAVE_TERMIOS_H -DHAVE_TIME_H -DHAVE_UNISTD_H -DHAVE_UTIME_H -DHAVE_STDDEF_H -DHAVE_DLFCN_H -DHAVE_MALLOC_H -DHAVE_MEMORY_H -DHAVE_NETINET_IF_ETHER_H -DHAVE_STDINT_H -DHAVE_SYS_UTSNAME_H -std=gnu11 -o CMakeFiles/cmTC_98ecd.dir/CurlTests.c.o -c /home/kk-1988/work/cpp_test/cmake-3.20.2/Utilities/cmcurl/CMake/CurlTests.c
/home/kk-1988/work/cpp_test/cmake-3.20.2/Utilities/cmcurl/CMake/CurlTests.c: In function ‘main’:
/home/kk-1988/work/cpp_test/cmake-3.20.2/Utilities/cmcurl/CMake/CurlTests.c:131:8: error: too few arguments to function ‘gethostbyaddr_r’
  131 |   hp = gethostbyaddr_r(address, length, type, &h, buffer, 8192, &h_errnop);
      |        ^~~~~~~~~~~~~~~
In file included from /home/kk-1988/work/cpp_test/cmake-3.20.2/Utilities/cmcurl/CMake/CurlTests.c:93:
/usr/include/netdb.h:170:12: note: declared here
  170 | extern int gethostbyaddr_r (const void *__restrict __addr, __socklen_t __len,
      |            ^~~~~~~~~~~~~~~
make[1]: *** [CMakeFiles/cmTC_98ecd.dir/build.make:78: CMakeFiles/cmTC_98ecd.dir/CurlTests.c.o] Error 1
make[1]: Leaving directory '/home/kk-1988/work/cpp_test/cmake-3.20.2/CMakeFiles/CMakeTmp'
make: *** [Makefile:127: cmTC_98ecd/fast] Error 2


Performing Curl Test HAVE_GETHOSTBYNAME_R_3 failed with the following output:
Change Dir: /home/kk-1988/work/cpp_test/cmake-3.20.2/CMakeFiles/CMakeTmp

Run Build Command(s):/usr/bin/make -f Makefile cmTC_db105/fast && make  -f CMakeFiles/cmTC_db105.dir/build.make CMakeFiles/cmTC_db105.dir/build
make[1]: Entering directory '/home/kk-1988/work/cpp_test/cmake-3.20.2/CMakeFiles/CMakeTmp'
Building C object CMakeFiles/cmTC_db105.dir/CurlTests.c.o
/usr/bin/gcc   -w -DHAVE_GETHOSTBYNAME_R_3  -DHAVE_STDIO_H -DHAVE_INTTYPES_H -DHAVE_SYS_IOCTL_H -DHAVE_SYS_PARAM_H -DHAVE_SYS_POLL_H -DHAVE_SYS_RESOURCE_H -DHAVE_SYS_SELECT_H -DHAVE_SYS_SOCKET_H -DHAVE_SYS_STAT_H -DHAVE_SYS_TIME_H -DHAVE_SYS_TYPES_H -DHAVE_SYS_UIO_H -DHAVE_SYS_UN_H -DHAVE_SYS_XATTR_H -DHAVE_ALLOCA_H -DHAVE_ARPA_INET_H -DHAVE_ARPA_TFTP_H -DHAVE_ASSERT_H -DHAVE_ERR_H -DHAVE_ERRNO_H -DHAVE_FCNTL_H -DHAVE_IFADDRS_H -DHAVE_LIBGEN_H -DHAVE_LOCALE_H -DHAVE_NET_IF_H -DHAVE_NETDB_H -DHAVE_NETINET_IN_H -DHAVE_NETINET_TCP_H -DHAVE_POLL_H -DHAVE_PWD_H -DHAVE_SETJMP_H -DHAVE_SGTTY_H -DHAVE_SIGNAL_H -DHAVE_STDBOOL_H -DHAVE_STDINT_H -DHAVE_STDIO_H -DHAVE_STDLIB_H -DHAVE_STRING_H -DHAVE_STRINGS_H -DHAVE_STROPTS_H -DHAVE_TERMIO_H -DHAVE_TERMIOS_H -DHAVE_TIME_H -DHAVE_UNISTD_H -DHAVE_UTIME_H -DHAVE_STDDEF_H -DHAVE_DLFCN_H -DHAVE_MALLOC_H -DHAVE_MEMORY_H -DHAVE_NETINET_IF_ETHER_H -DHAVE_STDINT_H -DHAVE_SYS_UTSNAME_H -std=gnu11 -o CMakeFiles/cmTC_db105.dir/CurlTests.c.o -c /home/kk-1988/work/cpp_test/cmake-3.20.2/Utilities/cmcurl/CMake/CurlTests.c
/home/kk-1988/work/cpp_test/cmake-3.20.2/Utilities/cmcurl/CMake/CurlTests.c: In function ‘main’:
/home/kk-1988/work/cpp_test/cmake-3.20.2/Utilities/cmcurl/CMake/CurlTests.c:106:23: error: storage size of ‘hdata’ isn’t known
  106 |   struct hostent_data hdata;
      |                       ^~~~~
/home/kk-1988/work/cpp_test/cmake-3.20.2/Utilities/cmcurl/CMake/CurlTests.c:141:8: error: too few arguments to function ‘gethostbyname_r’
  141 |   rc = gethostbyname_r(address, &h, &hdata);
      |        ^~~~~~~~~~~~~~~
In file included from /home/kk-1988/work/cpp_test/cmake-3.20.2/Utilities/cmcurl/CMake/CurlTests.c:93:
/usr/include/netdb.h:177:12: note: declared here
  177 | extern int gethostbyname_r (const char *__restrict __name,
      |            ^~~~~~~~~~~~~~~
make[1]: *** [CMakeFiles/cmTC_db105.dir/build.make:78: CMakeFiles/cmTC_db105.dir/CurlTests.c.o] Error 1
make[1]: Leaving directory '/home/kk-1988/work/cpp_test/cmake-3.20.2/CMakeFiles/CMakeTmp'
make: *** [Makefile:127: cmTC_db105/fast] Error 2


Performing Curl Test HAVE_GETHOSTBYNAME_R_5 failed with the following output:
Change Dir: /home/kk-1988/work/cpp_test/cmake-3.20.2/CMakeFiles/CMakeTmp

Run Build Command(s):/usr/bin/make -f Makefile cmTC_f1b05/fast && make  -f CMakeFiles/cmTC_f1b05.dir/build.make CMakeFiles/cmTC_f1b05.dir/build
make[1]: Entering directory '/home/kk-1988/work/cpp_test/cmake-3.20.2/CMakeFiles/CMakeTmp'
Building C object CMakeFiles/cmTC_f1b05.dir/CurlTests.c.o
/usr/bin/gcc   -w -DHAVE_GETHOSTBYNAME_R_5  -DHAVE_STDIO_H -DHAVE_INTTYPES_H -DHAVE_SYS_IOCTL_H -DHAVE_SYS_PARAM_H -DHAVE_SYS_POLL_H -DHAVE_SYS_RESOURCE_H -DHAVE_SYS_SELECT_H -DHAVE_SYS_SOCKET_H -DHAVE_SYS_STAT_H -DHAVE_SYS_TIME_H -DHAVE_SYS_TYPES_H -DHAVE_SYS_UIO_H -DHAVE_SYS_UN_H -DHAVE_SYS_XATTR_H -DHAVE_ALLOCA_H -DHAVE_ARPA_INET_H -DHAVE_ARPA_TFTP_H -DHAVE_ASSERT_H -DHAVE_ERR_H -DHAVE_ERRNO_H -DHAVE_FCNTL_H -DHAVE_IFADDRS_H -DHAVE_LIBGEN_H -DHAVE_LOCALE_H -DHAVE_NET_IF_H -DHAVE_NETDB_H -DHAVE_NETINET_IN_H -DHAVE_NETINET_TCP_H -DHAVE_POLL_H -DHAVE_PWD_H -DHAVE_SETJMP_H -DHAVE_SGTTY_H -DHAVE_SIGNAL_H -DHAVE_STDBOOL_H -DHAVE_STDINT_H -DHAVE_STDIO_H -DHAVE_STDLIB_H -DHAVE_STRING_H -DHAVE_STRINGS_H -DHAVE_STROPTS_H -DHAVE_TERMIO_H -DHAVE_TERMIOS_H -DHAVE_TIME_H -DHAVE_UNISTD_H -DHAVE_UTIME_H -DHAVE_STDDEF_H -DHAVE_DLFCN_H -DHAVE_MALLOC_H -DHAVE_MEMORY_H -DHAVE_NETINET_IF_ETHER_H -DHAVE_STDINT_H -DHAVE_SYS_UTSNAME_H -std=gnu11 -o CMakeFiles/cmTC_f1b05.dir/CurlTests.c.o -c /home/kk-1988/work/cpp_test/cmake-3.20.2/Utilities/cmcurl/CMake/CurlTests.c
/home/kk-1988/work/cpp_test/cmake-3.20.2/Utilities/cmcurl/CMake/CurlTests.c: In function ‘main’:
/home/kk-1988/work/cpp_test/cmake-3.20.2/Utilities/cmcurl/CMake/CurlTests.c:144:8: error: too few arguments to function ‘gethostbyname_r’
  144 |   rc = gethostbyname_r(address, &h, buffer, 8192, &h_errnop);
      |        ^~~~~~~~~~~~~~~
In file included from /home/kk-1988/work/cpp_test/cmake-3.20.2/Utilities/cmcurl/CMake/CurlTests.c:93:
/usr/include/netdb.h:177:12: note: declared here
  177 | extern int gethostbyname_r (const char *__restrict __name,
      |            ^~~~~~~~~~~~~~~
make[1]: *** [CMakeFiles/cmTC_f1b05.dir/build.make:78: CMakeFiles/cmTC_f1b05.dir/CurlTests.c.o] Error 1
make[1]: Leaving directory '/home/kk-1988/work/cpp_test/cmake-3.20.2/CMakeFiles/CMakeTmp'
make: *** [Makefile:127: cmTC_f1b05/fast] Error 2


Performing Curl Test HAVE_GETHOSTBYNAME_R_3_REENTRANT failed with the following output:
Change Dir: /home/kk-1988/work/cpp_test/cmake-3.20.2/CMakeFiles/CMakeTmp

Run Build Command(s):/usr/bin/make -f Makefile cmTC_3200e/fast && make  -f CMakeFiles/cmTC_3200e.dir/build.make CMakeFiles/cmTC_3200e.dir/build
make[1]: Entering directory '/home/kk-1988/work/cpp_test/cmake-3.20.2/CMakeFiles/CMakeTmp'
Building C object CMakeFiles/cmTC_3200e.dir/CurlTests.c.o
/usr/bin/gcc   -w -DHAVE_GETHOSTBYNAME_R_3_REENTRANT  -DHAVE_STDIO_H -DHAVE_INTTYPES_H -DHAVE_SYS_IOCTL_H -DHAVE_SYS_PARAM_H -DHAVE_SYS_POLL_H -DHAVE_SYS_RESOURCE_H -DHAVE_SYS_SELECT_H -DHAVE_SYS_SOCKET_H -DHAVE_SYS_STAT_H -DHAVE_SYS_TIME_H -DHAVE_SYS_TYPES_H -DHAVE_SYS_UIO_H -DHAVE_SYS_UN_H -DHAVE_SYS_XATTR_H -DHAVE_ALLOCA_H -DHAVE_ARPA_INET_H -DHAVE_ARPA_TFTP_H -DHAVE_ASSERT_H -DHAVE_ERR_H -DHAVE_ERRNO_H -DHAVE_FCNTL_H -DHAVE_IFADDRS_H -DHAVE_LIBGEN_H -DHAVE_LOCALE_H -DHAVE_NET_IF_H -DHAVE_NETDB_H -DHAVE_NETINET_IN_H -DHAVE_NETINET_TCP_H -DHAVE_POLL_H -DHAVE_PWD_H -DHAVE_SETJMP_H -DHAVE_SGTTY_H -DHAVE_SIGNAL_H -DHAVE_STDBOOL_H -DHAVE_STDINT_H -DHAVE_STDIO_H -DHAVE_STDLIB_H -DHAVE_STRING_H -DHAVE_STRINGS_H -DHAVE_STROPTS_H -DHAVE_TERMIO_H -DHAVE_TERMIOS_H -DHAVE_TIME_H -DHAVE_UNISTD_H -DHAVE_UTIME_H -DHAVE_STDDEF_H -DHAVE_DLFCN_H -DHAVE_MALLOC_H -DHAVE_MEMORY_H -DHAVE_NETINET_IF_ETHER_H -DHAVE_STDINT_H -DHAVE_SYS_UTSNAME_H -std=gnu11 -o CMakeFiles/cmTC_3200e.dir/CurlTests.c.o -c /home/kk-1988/work/cpp_test/cmake-3.20.2/Utilities/cmcurl/CMake/CurlTests.c
/home/kk-1988/work/cpp_test/cmake-3.20.2/Utilities/cmcurl/CMake/CurlTests.c: In function ‘main’:
/home/kk-1988/work/cpp_test/cmake-3.20.2/Utilities/cmcurl/CMake/CurlTests.c:106:23: error: storage size of ‘hdata’ isn’t known
  106 |   struct hostent_data hdata;
      |                       ^~~~~
/home/kk-1988/work/cpp_test/cmake-3.20.2/Utilities/cmcurl/CMake/CurlTests.c:141:8: error: too few arguments to function ‘gethostbyname_r’
  141 |   rc = gethostbyname_r(address, &h, &hdata);
      |        ^~~~~~~~~~~~~~~
In file included from /home/kk-1988/work/cpp_test/cmake-3.20.2/Utilities/cmcurl/CMake/CurlTests.c:93:
/usr/include/netdb.h:177:12: note: declared here
  177 | extern int gethostbyname_r (const char *__restrict __name,
      |            ^~~~~~~~~~~~~~~
make[1]: *** [CMakeFiles/cmTC_3200e.dir/build.make:78: CMakeFiles/cmTC_3200e.dir/CurlTests.c.o] Error 1
make[1]: Leaving directory '/home/kk-1988/work/cpp_test/cmake-3.20.2/CMakeFiles/CMakeTmp'
make: *** [Makefile:127: cmTC_3200e/fast] Error 2


Performing Curl Test HAVE_GETHOSTBYNAME_R_5_REENTRANT failed with the following output:
Change Dir: /home/kk-1988/work/cpp_test/cmake-3.20.2/CMakeFiles/CMakeTmp

Run Build Command(s):/usr/bin/make -f Makefile cmTC_3216f/fast && make  -f CMakeFiles/cmTC_3216f.dir/build.make CMakeFiles/cmTC_3216f.dir/build
make[1]: Entering directory '/home/kk-1988/work/cpp_test/cmake-3.20.2/CMakeFiles/CMakeTmp'
Building C object CMakeFiles/cmTC_3216f.dir/CurlTests.c.o
/usr/bin/gcc   -w -DHAVE_GETHOSTBYNAME_R_5_REENTRANT  -DHAVE_STDIO_H -DHAVE_INTTYPES_H -DHAVE_SYS_IOCTL_H -DHAVE_SYS_PARAM_H -DHAVE_SYS_POLL_H -DHAVE_SYS_RESOURCE_H -DHAVE_SYS_SELECT_H -DHAVE_SYS_SOCKET_H -DHAVE_SYS_STAT_H -DHAVE_SYS_TIME_H -DHAVE_SYS_TYPES_H -DHAVE_SYS_UIO_H -DHAVE_SYS_UN_H -DHAVE_SYS_XATTR_H -DHAVE_ALLOCA_H -DHAVE_ARPA_INET_H -DHAVE_ARPA_TFTP_H -DHAVE_ASSERT_H -DHAVE_ERR_H -DHAVE_ERRNO_H -DHAVE_FCNTL_H -DHAVE_IFADDRS_H -DHAVE_LIBGEN_H -DHAVE_LOCALE_H -DHAVE_NET_IF_H -DHAVE_NETDB_H -DHAVE_NETINET_IN_H -DHAVE_NETINET_TCP_H -DHAVE_POLL_H -DHAVE_PWD_H -DHAVE_SETJMP_H -DHAVE_SGTTY_H -DHAVE_SIGNAL_H -DHAVE_STDBOOL_H -DHAVE_STDINT_H -DHAVE_STDIO_H -DHAVE_STDLIB_H -DHAVE_STRING_H -DHAVE_STRINGS_H -DHAVE_STROPTS_H -DHAVE_TERMIO_H -DHAVE_TERMIOS_H -DHAVE_TIME_H -DHAVE_UNISTD_H -DHAVE_UTIME_H -DHAVE_STDDEF_H -DHAVE_DLFCN_H -DHAVE_MALLOC_H -DHAVE_MEMORY_H -DHAVE_NETINET_IF_ETHER_H -DHAVE_STDINT_H -DHAVE_SYS_UTSNAME_H -std=gnu11 -o CMakeFiles/cmTC_3216f.dir/CurlTests.c.o -c /home/kk-1988/work/cpp_test/cmake-3.20.2/Utilities/cmcurl/CMake/CurlTests.c
/home/kk-1988/work/cpp_test/cmake-3.20.2/Utilities/cmcurl/CMake/CurlTests.c: In function ‘main’:
/home/kk-1988/work/cpp_test/cmake-3.20.2/Utilities/cmcurl/CMake/CurlTests.c:144:8: error: too few arguments to function ‘gethostbyname_r’
  144 |   rc = gethostbyname_r(address, &h, buffer, 8192, &h_errnop);
      |        ^~~~~~~~~~~~~~~
In file included from /home/kk-1988/work/cpp_test/cmake-3.20.2/Utilities/cmcurl/CMake/CurlTests.c:93:
/usr/include/netdb.h:177:12: note: declared here
  177 | extern int gethostbyname_r (const char *__restrict __name,
      |            ^~~~~~~~~~~~~~~
make[1]: *** [CMakeFiles/cmTC_3216f.dir/build.make:78: CMakeFiles/cmTC_3216f.dir/CurlTests.c.o] Error 1
make[1]: Leaving directory '/home/kk-1988/work/cpp_test/cmake-3.20.2/CMakeFiles/CMakeTmp'
make: *** [Makefile:127: cmTC_3216f/fast] Error 2


Performing Curl Test HAVE_INET_NTOA_R_DECL failed with the following output:
Change Dir: /home/kk-1988/work/cpp_test/cmake-3.20.2/CMakeFiles/CMakeTmp

Run Build Command(s):/usr/bin/make -f Makefile cmTC_7afe5/fast && make  -f CMakeFiles/cmTC_7afe5.dir/build.make CMakeFiles/cmTC_7afe5.dir/build
make[1]: Entering directory '/home/kk-1988/work/cpp_test/cmake-3.20.2/CMakeFiles/CMakeTmp'
Building C object CMakeFiles/cmTC_7afe5.dir/CurlTests.c.o
/usr/bin/gcc   -w -DHAVE_INET_NTOA_R_DECL  -DHAVE_STDIO_H -DHAVE_INTTYPES_H -DHAVE_SYS_IOCTL_H -DHAVE_SYS_PARAM_H -DHAVE_SYS_POLL_H -DHAVE_SYS_RESOURCE_H -DHAVE_SYS_SELECT_H -DHAVE_SYS_SOCKET_H -DHAVE_SYS_STAT_H -DHAVE_SYS_TIME_H -DHAVE_SYS_TYPES_H -DHAVE_SYS_UIO_H -DHAVE_SYS_UN_H -DHAVE_SYS_XATTR_H -DHAVE_ALLOCA_H -DHAVE_ARPA_INET_H -DHAVE_ARPA_TFTP_H -DHAVE_ASSERT_H -DHAVE_ERR_H -DHAVE_ERRNO_H -DHAVE_FCNTL_H -DHAVE_IFADDRS_H -DHAVE_LIBGEN_H -DHAVE_LOCALE_H -DHAVE_NET_IF_H -DHAVE_NETDB_H -DHAVE_NETINET_IN_H -DHAVE_NETINET_TCP_H -DHAVE_POLL_H -DHAVE_PWD_H -DHAVE_SETJMP_H -DHAVE_SGTTY_H -DHAVE_SIGNAL_H -DHAVE_STDBOOL_H -DHAVE_STDINT_H -DHAVE_STDIO_H -DHAVE_STDLIB_H -DHAVE_STRING_H -DHAVE_STRINGS_H -DHAVE_STROPTS_H -DHAVE_TERMIO_H -DHAVE_TERMIOS_H -DHAVE_TIME_H -DHAVE_UNISTD_H -DHAVE_UTIME_H -DHAVE_STDDEF_H -DHAVE_DLFCN_H -DHAVE_MALLOC_H -DHAVE_MEMORY_H -DHAVE_NETINET_IF_ETHER_H -DHAVE_STDINT_H -DHAVE_SYS_UTSNAME_H -std=gnu11 -o CMakeFiles/cmTC_7afe5.dir/CurlTests.c.o -c /home/kk-1988/work/cpp_test/cmake-3.20.2/Utilities/cmcurl/CMake/CurlTests.c
/home/kk-1988/work/cpp_test/cmake-3.20.2/Utilities/cmcurl/CMake/CurlTests.c: In function ‘main’:
/home/kk-1988/work/cpp_test/cmake-3.20.2/Utilities/cmcurl/CMake/CurlTests.c:244:21: error: ‘inet_ntoa_r’ undeclared (first use in this function); did you mean ‘inet_ntoa’?
  244 |   func = (func_type)inet_ntoa_r;
      |                     ^~~~~~~~~~~
      |                     inet_ntoa
/home/kk-1988/work/cpp_test/cmake-3.20.2/Utilities/cmcurl/CMake/CurlTests.c:244:21: note: each undeclared identifier is reported only once for each function it appears in
make[1]: *** [CMakeFiles/cmTC_7afe5.dir/build.make:78: CMakeFiles/cmTC_7afe5.dir/CurlTests.c.o] Error 1
make[1]: Leaving directory '/home/kk-1988/work/cpp_test/cmake-3.20.2/CMakeFiles/CMakeTmp'
make: *** [Makefile:127: cmTC_7afe5/fast] Error 2


Performing Curl Test HAVE_INET_NTOA_R_DECL_REENTRANT failed with the following output:
Change Dir: /home/kk-1988/work/cpp_test/cmake-3.20.2/CMakeFiles/CMakeTmp

Run Build Command(s):/usr/bin/make -f Makefile cmTC_1175d/fast && make  -f CMakeFiles/cmTC_1175d.dir/build.make CMakeFiles/cmTC_1175d.dir/build
make[1]: Entering directory '/home/kk-1988/work/cpp_test/cmake-3.20.2/CMakeFiles/CMakeTmp'
Building C object CMakeFiles/cmTC_1175d.dir/CurlTests.c.o
/usr/bin/gcc   -w -DHAVE_INET_NTOA_R_DECL_REENTRANT  -DHAVE_STDIO_H -DHAVE_INTTYPES_H -DHAVE_SYS_IOCTL_H -DHAVE_SYS_PARAM_H -DHAVE_SYS_POLL_H -DHAVE_SYS_RESOURCE_H -DHAVE_SYS_SELECT_H -DHAVE_SYS_SOCKET_H -DHAVE_SYS_STAT_H -DHAVE_SYS_TIME_H -DHAVE_SYS_TYPES_H -DHAVE_SYS_UIO_H -DHAVE_SYS_UN_H -DHAVE_SYS_XATTR_H -DHAVE_ALLOCA_H -DHAVE_ARPA_INET_H -DHAVE_ARPA_TFTP_H -DHAVE_ASSERT_H -DHAVE_ERR_H -DHAVE_ERRNO_H -DHAVE_FCNTL_H -DHAVE_IFADDRS_H -DHAVE_LIBGEN_H -DHAVE_LOCALE_H -DHAVE_NET_IF_H -DHAVE_NETDB_H -DHAVE_NETINET_IN_H -DHAVE_NETINET_TCP_H -DHAVE_POLL_H -DHAVE_PWD_H -DHAVE_SETJMP_H -DHAVE_SGTTY_H -DHAVE_SIGNAL_H -DHAVE_STDBOOL_H -DHAVE_STDINT_H -DHAVE_STDIO_H -DHAVE_STDLIB_H -DHAVE_STRING_H -DHAVE_STRINGS_H -DHAVE_STROPTS_H -DHAVE_TERMIO_H -DHAVE_TERMIOS_H -DHAVE_TIME_H -DHAVE_UNISTD_H -DHAVE_UTIME_H -DHAVE_STDDEF_H -DHAVE_DLFCN_H -DHAVE_MALLOC_H -DHAVE_MEMORY_H -DHAVE_NETINET_IF_ETHER_H -DHAVE_STDINT_H -DHAVE_SYS_UTSNAME_H -std=gnu11 -o CMakeFiles/cmTC_1175d.dir/CurlTests.c.o -c /home/kk-1988/work/cpp_test/cmake-3.20.2/Utilities/cmcurl/CMake/CurlTests.c
/home/kk-1988/work/cpp_test/cmake-3.20.2/Utilities/cmcurl/CMake/CurlTests.c: In function ‘main’:
/home/kk-1988/work/cpp_test/cmake-3.20.2/Utilities/cmcurl/CMake/CurlTests.c:260:22: error: ‘inet_ntoa_r’ undeclared (first use in this function); did you mean ‘inet_ntoa’?
  260 |   func = (func_type)&inet_ntoa_r;
      |                      ^~~~~~~~~~~
      |                      inet_ntoa
/home/kk-1988/work/cpp_test/cmake-3.20.2/Utilities/cmcurl/CMake/CurlTests.c:260:22: note: each undeclared identifier is reported only once for each function it appears in
make[1]: *** [CMakeFiles/cmTC_1175d.dir/build.make:78: CMakeFiles/cmTC_1175d.dir/CurlTests.c.o] Error 1
make[1]: Leaving directory '/home/kk-1988/work/cpp_test/cmake-3.20.2/CMakeFiles/CMakeTmp'
make: *** [Makefile:127: cmTC_1175d/fast] Error 2


Performing Curl Test HAVE_GLIBC_STRERROR_R failed with the following output:
Change Dir: /home/kk-1988/work/cpp_test/cmake-3.20.2/CMakeFiles/CMakeTmp

Run Build Command(s):/usr/bin/make -f Makefile cmTC_aa392/fast && make  -f CMakeFiles/cmTC_aa392.dir/build.make CMakeFiles/cmTC_aa392.dir/build
make[1]: Entering directory '/home/kk-1988/work/cpp_test/cmake-3.20.2/CMakeFiles/CMakeTmp'
Building C object CMakeFiles/cmTC_aa392.dir/CurlTests.c.o
/usr/bin/gcc   -w -DHAVE_GLIBC_STRERROR_R  -DHAVE_STDIO_H -DHAVE_INTTYPES_H -DHAVE_SYS_IOCTL_H -DHAVE_SYS_PARAM_H -DHAVE_SYS_POLL_H -DHAVE_SYS_RESOURCE_H -DHAVE_SYS_SELECT_H -DHAVE_SYS_SOCKET_H -DHAVE_SYS_STAT_H -DHAVE_SYS_TIME_H -DHAVE_SYS_TYPES_H -DHAVE_SYS_UIO_H -DHAVE_SYS_UN_H -DHAVE_SYS_XATTR_H -DHAVE_ALLOCA_H -DHAVE_ARPA_INET_H -DHAVE_ARPA_TFTP_H -DHAVE_ASSERT_H -DHAVE_ERR_H -DHAVE_ERRNO_H -DHAVE_FCNTL_H -DHAVE_IFADDRS_H -DHAVE_LIBGEN_H -DHAVE_LOCALE_H -DHAVE_NET_IF_H -DHAVE_NETDB_H -DHAVE_NETINET_IN_H -DHAVE_NETINET_TCP_H -DHAVE_POLL_H -DHAVE_PWD_H -DHAVE_SETJMP_H -DHAVE_SGTTY_H -DHAVE_SIGNAL_H -DHAVE_STDBOOL_H -DHAVE_STDINT_H -DHAVE_STDIO_H -DHAVE_STDLIB_H -DHAVE_STRING_H -DHAVE_STRINGS_H -DHAVE_STROPTS_H -DHAVE_TERMIO_H -DHAVE_TERMIOS_H -DHAVE_TIME_H -DHAVE_UNISTD_H -DHAVE_UTIME_H -DHAVE_STDDEF_H -DHAVE_DLFCN_H -DHAVE_MALLOC_H -DHAVE_MEMORY_H -DHAVE_NETINET_IF_ETHER_H -DHAVE_STDINT_H -DHAVE_SYS_UTSNAME_H -std=gnu11 -o CMakeFiles/cmTC_aa392.dir/CurlTests.c.o -c /home/kk-1988/work/cpp_test/cmake-3.20.2/Utilities/cmcurl/CMake/CurlTests.c
/home/kk-1988/work/cpp_test/cmake-3.20.2/Utilities/cmcurl/CMake/CurlTests.c: In function ‘main’:
/home/kk-1988/work/cpp_test/cmake-3.20.2/Utilities/cmcurl/CMake/CurlTests.c:521:51: error: subscripted value is neither array nor pointer nor vector
  521 |   check(strerror_r(EACCES, buffer, sizeof(buffer))[0]);
      |                                                   ^
make[1]: *** [CMakeFiles/cmTC_aa392.dir/build.make:78: CMakeFiles/cmTC_aa392.dir/CurlTests.c.o] Error 1
make[1]: Leaving directory '/home/kk-1988/work/cpp_test/cmake-3.20.2/CMakeFiles/CMakeTmp'
make: *** [Makefile:127: cmTC_aa392/fast] Error 2


Performing Curl Test HAVE_BUILTIN_AVAILABLE failed with the following output:
Change Dir: /home/kk-1988/work/cpp_test/cmake-3.20.2/CMakeFiles/CMakeTmp

Run Build Command(s):/usr/bin/make -f Makefile cmTC_d4dcd/fast && make  -f CMakeFiles/cmTC_d4dcd.dir/build.make CMakeFiles/cmTC_d4dcd.dir/build
make[1]: Entering directory '/home/kk-1988/work/cpp_test/cmake-3.20.2/CMakeFiles/CMakeTmp'
Building C object CMakeFiles/cmTC_d4dcd.dir/CurlTests.c.o
/usr/bin/gcc   -w -DHAVE_BUILTIN_AVAILABLE  -DHAVE_STDIO_H -DHAVE_INTTYPES_H -DHAVE_SYS_IOCTL_H -DHAVE_SYS_PARAM_H -DHAVE_SYS_POLL_H -DHAVE_SYS_RESOURCE_H -DHAVE_SYS_SELECT_H -DHAVE_SYS_SOCKET_H -DHAVE_SYS_STAT_H -DHAVE_SYS_TIME_H -DHAVE_SYS_TYPES_H -DHAVE_SYS_UIO_H -DHAVE_SYS_UN_H -DHAVE_SYS_XATTR_H -DHAVE_ALLOCA_H -DHAVE_ARPA_INET_H -DHAVE_ARPA_TFTP_H -DHAVE_ASSERT_H -DHAVE_ERR_H -DHAVE_ERRNO_H -DHAVE_FCNTL_H -DHAVE_IFADDRS_H -DHAVE_LIBGEN_H -DHAVE_LOCALE_H -DHAVE_NET_IF_H -DHAVE_NETDB_H -DHAVE_NETINET_IN_H -DHAVE_NETINET_TCP_H -DHAVE_POLL_H -DHAVE_PWD_H -DHAVE_SETJMP_H -DHAVE_SGTTY_H -DHAVE_SIGNAL_H -DHAVE_STDBOOL_H -DHAVE_STDINT_H -DHAVE_STDIO_H -DHAVE_STDLIB_H -DHAVE_STRING_H -DHAVE_STRINGS_H -DHAVE_STROPTS_H -DHAVE_TERMIO_H -DHAVE_TERMIOS_H -DHAVE_TIME_H -DHAVE_UNISTD_H -DHAVE_UTIME_H -DHAVE_STDDEF_H -DHAVE_DLFCN_H -DHAVE_MALLOC_H -DHAVE_MEMORY_H -DHAVE_NETINET_IF_ETHER_H -DHAVE_STDINT_H -DHAVE_SYS_UTSNAME_H -std=gnu11 -o CMakeFiles/cmTC_d4dcd.dir/CurlTests.c.o -c /home/kk-1988/work/cpp_test/cmake-3.20.2/Utilities/cmcurl/CMake/CurlTests.c
/home/kk-1988/work/cpp_test/cmake-3.20.2/Utilities/cmcurl/CMake/CurlTests.c: In function ‘main’:
/home/kk-1988/work/cpp_test/cmake-3.20.2/Utilities/cmcurl/CMake/CurlTests.c:568:26: error: ‘macOS’ undeclared (first use in this function)
  568 |   if(__builtin_available(macOS 10.12, *)) {}
      |                          ^~~~~
/home/kk-1988/work/cpp_test/cmake-3.20.2/Utilities/cmcurl/CMake/CurlTests.c:568:26: note: each undeclared identifier is reported only once for each function it appears in
/home/kk-1988/work/cpp_test/cmake-3.20.2/Utilities/cmcurl/CMake/CurlTests.c:568:31: error: expected ‘)’ before numeric constant
  568 |   if(__builtin_available(macOS 10.12, *)) {}
      |                               ^~~~~~
      |                               )
make[1]: *** [CMakeFiles/cmTC_d4dcd.dir/build.make:78: CMakeFiles/cmTC_d4dcd.dir/CurlTests.c.o] Error 1
make[1]: Leaving directory '/home/kk-1988/work/cpp_test/cmake-3.20.2/CMakeFiles/CMakeTmp'
make: *** [Makefile:127: cmTC_d4dcd/fast] Error 2


Determining if the arc4random_buf exist failed with the following output:
Change Dir: /home/kk-1988/work/cpp_test/cmake-3.20.2/CMakeFiles/CMakeTmp

Run Build Command(s):/usr/bin/make -f Makefile cmTC_bd883/fast && make  -f CMakeFiles/cmTC_bd883.dir/build.make CMakeFiles/cmTC_bd883.dir/build
make[1]: Entering directory '/home/kk-1988/work/cpp_test/cmake-3.20.2/CMakeFiles/CMakeTmp'
Building C object CMakeFiles/cmTC_bd883.dir/CheckSymbolExists.c.o
/usr/bin/gcc   -w  -std=gnu11 -o CMakeFiles/cmTC_bd883.dir/CheckSymbolExists.c.o -c /home/kk-1988/work/cpp_test/cmake-3.20.2/CMakeFiles/CMakeTmp/CheckSymbolExists.c
/home/kk-1988/work/cpp_test/cmake-3.20.2/CMakeFiles/CMakeTmp/CheckSymbolExists.c: In function ‘main’:
/home/kk-1988/work/cpp_test/cmake-3.20.2/CMakeFiles/CMakeTmp/CheckSymbolExists.c:8:19: error: ‘arc4random_buf’ undeclared (first use in this function)
    8 |   return ((int*)(&arc4random_buf))[argc];
      |                   ^~~~~~~~~~~~~~
/home/kk-1988/work/cpp_test/cmake-3.20.2/CMakeFiles/CMakeTmp/CheckSymbolExists.c:8:19: note: each undeclared identifier is reported only once for each function it appears in
make[1]: *** [CMakeFiles/cmTC_bd883.dir/build.make:78: CMakeFiles/cmTC_bd883.dir/CheckSymbolExists.c.o] Error 1
make[1]: Leaving directory '/home/kk-1988/work/cpp_test/cmake-3.20.2/CMakeFiles/CMakeTmp'
make: *** [Makefile:127: cmTC_bd883/fast] Error 2


File /home/kk-1988/work/cpp_test/cmake-3.20.2/CMakeFiles/CMakeTmp/CheckSymbolExists.c:
/* */
#include <stdlib.h>

int main(int argc, char** argv)
{
  (void)argv;
#ifndef arc4random_buf
  return ((int*)(&arc4random_buf))[argc];
#else
  (void)argc;
  return 0;
#endif
}
Determining if the arc4random exist failed with the following output:
Change Dir: /home/kk-1988/work/cpp_test/cmake-3.20.2/CMakeFiles/CMakeTmp

Run Build Command(s):/usr/bin/make -f Makefile cmTC_b7a41/fast && make  -f CMakeFiles/cmTC_b7a41.dir/build.make CMakeFiles/cmTC_b7a41.dir/build
make[1]: Entering directory '/home/kk-1988/work/cpp_test/cmake-3.20.2/CMakeFiles/CMakeTmp'
Building C object CMakeFiles/cmTC_b7a41.dir/CheckSymbolExists.c.o
/usr/bin/gcc   -w  -std=gnu11 -o CMakeFiles/cmTC_b7a41.dir/CheckSymbolExists.c.o -c /home/kk-1988/work/cpp_test/cmake-3.20.2/CMakeFiles/CMakeTmp/CheckSymbolExists.c
/home/kk-1988/work/cpp_test/cmake-3.20.2/CMakeFiles/CMakeTmp/CheckSymbolExists.c: In function ‘main’:
/home/kk-1988/work/cpp_test/cmake-3.20.2/CMakeFiles/CMakeTmp/CheckSymbolExists.c:8:19: error: ‘arc4random’ undeclared (first use in this function); did you mean ‘srandom’?
    8 |   return ((int*)(&arc4random))[argc];
      |                   ^~~~~~~~~~
      |                   srandom
/home/kk-1988/work/cpp_test/cmake-3.20.2/CMakeFiles/CMakeTmp/CheckSymbolExists.c:8:19: note: each undeclared identifier is reported only once for each function it appears in
make[1]: *** [CMakeFiles/cmTC_b7a41.dir/build.make:78: CMakeFiles/cmTC_b7a41.dir/CheckSymbolExists.c.o] Error 1
make[1]: Leaving directory '/home/kk-1988/work/cpp_test/cmake-3.20.2/CMakeFiles/CMakeTmp'
make: *** [Makefile:127: cmTC_b7a41/fast] Error 2


File /home/kk-1988/work/cpp_test/cmake-3.20.2/CMakeFiles/CMakeTmp/CheckSymbolExists.c:
/* */
#include <stdlib.h>

int main(int argc, char** argv)
{
  (void)argv;
#ifndef arc4random
  return ((int*)(&arc4random))[argc];
#else
  (void)argc;
  return 0;
#endif
}
Determining if files sys/types.h;ctype.h;copyfile.h exist failed with the following output:
Change Dir: /home/kk-1988/work/cpp_test/cmake-3.20.2/CMakeFiles/CMakeTmp

Run Build Command(s):/usr/bin/make -f Makefile cmTC_24dca/fast && make  -f CMakeFiles/cmTC_24dca.dir/build.make CMakeFiles/cmTC_24dca.dir/build
make[1]: Entering directory '/home/kk-1988/work/cpp_test/cmake-3.20.2/CMakeFiles/CMakeTmp'
Building C object CMakeFiles/cmTC_24dca.dir/HAVE_COPYFILE_H.c.o
/usr/bin/gcc   -w  -std=gnu11 -o CMakeFiles/cmTC_24dca.dir/HAVE_COPYFILE_H.c.o -c /home/kk-1988/work/cpp_test/cmake-3.20.2/CMakeFiles/CheckIncludeFiles/HAVE_COPYFILE_H.c
/home/kk-1988/work/cpp_test/cmake-3.20.2/CMakeFiles/CheckIncludeFiles/HAVE_COPYFILE_H.c:4:10: fatal error: copyfile.h: No such file or directory
    4 | #include <copyfile.h>
      |          ^~~~~~~~~~~~
compilation terminated.
make[1]: *** [CMakeFiles/cmTC_24dca.dir/build.make:78: CMakeFiles/cmTC_24dca.dir/HAVE_COPYFILE_H.c.o] Error 1
make[1]: Leaving directory '/home/kk-1988/work/cpp_test/cmake-3.20.2/CMakeFiles/CMakeTmp'
make: *** [Makefile:127: cmTC_24dca/fast] Error 2


Source:
/* */
#include <sys/types.h>
#include <ctype.h>
#include <copyfile.h>


int main(void){return 0;}

Determining if files sys/types.h;ctype.h;direct.h exist failed with the following output:
Change Dir: /home/kk-1988/work/cpp_test/cmake-3.20.2/CMakeFiles/CMakeTmp

Run Build Command(s):/usr/bin/make -f Makefile cmTC_455a4/fast && make  -f CMakeFiles/cmTC_455a4.dir/build.make CMakeFiles/cmTC_455a4.dir/build
make[1]: Entering directory '/home/kk-1988/work/cpp_test/cmake-3.20.2/CMakeFiles/CMakeTmp'
Building C object CMakeFiles/cmTC_455a4.dir/HAVE_DIRECT_H.c.o
/usr/bin/gcc   -w  -std=gnu11 -o CMakeFiles/cmTC_455a4.dir/HAVE_DIRECT_H.c.o -c /home/kk-1988/work/cpp_test/cmake-3.20.2/CMakeFiles/CheckIncludeFiles/HAVE_DIRECT_H.c
/home/kk-1988/work/cpp_test/cmake-3.20.2/CMakeFiles/CheckIncludeFiles/HAVE_DIRECT_H.c:4:10: fatal error: direct.h: No such file or directory
    4 | #include <direct.h>
      |          ^~~~~~~~~~
compilation terminated.
make[1]: *** [CMakeFiles/cmTC_455a4.dir/build.make:78: CMakeFiles/cmTC_455a4.dir/HAVE_DIRECT_H.c.o] Error 1
make[1]: Leaving directory '/home/kk-1988/work/cpp_test/cmake-3.20.2/CMakeFiles/CMakeTmp'
make: *** [Makefile:127: cmTC_455a4/fast] Error 2


Source:
/* */
#include <sys/types.h>
#include <ctype.h>
#include <direct.h>


int main(void){return 0;}

Determining if files sys/types.h;ctype.h;dlfcn.h;errno.h;ext2fs/ext2_fs.h exist failed with the following output:
Change Dir: /home/kk-1988/work/cpp_test/cmake-3.20.2/CMakeFiles/CMakeTmp

Run Build Command(s):/usr/bin/make -f Makefile cmTC_8cd36/fast && make  -f CMakeFiles/cmTC_8cd36.dir/build.make CMakeFiles/cmTC_8cd36.dir/build
make[1]: Entering directory '/home/kk-1988/work/cpp_test/cmake-3.20.2/CMakeFiles/CMakeTmp'
Building C object CMakeFiles/cmTC_8cd36.dir/HAVE_EXT2FS_EXT2_FS_H.c.o
/usr/bin/gcc   -w  -std=gnu11 -o CMakeFiles/cmTC_8cd36.dir/HAVE_EXT2FS_EXT2_FS_H.c.o -c /home/kk-1988/work/cpp_test/cmake-3.20.2/CMakeFiles/CheckIncludeFiles/HAVE_EXT2FS_EXT2_FS_H.c
/home/kk-1988/work/cpp_test/cmake-3.20.2/CMakeFiles/CheckIncludeFiles/HAVE_EXT2FS_EXT2_FS_H.c:6:10: fatal error: ext2fs/ext2_fs.h: No such file or directory
    6 | #include <ext2fs/ext2_fs.h>
      |          ^~~~~~~~~~~~~~~~~~
compilation terminated.
make[1]: *** [CMakeFiles/cmTC_8cd36.dir/build.make:78: CMakeFiles/cmTC_8cd36.dir/HAVE_EXT2FS_EXT2_FS_H.c.o] Error 1
make[1]: Leaving directory '/home/kk-1988/work/cpp_test/cmake-3.20.2/CMakeFiles/CMakeTmp'
make: *** [Makefile:127: cmTC_8cd36/fast] Error 2


Source:
/* */
#include <sys/types.h>
#include <ctype.h>
#include <dlfcn.h>
#include <errno.h>
#include <ext2fs/ext2_fs.h>


int main(void){return 0;}

Performing C SOURCE FILE Test HAVE_WORKING_EXT2_IOC_GETFLAGS failed with the following output:
Change Dir: /home/kk-1988/work/cpp_test/cmake-3.20.2/CMakeFiles/CMakeTmp

Run Build Command(s):/usr/bin/make -f Makefile cmTC_dedd2/fast && make  -f CMakeFiles/cmTC_dedd2.dir/build.make CMakeFiles/cmTC_dedd2.dir/build
make[1]: Entering directory '/home/kk-1988/work/cpp_test/cmake-3.20.2/CMakeFiles/CMakeTmp'
Building C object CMakeFiles/cmTC_dedd2.dir/src.c.o
/usr/bin/gcc -DHAVE_WORKING_EXT2_IOC_GETFLAGS  -w  -std=gnu11 -o CMakeFiles/cmTC_dedd2.dir/src.c.o -c /home/kk-1988/work/cpp_test/cmake-3.20.2/CMakeFiles/CMakeTmp/src.c
/home/kk-1988/work/cpp_test/cmake-3.20.2/CMakeFiles/CMakeTmp/src.c:2:10: fatal error: ext2fs/ext2_fs.h: No such file or directory
    2 | #include <ext2fs/ext2_fs.h>
      |          ^~~~~~~~~~~~~~~~~~
compilation terminated.
make[1]: *** [CMakeFiles/cmTC_dedd2.dir/build.make:78: CMakeFiles/cmTC_dedd2.dir/src.c.o] Error 1
make[1]: Leaving directory '/home/kk-1988/work/cpp_test/cmake-3.20.2/CMakeFiles/CMakeTmp'
make: *** [Makefile:127: cmTC_dedd2/fast] Error 2


Source file was:
#include <sys/ioctl.h>
#include <ext2fs/ext2_fs.h>
int main(void) { return EXT2_IOC_GETFLAGS; }
Determining if files sys/types.h;ctype.h;dlfcn.h;errno.h;fcntl.h;grp.h;langinfo.h;limits.h;linux/types.h;linux/fiemap.h;linux/fs.h;linux/magic.h;locale.h;membership.h exist failed with the following output:
Change Dir: /home/kk-1988/work/cpp_test/cmake-3.20.2/CMakeFiles/CMakeTmp

Run Build Command(s):/usr/bin/make -f Makefile cmTC_c43f3/fast && make  -f CMakeFiles/cmTC_c43f3.dir/build.make CMakeFiles/cmTC_c43f3.dir/build
make[1]: Entering directory '/home/kk-1988/work/cpp_test/cmake-3.20.2/CMakeFiles/CMakeTmp'
Building C object CMakeFiles/cmTC_c43f3.dir/HAVE_MEMBERSHIP_H.c.o
/usr/bin/gcc   -w  -std=gnu11 -o CMakeFiles/cmTC_c43f3.dir/HAVE_MEMBERSHIP_H.c.o -c /home/kk-1988/work/cpp_test/cmake-3.20.2/CMakeFiles/CheckIncludeFiles/HAVE_MEMBERSHIP_H.c
/home/kk-1988/work/cpp_test/cmake-3.20.2/CMakeFiles/CheckIncludeFiles/HAVE_MEMBERSHIP_H.c:15:10: fatal error: membership.h: No such file or directory
   15 | #include <membership.h>
      |          ^~~~~~~~~~~~~~
compilation terminated.
make[1]: *** [CMakeFiles/cmTC_c43f3.dir/build.make:78: CMakeFiles/cmTC_c43f3.dir/HAVE_MEMBERSHIP_H.c.o] Error 1
make[1]: Leaving directory '/home/kk-1988/work/cpp_test/cmake-3.20.2/CMakeFiles/CMakeTmp'
make: *** [Makefile:127: cmTC_c43f3/fast] Error 2


Source:
/* */
#include <sys/types.h>
#include <ctype.h>
#include <dlfcn.h>
#include <errno.h>
#include <fcntl.h>
#include <grp.h>
#include <langinfo.h>
#include <limits.h>
#include <linux/types.h>
#include <linux/fiemap.h>
#include <linux/fs.h>
#include <linux/magic.h>
#include <locale.h>
#include <membership.h>


int main(void){return 0;}

Determining if files sys/types.h;ctype.h;dlfcn.h;errno.h;fcntl.h;grp.h;langinfo.h;limits.h;linux/types.h;linux/fiemap.h;linux/fs.h;linux/magic.h;locale.h;memory.h;paths.h;poll.h;pthread.h;pwd.h;readpassphrase.h exist failed with the following output:
Change Dir: /home/kk-1988/work/cpp_test/cmake-3.20.2/CMakeFiles/CMakeTmp

Run Build Command(s):/usr/bin/make -f Makefile cmTC_ce700/fast && make  -f CMakeFiles/cmTC_ce700.dir/build.make CMakeFiles/cmTC_ce700.dir/build
make[1]: Entering directory '/home/kk-1988/work/cpp_test/cmake-3.20.2/CMakeFiles/CMakeTmp'
Building C object CMakeFiles/cmTC_ce700.dir/HAVE_READPASSPHRASE_H.c.o
/usr/bin/gcc   -w  -std=gnu11 -o CMakeFiles/cmTC_ce700.dir/HAVE_READPASSPHRASE_H.c.o -c /home/kk-1988/work/cpp_test/cmake-3.20.2/CMakeFiles/CheckIncludeFiles/HAVE_READPASSPHRASE_H.c
/home/kk-1988/work/cpp_test/cmake-3.20.2/CMakeFiles/CheckIncludeFiles/HAVE_READPASSPHRASE_H.c:20:10: fatal error: readpassphrase.h: No such file or directory
   20 | #include <readpassphrase.h>
      |          ^~~~~~~~~~~~~~~~~~
compilation terminated.
make[1]: *** [CMakeFiles/cmTC_ce700.dir/build.make:78: CMakeFiles/cmTC_ce700.dir/HAVE_READPASSPHRASE_H.c.o] Error 1
make[1]: Leaving directory '/home/kk-1988/work/cpp_test/cmake-3.20.2/CMakeFiles/CMakeTmp'
make: *** [Makefile:127: cmTC_ce700/fast] Error 2


Source:
/* */
#include <sys/types.h>
#include <ctype.h>
#include <dlfcn.h>
#include <errno.h>
#include <fcntl.h>
#include <grp.h>
#include <langinfo.h>
#include <limits.h>
#include <linux/types.h>
#include <linux/fiemap.h>
#include <linux/fs.h>
#include <linux/magic.h>
#include <locale.h>
#include <memory.h>
#include <paths.h>
#include <poll.h>
#include <pthread.h>
#include <pwd.h>
#include <readpassphrase.h>


int main(void){return 0;}

Determining if files sys/types.h;ctype.h;dlfcn.h;errno.h;fcntl.h;grp.h;langinfo.h;limits.h;linux/types.h;linux/fiemap.h;linux/fs.h;linux/magic.h;locale.h;memory.h;paths.h;poll.h;pthread.h;pwd.h;regex.h;signal.h;spawn.h;stdarg.h;stdlib.h;string.h;strings.h;sys/acl.h exist failed with the following output:
Change Dir: /home/kk-1988/work/cpp_test/cmake-3.20.2/CMakeFiles/CMakeTmp

Run Build Command(s):/usr/bin/make -f Makefile cmTC_fb216/fast && make  -f CMakeFiles/cmTC_fb216.dir/build.make CMakeFiles/cmTC_fb216.dir/build
make[1]: Entering directory '/home/kk-1988/work/cpp_test/cmake-3.20.2/CMakeFiles/CMakeTmp'
Building C object CMakeFiles/cmTC_fb216.dir/HAVE_SYS_ACL_H.c.o
/usr/bin/gcc   -w  -std=gnu11 -o CMakeFiles/cmTC_fb216.dir/HAVE_SYS_ACL_H.c.o -c /home/kk-1988/work/cpp_test/cmake-3.20.2/CMakeFiles/CheckIncludeFiles/HAVE_SYS_ACL_H.c
/home/kk-1988/work/cpp_test/cmake-3.20.2/CMakeFiles/CheckIncludeFiles/HAVE_SYS_ACL_H.c:27:10: fatal error: sys/acl.h: No such file or directory
   27 | #include <sys/acl.h>
      |          ^~~~~~~~~~~
compilation terminated.
make[1]: *** [CMakeFiles/cmTC_fb216.dir/build.make:78: CMakeFiles/cmTC_fb216.dir/HAVE_SYS_ACL_H.c.o] Error 1
make[1]: Leaving directory '/home/kk-1988/work/cpp_test/cmake-3.20.2/CMakeFiles/CMakeTmp'
make: *** [Makefile:127: cmTC_fb216/fast] Error 2


Source:
/* */
#include <sys/types.h>
#include <ctype.h>
#include <dlfcn.h>
#include <errno.h>
#include <fcntl.h>
#include <grp.h>
#include <langinfo.h>
#include <limits.h>
#include <linux/types.h>
#include <linux/fiemap.h>
#include <linux/fs.h>
#include <linux/magic.h>
#include <locale.h>
#include <memory.h>
#include <paths.h>
#include <poll.h>
#include <pthread.h>
#include <pwd.h>
#include <regex.h>
#include <signal.h>
#include <spawn.h>
#include <stdarg.h>
#include <stdlib.h>
#include <string.h>
#include <strings.h>
#include <sys/acl.h>


int main(void){return 0;}

Determining if files sys/types.h;ctype.h;dlfcn.h;errno.h;fcntl.h;grp.h;langinfo.h;limits.h;linux/types.h;linux/fiemap.h;linux/fs.h;linux/magic.h;locale.h;memory.h;paths.h;poll.h;pthread.h;pwd.h;regex.h;signal.h;spawn.h;stdarg.h;stdlib.h;string.h;strings.h;sys/cdefs.h;sys/extattr.h exist failed with the following output:
Change Dir: /home/kk-1988/work/cpp_test/cmake-3.20.2/CMakeFiles/CMakeTmp

Run Build Command(s):/usr/bin/make -f Makefile cmTC_598e5/fast && make  -f CMakeFiles/cmTC_598e5.dir/build.make CMakeFiles/cmTC_598e5.dir/build
make[1]: Entering directory '/home/kk-1988/work/cpp_test/cmake-3.20.2/CMakeFiles/CMakeTmp'
Building C object CMakeFiles/cmTC_598e5.dir/HAVE_SYS_EXTATTR_H.c.o
/usr/bin/gcc   -w  -std=gnu11 -o CMakeFiles/cmTC_598e5.dir/HAVE_SYS_EXTATTR_H.c.o -c /home/kk-1988/work/cpp_test/cmake-3.20.2/CMakeFiles/CheckIncludeFiles/HAVE_SYS_EXTATTR_H.c
/home/kk-1988/work/cpp_test/cmake-3.20.2/CMakeFiles/CheckIncludeFiles/HAVE_SYS_EXTATTR_H.c:28:10: fatal error: sys/extattr.h: No such file or directory
   28 | #include <sys/extattr.h>
      |          ^~~~~~~~~~~~~~~
compilation terminated.
make[1]: *** [CMakeFiles/cmTC_598e5.dir/build.make:78: CMakeFiles/cmTC_598e5.dir/HAVE_SYS_EXTATTR_H.c.o] Error 1
make[1]: Leaving directory '/home/kk-1988/work/cpp_test/cmake-3.20.2/CMakeFiles/CMakeTmp'
make: *** [Makefile:127: cmTC_598e5/fast] Error 2


Source:
/* */
#include <sys/types.h>
#include <ctype.h>
#include <dlfcn.h>
#include <errno.h>
#include <fcntl.h>
#include <grp.h>
#include <langinfo.h>
#include <limits.h>
#include <linux/types.h>
#include <linux/fiemap.h>
#include <linux/fs.h>
#include <linux/magic.h>
#include <locale.h>
#include <memory.h>
#include <paths.h>
#include <poll.h>
#include <pthread.h>
#include <pwd.h>
#include <regex.h>
#include <signal.h>
#include <spawn.h>
#include <stdarg.h>
#include <stdlib.h>
#include <string.h>
#include <strings.h>
#include <sys/cdefs.h>
#include <sys/extattr.h>


int main(void){return 0;}

Determining if files sys/types.h;ctype.h;dlfcn.h;errno.h;fcntl.h;grp.h;langinfo.h;limits.h;linux/types.h;linux/fiemap.h;linux/fs.h;linux/magic.h;locale.h;memory.h;paths.h;poll.h;pthread.h;pwd.h;regex.h;signal.h;spawn.h;stdarg.h;stdlib.h;string.h;strings.h;sys/cdefs.h;sys/ioctl.h;sys/mkdev.h exist failed with the following output:
Change Dir: /home/kk-1988/work/cpp_test/cmake-3.20.2/CMakeFiles/CMakeTmp

Run Build Command(s):/usr/bin/make -f Makefile cmTC_698a9/fast && make  -f CMakeFiles/cmTC_698a9.dir/build.make CMakeFiles/cmTC_698a9.dir/build
make[1]: Entering directory '/home/kk-1988/work/cpp_test/cmake-3.20.2/CMakeFiles/CMakeTmp'
Building C object CMakeFiles/cmTC_698a9.dir/HAVE_SYS_MKDEV_H.c.o
/usr/bin/gcc   -w  -std=gnu11 -o CMakeFiles/cmTC_698a9.dir/HAVE_SYS_MKDEV_H.c.o -c /home/kk-1988/work/cpp_test/cmake-3.20.2/CMakeFiles/CheckIncludeFiles/HAVE_SYS_MKDEV_H.c
/home/kk-1988/work/cpp_test/cmake-3.20.2/CMakeFiles/CheckIncludeFiles/HAVE_SYS_MKDEV_H.c:29:10: fatal error: sys/mkdev.h: No such file or directory
   29 | #include <sys/mkdev.h>
      |          ^~~~~~~~~~~~~
compilation terminated.
make[1]: *** [CMakeFiles/cmTC_698a9.dir/build.make:78: CMakeFiles/cmTC_698a9.dir/HAVE_SYS_MKDEV_H.c.o] Error 1
make[1]: Leaving directory '/home/kk-1988/work/cpp_test/cmake-3.20.2/CMakeFiles/CMakeTmp'
make: *** [Makefile:127: cmTC_698a9/fast] Error 2


Source:
/* */
#include <sys/types.h>
#include <ctype.h>
#include <dlfcn.h>
#include <errno.h>
#include <fcntl.h>
#include <grp.h>
#include <langinfo.h>
#include <limits.h>
#include <linux/types.h>
#include <linux/fiemap.h>
#include <linux/fs.h>
#include <linux/magic.h>
#include <locale.h>
#include <memory.h>
#include <paths.h>
#include <poll.h>
#include <pthread.h>
#include <pwd.h>
#include <regex.h>
#include <signal.h>
#include <spawn.h>
#include <stdarg.h>
#include <stdlib.h>
#include <string.h>
#include <strings.h>
#include <sys/cdefs.h>
#include <sys/ioctl.h>
#include <sys/mkdev.h>


int main(void){return 0;}

Determining if files sys/types.h;ctype.h;dlfcn.h;errno.h;fcntl.h;grp.h;langinfo.h;limits.h;linux/types.h;linux/fiemap.h;linux/fs.h;linux/magic.h;locale.h;memory.h;paths.h;poll.h;pthread.h;pwd.h;regex.h;signal.h;spawn.h;stdarg.h;stdlib.h;string.h;strings.h;sys/cdefs.h;sys/ioctl.h;sys/mount.h exist failed with the following output:
Change Dir: /home/kk-1988/work/cpp_test/cmake-3.20.2/CMakeFiles/CMakeTmp

Run Build Command(s):/usr/bin/make -f Makefile cmTC_06411/fast && make  -f CMakeFiles/cmTC_06411.dir/build.make CMakeFiles/cmTC_06411.dir/build
make[1]: Entering directory '/home/kk-1988/work/cpp_test/cmake-3.20.2/CMakeFiles/CMakeTmp'
Building C object CMakeFiles/cmTC_06411.dir/HAVE_SYS_MOUNT_H.c.o
/usr/bin/gcc   -w  -std=gnu11 -o CMakeFiles/cmTC_06411.dir/HAVE_SYS_MOUNT_H.c.o -c /home/kk-1988/work/cpp_test/cmake-3.20.2/CMakeFiles/CheckIncludeFiles/HAVE_SYS_MOUNT_H.c
In file included from /usr/include/linux/fs.h:19,
                 from /home/kk-1988/work/cpp_test/cmake-3.20.2/CMakeFiles/CheckIncludeFiles/HAVE_SYS_MOUNT_H.c:12:
/usr/include/x86_64-linux-gnu/sys/mount.h:35:3: error: expected identifier before numeric constant
   35 |   MS_RDONLY = 1,  /* Mount read-only.  */
      |   ^~~~~~~~~
make[1]: *** [CMakeFiles/cmTC_06411.dir/build.make:78: CMakeFiles/cmTC_06411.dir/HAVE_SYS_MOUNT_H.c.o] Error 1
make[1]: Leaving directory '/home/kk-1988/work/cpp_test/cmake-3.20.2/CMakeFiles/CMakeTmp'
make: *** [Makefile:127: cmTC_06411/fast] Error 2


Source:
/* */
#include <sys/types.h>
#include <ctype.h>
#include <dlfcn.h>
#include <errno.h>
#include <fcntl.h>
#include <grp.h>
#include <langinfo.h>
#include <limits.h>
#include <linux/types.h>
#include <linux/fiemap.h>
#include <linux/fs.h>
#include <linux/magic.h>
#include <locale.h>
#include <memory.h>
#include <paths.h>
#include <poll.h>
#include <pthread.h>
#include <pwd.h>
#include <regex.h>
#include <signal.h>
#include <spawn.h>
#include <stdarg.h>
#include <stdlib.h>
#include <string.h>
#include <strings.h>
#include <sys/cdefs.h>
#include <sys/ioctl.h>
#include <sys/mount.h>


int main(void){return 0;}

Determining if files sys/types.h;ctype.h;dlfcn.h;errno.h;fcntl.h;grp.h;langinfo.h;limits.h;linux/types.h;linux/fiemap.h;linux/fs.h;linux/magic.h;locale.h;memory.h;paths.h;poll.h;pthread.h;pwd.h;regex.h;signal.h;spawn.h;stdarg.h;stdlib.h;string.h;strings.h;sys/cdefs.h;sys/ioctl.h;sys/param.h;sys/poll.h;sys/richacl.h exist failed with the following output:
Change Dir: /home/kk-1988/work/cpp_test/cmake-3.20.2/CMakeFiles/CMakeTmp

Run Build Command(s):/usr/bin/make -f Makefile cmTC_a0bd2/fast && make  -f CMakeFiles/cmTC_a0bd2.dir/build.make CMakeFiles/cmTC_a0bd2.dir/build
make[1]: Entering directory '/home/kk-1988/work/cpp_test/cmake-3.20.2/CMakeFiles/CMakeTmp'
Building C object CMakeFiles/cmTC_a0bd2.dir/HAVE_SYS_RICHACL_H.c.o
/usr/bin/gcc   -w  -std=gnu11 -o CMakeFiles/cmTC_a0bd2.dir/HAVE_SYS_RICHACL_H.c.o -c /home/kk-1988/work/cpp_test/cmake-3.20.2/CMakeFiles/CheckIncludeFiles/HAVE_SYS_RICHACL_H.c
/home/kk-1988/work/cpp_test/cmake-3.20.2/CMakeFiles/CheckIncludeFiles/HAVE_SYS_RICHACL_H.c:31:10: fatal error: sys/richacl.h: No such file or directory
   31 | #include <sys/richacl.h>
      |          ^~~~~~~~~~~~~~~
compilation terminated.
make[1]: *** [CMakeFiles/cmTC_a0bd2.dir/build.make:78: CMakeFiles/cmTC_a0bd2.dir/HAVE_SYS_RICHACL_H.c.o] Error 1
make[1]: Leaving directory '/home/kk-1988/work/cpp_test/cmake-3.20.2/CMakeFiles/CMakeTmp'
make: *** [Makefile:127: cmTC_a0bd2/fast] Error 2


Source:
/* */
#include <sys/types.h>
#include <ctype.h>
#include <dlfcn.h>
#include <errno.h>
#include <fcntl.h>
#include <grp.h>
#include <langinfo.h>
#include <limits.h>
#include <linux/types.h>
#include <linux/fiemap.h>
#include <linux/fs.h>
#include <linux/magic.h>
#include <locale.h>
#include <memory.h>
#include <paths.h>
#include <poll.h>
#include <pthread.h>
#include <pwd.h>
#include <regex.h>
#include <signal.h>
#include <spawn.h>
#include <stdarg.h>
#include <stdlib.h>
#include <string.h>
#include <strings.h>
#include <sys/cdefs.h>
#include <sys/ioctl.h>
#include <sys/param.h>
#include <sys/poll.h>
#include <sys/richacl.h>


int main(void){return 0;}

Determining if files sys/types.h;ctype.h;dlfcn.h;errno.h;fcntl.h;grp.h;langinfo.h;limits.h;linux/types.h;linux/fiemap.h;linux/fs.h;linux/magic.h;locale.h;memory.h;paths.h;poll.h;pthread.h;pwd.h;regex.h;signal.h;spawn.h;stdarg.h;stdlib.h;string.h;strings.h;sys/cdefs.h;sys/ioctl.h;sys/param.h;sys/poll.h;sys/select.h;sys/stat.h;sys/statfs.h;sys/statvfs.h;sys/sysmacros.h;sys/time.h;sys/utsname.h;sys/vfs.h;sys/wait.h;sys/xattr.h;time.h;unistd.h;utime.h;wchar.h;wctype.h;windows.h exist failed with the following output:
Change Dir: /home/kk-1988/work/cpp_test/cmake-3.20.2/CMakeFiles/CMakeTmp

Run Build Command(s):/usr/bin/make -f Makefile cmTC_829f0/fast && make  -f CMakeFiles/cmTC_829f0.dir/build.make CMakeFiles/cmTC_829f0.dir/build
make[1]: Entering directory '/home/kk-1988/work/cpp_test/cmake-3.20.2/CMakeFiles/CMakeTmp'
Building C object CMakeFiles/cmTC_829f0.dir/HAVE_WINDOWS_H.c.o
/usr/bin/gcc   -w  -std=gnu11 -o CMakeFiles/cmTC_829f0.dir/HAVE_WINDOWS_H.c.o -c /home/kk-1988/work/cpp_test/cmake-3.20.2/CMakeFiles/CheckIncludeFiles/HAVE_WINDOWS_H.c
/home/kk-1988/work/cpp_test/cmake-3.20.2/CMakeFiles/CheckIncludeFiles/HAVE_WINDOWS_H.c:46:10: fatal error: windows.h: No such file or directory
   46 | #include <windows.h>
      |          ^~~~~~~~~~~
compilation terminated.
make[1]: *** [CMakeFiles/cmTC_829f0.dir/build.make:78: CMakeFiles/cmTC_829f0.dir/HAVE_WINDOWS_H.c.o] Error 1
make[1]: Leaving directory '/home/kk-1988/work/cpp_test/cmake-3.20.2/CMakeFiles/CMakeTmp'
make: *** [Makefile:127: cmTC_829f0/fast] Error 2


Source:
/* */
#include <sys/types.h>
#include <ctype.h>
#include <dlfcn.h>
#include <errno.h>
#include <fcntl.h>
#include <grp.h>
#include <langinfo.h>
#include <limits.h>
#include <linux/types.h>
#include <linux/fiemap.h>
#include <linux/fs.h>
#include <linux/magic.h>
#include <locale.h>
#include <memory.h>
#include <paths.h>
#include <poll.h>
#include <pthread.h>
#include <pwd.h>
#include <regex.h>
#include <signal.h>
#include <spawn.h>
#include <stdarg.h>
#include <stdlib.h>
#include <string.h>
#include <strings.h>
#include <sys/cdefs.h>
#include <sys/ioctl.h>
#include <sys/param.h>
#include <sys/poll.h>
#include <sys/select.h>
#include <sys/stat.h>
#include <sys/statfs.h>
#include <sys/statvfs.h>
#include <sys/sysmacros.h>
#include <sys/time.h>
#include <sys/utsname.h>
#include <sys/vfs.h>
#include <sys/wait.h>
#include <sys/xattr.h>
#include <time.h>
#include <unistd.h>
#include <utime.h>
#include <wchar.h>
#include <wctype.h>
#include <windows.h>


int main(void){return 0;}

Determining if files sys/types.h;ctype.h;dlfcn.h;errno.h;fcntl.h;grp.h;langinfo.h;limits.h;linux/types.h;linux/fiemap.h;linux/fs.h;linux/magic.h;locale.h;memory.h;paths.h;poll.h;pthread.h;pwd.h;regex.h;signal.h;spawn.h;stdarg.h;stdlib.h;string.h;strings.h;sys/cdefs.h;sys/ioctl.h;sys/param.h;sys/poll.h;sys/select.h;sys/stat.h;sys/statfs.h;sys/statvfs.h;sys/sysmacros.h;sys/time.h;sys/utsname.h;sys/vfs.h;sys/wait.h;sys/xattr.h;time.h;unistd.h;utime.h;wchar.h;wctype.h;wincrypt.h exist failed with the following output:
Change Dir: /home/kk-1988/work/cpp_test/cmake-3.20.2/CMakeFiles/CMakeTmp

Run Build Command(s):/usr/bin/make -f Makefile cmTC_79795/fast && make  -f CMakeFiles/cmTC_79795.dir/build.make CMakeFiles/cmTC_79795.dir/build
make[1]: Entering directory '/home/kk-1988/work/cpp_test/cmake-3.20.2/CMakeFiles/CMakeTmp'
Building C object CMakeFiles/cmTC_79795.dir/HAVE_WINCRYPT_H.c.o
/usr/bin/gcc   -w  -std=gnu11 -o CMakeFiles/cmTC_79795.dir/HAVE_WINCRYPT_H.c.o -c /home/kk-1988/work/cpp_test/cmake-3.20.2/CMakeFiles/CheckIncludeFiles/HAVE_WINCRYPT_H.c
/home/kk-1988/work/cpp_test/cmake-3.20.2/CMakeFiles/CheckIncludeFiles/HAVE_WINCRYPT_H.c:46:10: fatal error: wincrypt.h: No such file or directory
   46 | #include <wincrypt.h>
      |          ^~~~~~~~~~~~
compilation terminated.
make[1]: *** [CMakeFiles/cmTC_79795.dir/build.make:78: CMakeFiles/cmTC_79795.dir/HAVE_WINCRYPT_H.c.o] Error 1
make[1]: Leaving directory '/home/kk-1988/work/cpp_test/cmake-3.20.2/CMakeFiles/CMakeTmp'
make: *** [Makefile:127: cmTC_79795/fast] Error 2


Source:
/* */
#include <sys/types.h>
#include <ctype.h>
#include <dlfcn.h>
#include <errno.h>
#include <fcntl.h>
#include <grp.h>
#include <langinfo.h>
#include <limits.h>
#include <linux/types.h>
#include <linux/fiemap.h>
#include <linux/fs.h>
#include <linux/magic.h>
#include <locale.h>
#include <memory.h>
#include <paths.h>
#include <poll.h>
#include <pthread.h>
#include <pwd.h>
#include <regex.h>
#include <signal.h>
#include <spawn.h>
#include <stdarg.h>
#include <stdlib.h>
#include <string.h>
#include <strings.h>
#include <sys/cdefs.h>
#include <sys/ioctl.h>
#include <sys/param.h>
#include <sys/poll.h>
#include <sys/select.h>
#include <sys/stat.h>
#include <sys/statfs.h>
#include <sys/statvfs.h>
#include <sys/sysmacros.h>
#include <sys/time.h>
#include <sys/utsname.h>
#include <sys/vfs.h>
#include <sys/wait.h>
#include <sys/xattr.h>
#include <time.h>
#include <unistd.h>
#include <utime.h>
#include <wchar.h>
#include <wctype.h>
#include <wincrypt.h>


int main(void){return 0;}

Determining if files sys/types.h;ctype.h;dlfcn.h;errno.h;fcntl.h;grp.h;langinfo.h;limits.h;linux/types.h;linux/fiemap.h;linux/fs.h;linux/magic.h;locale.h;memory.h;paths.h;poll.h;pthread.h;pwd.h;regex.h;signal.h;spawn.h;stdarg.h;stdlib.h;string.h;strings.h;sys/cdefs.h;sys/ioctl.h;sys/param.h;sys/poll.h;sys/select.h;sys/stat.h;sys/statfs.h;sys/statvfs.h;sys/sysmacros.h;sys/time.h;sys/utsname.h;sys/vfs.h;sys/wait.h;sys/xattr.h;time.h;unistd.h;utime.h;wchar.h;wctype.h;winioctl.h exist failed with the following output:
Change Dir: /home/kk-1988/work/cpp_test/cmake-3.20.2/CMakeFiles/CMakeTmp

Run Build Command(s):/usr/bin/make -f Makefile cmTC_7d082/fast && make  -f CMakeFiles/cmTC_7d082.dir/build.make CMakeFiles/cmTC_7d082.dir/build
make[1]: Entering directory '/home/kk-1988/work/cpp_test/cmake-3.20.2/CMakeFiles/CMakeTmp'
Building C object CMakeFiles/cmTC_7d082.dir/HAVE_WINIOCTL_H.c.o
/usr/bin/gcc   -w  -std=gnu11 -o CMakeFiles/cmTC_7d082.dir/HAVE_WINIOCTL_H.c.o -c /home/kk-1988/work/cpp_test/cmake-3.20.2/CMakeFiles/CheckIncludeFiles/HAVE_WINIOCTL_H.c
/home/kk-1988/work/cpp_test/cmake-3.20.2/CMakeFiles/CheckIncludeFiles/HAVE_WINIOCTL_H.c:46:10: fatal error: winioctl.h: No such file or directory
   46 | #include <winioctl.h>
      |          ^~~~~~~~~~~~
compilation terminated.
make[1]: *** [CMakeFiles/cmTC_7d082.dir/build.make:78: CMakeFiles/cmTC_7d082.dir/HAVE_WINIOCTL_H.c.o] Error 1
make[1]: Leaving directory '/home/kk-1988/work/cpp_test/cmake-3.20.2/CMakeFiles/CMakeTmp'
make: *** [Makefile:127: cmTC_7d082/fast] Error 2


Source:
/* */
#include <sys/types.h>
#include <ctype.h>
#include <dlfcn.h>
#include <errno.h>
#include <fcntl.h>
#include <grp.h>
#include <langinfo.h>
#include <limits.h>
#include <linux/types.h>
#include <linux/fiemap.h>
#include <linux/fs.h>
#include <linux/magic.h>
#include <locale.h>
#include <memory.h>
#include <paths.h>
#include <poll.h>
#include <pthread.h>
#include <pwd.h>
#include <regex.h>
#include <signal.h>
#include <spawn.h>
#include <stdarg.h>
#include <stdlib.h>
#include <string.h>
#include <strings.h>
#include <sys/cdefs.h>
#include <sys/ioctl.h>
#include <sys/param.h>
#include <sys/poll.h>
#include <sys/select.h>
#include <sys/stat.h>
#include <sys/statfs.h>
#include <sys/statvfs.h>
#include <sys/sysmacros.h>
#include <sys/time.h>
#include <sys/utsname.h>
#include <sys/vfs.h>
#include <sys/wait.h>
#include <sys/xattr.h>
#include <time.h>
#include <unistd.h>
#include <utime.h>
#include <wchar.h>
#include <wctype.h>
#include <winioctl.h>


int main(void){return 0;}

Determining if the function getvfsbyname exists failed with the following output:
Change Dir: /home/kk-1988/work/cpp_test/cmake-3.20.2/CMakeFiles/CMakeTmp

Run Build Command(s):/usr/bin/make -f Makefile cmTC_49692/fast && make  -f CMakeFiles/cmTC_49692.dir/build.make CMakeFiles/cmTC_49692.dir/build
make[1]: Entering directory '/home/kk-1988/work/cpp_test/cmake-3.20.2/CMakeFiles/CMakeTmp'
Building C object CMakeFiles/cmTC_49692.dir/CheckFunctionExists.c.o
/usr/bin/gcc   -w -DCHECK_FUNCTION_EXISTS=getvfsbyname  -fno-builtin -std=gnu11 -o CMakeFiles/cmTC_49692.dir/CheckFunctionExists.c.o -c /home/kk-1988/work/cpp_test/cmake-3.20.2/Modules/CheckFunctionExists.c
Linking C executable cmTC_49692
/home/kk-1988/work/cpp_test/cmake-3.20.2/Bootstrap.cmk/cmake -E cmake_link_script CMakeFiles/cmTC_49692.dir/link.txt --verbose=1
/usr/bin/gcc  -w -DCHECK_FUNCTION_EXISTS=getvfsbyname  -fno-builtin CMakeFiles/cmTC_49692.dir/CheckFunctionExists.c.o -o cmTC_49692 
/usr/bin/ld: CMakeFiles/cmTC_49692.dir/CheckFunctionExists.c.o: in function `main':
CheckFunctionExists.c:(.text+0x14): undefined reference to `getvfsbyname'
collect2: error: ld returned 1 exit status
make[1]: *** [CMakeFiles/cmTC_49692.dir/build.make:99: cmTC_49692] Error 1
make[1]: Leaving directory '/home/kk-1988/work/cpp_test/cmake-3.20.2/CMakeFiles/CMakeTmp'
make: *** [Makefile:127: cmTC_49692/fast] Error 2



Determining if the function lchflags exists failed with the following output:
Change Dir: /home/kk-1988/work/cpp_test/cmake-3.20.2/CMakeFiles/CMakeTmp

Run Build Command(s):/usr/bin/make -f Makefile cmTC_87c4b/fast && make  -f CMakeFiles/cmTC_87c4b.dir/build.make CMakeFiles/cmTC_87c4b.dir/build
make[1]: Entering directory '/home/kk-1988/work/cpp_test/cmake-3.20.2/CMakeFiles/CMakeTmp'
Building C object CMakeFiles/cmTC_87c4b.dir/CheckFunctionExists.c.o
/usr/bin/gcc   -w -DCHECK_FUNCTION_EXISTS=lchflags  -fno-builtin -std=gnu11 -o CMakeFiles/cmTC_87c4b.dir/CheckFunctionExists.c.o -c /home/kk-1988/work/cpp_test/cmake-3.20.2/Modules/CheckFunctionExists.c
Linking C executable cmTC_87c4b
/home/kk-1988/work/cpp_test/cmake-3.20.2/Bootstrap.cmk/cmake -E cmake_link_script CMakeFiles/cmTC_87c4b.dir/link.txt --verbose=1
/usr/bin/gcc  -w -DCHECK_FUNCTION_EXISTS=lchflags  -fno-builtin CMakeFiles/cmTC_87c4b.dir/CheckFunctionExists.c.o -o cmTC_87c4b 
/usr/bin/ld: CMakeFiles/cmTC_87c4b.dir/CheckFunctionExists.c.o: in function `main':
CheckFunctionExists.c:(.text+0x14): undefined reference to `lchflags'
collect2: error: ld returned 1 exit status
make[1]: *** [CMakeFiles/cmTC_87c4b.dir/build.make:99: cmTC_87c4b] Error 1
make[1]: Leaving directory '/home/kk-1988/work/cpp_test/cmake-3.20.2/CMakeFiles/CMakeTmp'
make: *** [Makefile:127: cmTC_87c4b/fast] Error 2



Determining if the function readpassphrase exists failed with the following output:
Change Dir: /home/kk-1988/work/cpp_test/cmake-3.20.2/CMakeFiles/CMakeTmp

Run Build Command(s):/usr/bin/make -f Makefile cmTC_6857f/fast && make  -f CMakeFiles/cmTC_6857f.dir/build.make CMakeFiles/cmTC_6857f.dir/build
make[1]: Entering directory '/home/kk-1988/work/cpp_test/cmake-3.20.2/CMakeFiles/CMakeTmp'
Building C object CMakeFiles/cmTC_6857f.dir/CheckFunctionExists.c.o
/usr/bin/gcc   -w -DCHECK_FUNCTION_EXISTS=readpassphrase  -fno-builtin -std=gnu11 -o CMakeFiles/cmTC_6857f.dir/CheckFunctionExists.c.o -c /home/kk-1988/work/cpp_test/cmake-3.20.2/Modules/CheckFunctionExists.c
Linking C executable cmTC_6857f
/home/kk-1988/work/cpp_test/cmake-3.20.2/Bootstrap.cmk/cmake -E cmake_link_script CMakeFiles/cmTC_6857f.dir/link.txt --verbose=1
/usr/bin/gcc  -w -DCHECK_FUNCTION_EXISTS=readpassphrase  -fno-builtin CMakeFiles/cmTC_6857f.dir/CheckFunctionExists.c.o -o cmTC_6857f 
/usr/bin/ld: CMakeFiles/cmTC_6857f.dir/CheckFunctionExists.c.o: in function `main':
CheckFunctionExists.c:(.text+0x14): undefined reference to `readpassphrase'
collect2: error: ld returned 1 exit status
make[1]: *** [CMakeFiles/cmTC_6857f.dir/build.make:99: cmTC_6857f] Error 1
make[1]: Leaving directory '/home/kk-1988/work/cpp_test/cmake-3.20.2/CMakeFiles/CMakeTmp'
make: *** [Makefile:127: cmTC_6857f/fast] Error 2



Determining if the function strncpy_s exists failed with the following output:
Change Dir: /home/kk-1988/work/cpp_test/cmake-3.20.2/CMakeFiles/CMakeTmp

Run Build Command(s):/usr/bin/make -f Makefile cmTC_bd088/fast && make  -f CMakeFiles/cmTC_bd088.dir/build.make CMakeFiles/cmTC_bd088.dir/build
make[1]: Entering directory '/home/kk-1988/work/cpp_test/cmake-3.20.2/CMakeFiles/CMakeTmp'
Building C object CMakeFiles/cmTC_bd088.dir/CheckFunctionExists.c.o
/usr/bin/gcc   -w -DCHECK_FUNCTION_EXISTS=strncpy_s  -fno-builtin -std=gnu11 -o CMakeFiles/cmTC_bd088.dir/CheckFunctionExists.c.o -c /home/kk-1988/work/cpp_test/cmake-3.20.2/Modules/CheckFunctionExists.c
Linking C executable cmTC_bd088
/home/kk-1988/work/cpp_test/cmake-3.20.2/Bootstrap.cmk/cmake -E cmake_link_script CMakeFiles/cmTC_bd088.dir/link.txt --verbose=1
/usr/bin/gcc  -w -DCHECK_FUNCTION_EXISTS=strncpy_s  -fno-builtin CMakeFiles/cmTC_bd088.dir/CheckFunctionExists.c.o -o cmTC_bd088 
/usr/bin/ld: CMakeFiles/cmTC_bd088.dir/CheckFunctionExists.c.o: in function `main':
CheckFunctionExists.c:(.text+0x14): undefined reference to `strncpy_s'
collect2: error: ld returned 1 exit status
make[1]: *** [CMakeFiles/cmTC_bd088.dir/build.make:99: cmTC_bd088] Error 1
make[1]: Leaving directory '/home/kk-1988/work/cpp_test/cmake-3.20.2/CMakeFiles/CMakeTmp'
make: *** [Makefile:127: cmTC_bd088/fast] Error 2



Determining if the function _ctime64_s exists failed with the following output:
Change Dir: /home/kk-1988/work/cpp_test/cmake-3.20.2/CMakeFiles/CMakeTmp

Run Build Command(s):/usr/bin/make -f Makefile cmTC_161b6/fast && make  -f CMakeFiles/cmTC_161b6.dir/build.make CMakeFiles/cmTC_161b6.dir/build
make[1]: Entering directory '/home/kk-1988/work/cpp_test/cmake-3.20.2/CMakeFiles/CMakeTmp'
Building C object CMakeFiles/cmTC_161b6.dir/CheckFunctionExists.c.o
/usr/bin/gcc   -w -DCHECK_FUNCTION_EXISTS=_ctime64_s  -fno-builtin -std=gnu11 -o CMakeFiles/cmTC_161b6.dir/CheckFunctionExists.c.o -c /home/kk-1988/work/cpp_test/cmake-3.20.2/Modules/CheckFunctionExists.c
Linking C executable cmTC_161b6
/home/kk-1988/work/cpp_test/cmake-3.20.2/Bootstrap.cmk/cmake -E cmake_link_script CMakeFiles/cmTC_161b6.dir/link.txt --verbose=1
/usr/bin/gcc  -w -DCHECK_FUNCTION_EXISTS=_ctime64_s  -fno-builtin CMakeFiles/cmTC_161b6.dir/CheckFunctionExists.c.o -o cmTC_161b6 
/usr/bin/ld: CMakeFiles/cmTC_161b6.dir/CheckFunctionExists.c.o: in function `main':
CheckFunctionExists.c:(.text+0x14): undefined reference to `_ctime64_s'
collect2: error: ld returned 1 exit status
make[1]: *** [CMakeFiles/cmTC_161b6.dir/build.make:99: cmTC_161b6] Error 1
make[1]: Leaving directory '/home/kk-1988/work/cpp_test/cmake-3.20.2/CMakeFiles/CMakeTmp'
make: *** [Makefile:127: cmTC_161b6/fast] Error 2



Determining if the function _fseeki64 exists failed with the following output:
Change Dir: /home/kk-1988/work/cpp_test/cmake-3.20.2/CMakeFiles/CMakeTmp

Run Build Command(s):/usr/bin/make -f Makefile cmTC_c0206/fast && make  -f CMakeFiles/cmTC_c0206.dir/build.make CMakeFiles/cmTC_c0206.dir/build
make[1]: Entering directory '/home/kk-1988/work/cpp_test/cmake-3.20.2/CMakeFiles/CMakeTmp'
Building C object CMakeFiles/cmTC_c0206.dir/CheckFunctionExists.c.o
/usr/bin/gcc   -w -DCHECK_FUNCTION_EXISTS=_fseeki64  -fno-builtin -std=gnu11 -o CMakeFiles/cmTC_c0206.dir/CheckFunctionExists.c.o -c /home/kk-1988/work/cpp_test/cmake-3.20.2/Modules/CheckFunctionExists.c
Linking C executable cmTC_c0206
/home/kk-1988/work/cpp_test/cmake-3.20.2/Bootstrap.cmk/cmake -E cmake_link_script CMakeFiles/cmTC_c0206.dir/link.txt --verbose=1
/usr/bin/gcc  -w -DCHECK_FUNCTION_EXISTS=_fseeki64  -fno-builtin CMakeFiles/cmTC_c0206.dir/CheckFunctionExists.c.o -o cmTC_c0206 
/usr/bin/ld: CMakeFiles/cmTC_c0206.dir/CheckFunctionExists.c.o: in function `main':
CheckFunctionExists.c:(.text+0x14): undefined reference to `_fseeki64'
collect2: error: ld returned 1 exit status
make[1]: *** [CMakeFiles/cmTC_c0206.dir/build.make:99: cmTC_c0206] Error 1
make[1]: Leaving directory '/home/kk-1988/work/cpp_test/cmake-3.20.2/CMakeFiles/CMakeTmp'
make: *** [Makefile:127: cmTC_c0206/fast] Error 2



Determining if the function _get_timezone exists failed with the following output:
Change Dir: /home/kk-1988/work/cpp_test/cmake-3.20.2/CMakeFiles/CMakeTmp

Run Build Command(s):/usr/bin/make -f Makefile cmTC_14c83/fast && make  -f CMakeFiles/cmTC_14c83.dir/build.make CMakeFiles/cmTC_14c83.dir/build
make[1]: Entering directory '/home/kk-1988/work/cpp_test/cmake-3.20.2/CMakeFiles/CMakeTmp'
Building C object CMakeFiles/cmTC_14c83.dir/CheckFunctionExists.c.o
/usr/bin/gcc   -w -DCHECK_FUNCTION_EXISTS=_get_timezone  -fno-builtin -std=gnu11 -o CMakeFiles/cmTC_14c83.dir/CheckFunctionExists.c.o -c /home/kk-1988/work/cpp_test/cmake-3.20.2/Modules/CheckFunctionExists.c
Linking C executable cmTC_14c83
/home/kk-1988/work/cpp_test/cmake-3.20.2/Bootstrap.cmk/cmake -E cmake_link_script CMakeFiles/cmTC_14c83.dir/link.txt --verbose=1
/usr/bin/gcc  -w -DCHECK_FUNCTION_EXISTS=_get_timezone  -fno-builtin CMakeFiles/cmTC_14c83.dir/CheckFunctionExists.c.o -o cmTC_14c83 
/usr/bin/ld: CMakeFiles/cmTC_14c83.dir/CheckFunctionExists.c.o: in function `main':
CheckFunctionExists.c:(.text+0x14): undefined reference to `_get_timezone'
collect2: error: ld returned 1 exit status
make[1]: *** [CMakeFiles/cmTC_14c83.dir/build.make:99: cmTC_14c83] Error 1
make[1]: Leaving directory '/home/kk-1988/work/cpp_test/cmake-3.20.2/CMakeFiles/CMakeTmp'
make: *** [Makefile:127: cmTC_14c83/fast] Error 2



Determining if the function _gmtime64_s exists failed with the following output:
Change Dir: /home/kk-1988/work/cpp_test/cmake-3.20.2/CMakeFiles/CMakeTmp

Run Build Command(s):/usr/bin/make -f Makefile cmTC_541f2/fast && make  -f CMakeFiles/cmTC_541f2.dir/build.make CMakeFiles/cmTC_541f2.dir/build
make[1]: Entering directory '/home/kk-1988/work/cpp_test/cmake-3.20.2/CMakeFiles/CMakeTmp'
Building C object CMakeFiles/cmTC_541f2.dir/CheckFunctionExists.c.o
/usr/bin/gcc   -w -DCHECK_FUNCTION_EXISTS=_gmtime64_s  -fno-builtin -std=gnu11 -o CMakeFiles/cmTC_541f2.dir/CheckFunctionExists.c.o -c /home/kk-1988/work/cpp_test/cmake-3.20.2/Modules/CheckFunctionExists.c
Linking C executable cmTC_541f2
/home/kk-1988/work/cpp_test/cmake-3.20.2/Bootstrap.cmk/cmake -E cmake_link_script CMakeFiles/cmTC_541f2.dir/link.txt --verbose=1
/usr/bin/gcc  -w -DCHECK_FUNCTION_EXISTS=_gmtime64_s  -fno-builtin CMakeFiles/cmTC_541f2.dir/CheckFunctionExists.c.o -o cmTC_541f2 
/usr/bin/ld: CMakeFiles/cmTC_541f2.dir/CheckFunctionExists.c.o: in function `main':
CheckFunctionExists.c:(.text+0x14): undefined reference to `_gmtime64_s'
collect2: error: ld returned 1 exit status
make[1]: *** [CMakeFiles/cmTC_541f2.dir/build.make:99: cmTC_541f2] Error 1
make[1]: Leaving directory '/home/kk-1988/work/cpp_test/cmake-3.20.2/CMakeFiles/CMakeTmp'
make: *** [Makefile:127: cmTC_541f2/fast] Error 2



Determining if the function _localtime64_s exists failed with the following output:
Change Dir: /home/kk-1988/work/cpp_test/cmake-3.20.2/CMakeFiles/CMakeTmp

Run Build Command(s):/usr/bin/make -f Makefile cmTC_784a3/fast && make  -f CMakeFiles/cmTC_784a3.dir/build.make CMakeFiles/cmTC_784a3.dir/build
make[1]: Entering directory '/home/kk-1988/work/cpp_test/cmake-3.20.2/CMakeFiles/CMakeTmp'
Building C object CMakeFiles/cmTC_784a3.dir/CheckFunctionExists.c.o
/usr/bin/gcc   -w -DCHECK_FUNCTION_EXISTS=_localtime64_s  -fno-builtin -std=gnu11 -o CMakeFiles/cmTC_784a3.dir/CheckFunctionExists.c.o -c /home/kk-1988/work/cpp_test/cmake-3.20.2/Modules/CheckFunctionExists.c
Linking C executable cmTC_784a3
/home/kk-1988/work/cpp_test/cmake-3.20.2/Bootstrap.cmk/cmake -E cmake_link_script CMakeFiles/cmTC_784a3.dir/link.txt --verbose=1
/usr/bin/gcc  -w -DCHECK_FUNCTION_EXISTS=_localtime64_s  -fno-builtin CMakeFiles/cmTC_784a3.dir/CheckFunctionExists.c.o -o cmTC_784a3 
/usr/bin/ld: CMakeFiles/cmTC_784a3.dir/CheckFunctionExists.c.o: in function `main':
CheckFunctionExists.c:(.text+0x14): undefined reference to `_localtime64_s'
collect2: error: ld returned 1 exit status
make[1]: *** [CMakeFiles/cmTC_784a3.dir/build.make:99: cmTC_784a3] Error 1
make[1]: Leaving directory '/home/kk-1988/work/cpp_test/cmake-3.20.2/CMakeFiles/CMakeTmp'
make: *** [Makefile:127: cmTC_784a3/fast] Error 2



Determining if the function _mkgmtime64 exists failed with the following output:
Change Dir: /home/kk-1988/work/cpp_test/cmake-3.20.2/CMakeFiles/CMakeTmp

Run Build Command(s):/usr/bin/make -f Makefile cmTC_13208/fast && make  -f CMakeFiles/cmTC_13208.dir/build.make CMakeFiles/cmTC_13208.dir/build
make[1]: Entering directory '/home/kk-1988/work/cpp_test/cmake-3.20.2/CMakeFiles/CMakeTmp'
Building C object CMakeFiles/cmTC_13208.dir/CheckFunctionExists.c.o
/usr/bin/gcc   -w -DCHECK_FUNCTION_EXISTS=_mkgmtime64  -fno-builtin -std=gnu11 -o CMakeFiles/cmTC_13208.dir/CheckFunctionExists.c.o -c /home/kk-1988/work/cpp_test/cmake-3.20.2/Modules/CheckFunctionExists.c
Linking C executable cmTC_13208
/home/kk-1988/work/cpp_test/cmake-3.20.2/Bootstrap.cmk/cmake -E cmake_link_script CMakeFiles/cmTC_13208.dir/link.txt --verbose=1
/usr/bin/gcc  -w -DCHECK_FUNCTION_EXISTS=_mkgmtime64  -fno-builtin CMakeFiles/cmTC_13208.dir/CheckFunctionExists.c.o -o cmTC_13208 
/usr/bin/ld: CMakeFiles/cmTC_13208.dir/CheckFunctionExists.c.o: in function `main':
CheckFunctionExists.c:(.text+0x14): undefined reference to `_mkgmtime64'
collect2: error: ld returned 1 exit status
make[1]: *** [CMakeFiles/cmTC_13208.dir/build.make:99: cmTC_13208] Error 1
make[1]: Leaving directory '/home/kk-1988/work/cpp_test/cmake-3.20.2/CMakeFiles/CMakeTmp'
make: *** [Makefile:127: cmTC_13208/fast] Error 2



Determining if the function cygwin_conv_path exists failed with the following output:
Change Dir: /home/kk-1988/work/cpp_test/cmake-3.20.2/CMakeFiles/CMakeTmp

Run Build Command(s):/usr/bin/make -f Makefile cmTC_23147/fast && make  -f CMakeFiles/cmTC_23147.dir/build.make CMakeFiles/cmTC_23147.dir/build
make[1]: Entering directory '/home/kk-1988/work/cpp_test/cmake-3.20.2/CMakeFiles/CMakeTmp'
Building C object CMakeFiles/cmTC_23147.dir/CheckFunctionExists.c.o
/usr/bin/gcc   -w -DCHECK_FUNCTION_EXISTS=cygwin_conv_path  -fno-builtin -std=gnu11 -o CMakeFiles/cmTC_23147.dir/CheckFunctionExists.c.o -c /home/kk-1988/work/cpp_test/cmake-3.20.2/Modules/CheckFunctionExists.c
Linking C executable cmTC_23147
/home/kk-1988/work/cpp_test/cmake-3.20.2/Bootstrap.cmk/cmake -E cmake_link_script CMakeFiles/cmTC_23147.dir/link.txt --verbose=1
/usr/bin/gcc  -w -DCHECK_FUNCTION_EXISTS=cygwin_conv_path  -fno-builtin CMakeFiles/cmTC_23147.dir/CheckFunctionExists.c.o -o cmTC_23147 
/usr/bin/ld: CMakeFiles/cmTC_23147.dir/CheckFunctionExists.c.o: in function `main':
CheckFunctionExists.c:(.text+0x14): undefined reference to `cygwin_conv_path'
collect2: error: ld returned 1 exit status
make[1]: *** [CMakeFiles/cmTC_23147.dir/build.make:99: cmTC_23147] Error 1
make[1]: Leaving directory '/home/kk-1988/work/cpp_test/cmake-3.20.2/CMakeFiles/CMakeTmp'
make: *** [Makefile:127: cmTC_23147/fast] Error 2



Performing C SOURCE FILE Test HAVE_STRUCT_VFSCONF failed with the following output:
Change Dir: /home/kk-1988/work/cpp_test/cmake-3.20.2/CMakeFiles/CMakeTmp

Run Build Command(s):/usr/bin/make -f Makefile cmTC_16e68/fast && make  -f CMakeFiles/cmTC_16e68.dir/build.make CMakeFiles/cmTC_16e68.dir/build
make[1]: Entering directory '/home/kk-1988/work/cpp_test/cmake-3.20.2/CMakeFiles/CMakeTmp'
Building C object CMakeFiles/cmTC_16e68.dir/src.c.o
/usr/bin/gcc -DHAVE_STRUCT_VFSCONF  -w  -std=gnu11 -o CMakeFiles/cmTC_16e68.dir/src.c.o -c /home/kk-1988/work/cpp_test/cmake-3.20.2/CMakeFiles/CMakeTmp/src.c
/home/kk-1988/work/cpp_test/cmake-3.20.2/CMakeFiles/CMakeTmp/src.c: In function ‘main’:
/home/kk-1988/work/cpp_test/cmake-3.20.2/CMakeFiles/CMakeTmp/src.c:3:33: error: storage size of ‘v’ isn’t known
    3 | int main(void) { struct vfsconf v; return sizeof(v);}
      |                                 ^
make[1]: *** [CMakeFiles/cmTC_16e68.dir/build.make:78: CMakeFiles/cmTC_16e68.dir/src.c.o] Error 1
make[1]: Leaving directory '/home/kk-1988/work/cpp_test/cmake-3.20.2/CMakeFiles/CMakeTmp'
make: *** [Makefile:127: cmTC_16e68/fast] Error 2


Source file was:
#include <sys/types.h>
#include <sys/mount.h>
int main(void) { struct vfsconf v; return sizeof(v);}
Performing C SOURCE FILE Test HAVE_STRUCT_XVFSCONF failed with the following output:
Change Dir: /home/kk-1988/work/cpp_test/cmake-3.20.2/CMakeFiles/CMakeTmp

Run Build Command(s):/usr/bin/make -f Makefile cmTC_7c543/fast && make  -f CMakeFiles/cmTC_7c543.dir/build.make CMakeFiles/cmTC_7c543.dir/build
make[1]: Entering directory '/home/kk-1988/work/cpp_test/cmake-3.20.2/CMakeFiles/CMakeTmp'
Building C object CMakeFiles/cmTC_7c543.dir/src.c.o
/usr/bin/gcc -DHAVE_STRUCT_XVFSCONF  -w  -std=gnu11 -o CMakeFiles/cmTC_7c543.dir/src.c.o -c /home/kk-1988/work/cpp_test/cmake-3.20.2/CMakeFiles/CMakeTmp/src.c
/home/kk-1988/work/cpp_test/cmake-3.20.2/CMakeFiles/CMakeTmp/src.c: In function ‘main’:
/home/kk-1988/work/cpp_test/cmake-3.20.2/CMakeFiles/CMakeTmp/src.c:3:34: error: storage size of ‘v’ isn’t known
    3 | int main(void) { struct xvfsconf v; return sizeof(v);}
      |                                  ^
make[1]: *** [CMakeFiles/cmTC_7c543.dir/build.make:78: CMakeFiles/cmTC_7c543.dir/src.c.o] Error 1
make[1]: Leaving directory '/home/kk-1988/work/cpp_test/cmake-3.20.2/CMakeFiles/CMakeTmp'
make: *** [Makefile:127: cmTC_7c543/fast] Error 2


Source file was:
#include <sys/types.h>
#include <sys/mount.h>
int main(void) { struct xvfsconf v; return sizeof(v);}
Performing C SOURCE FILE Test MAJOR_IN_MKDEV failed with the following output:
Change Dir: /home/kk-1988/work/cpp_test/cmake-3.20.2/CMakeFiles/CMakeTmp

Run Build Command(s):/usr/bin/make -f Makefile cmTC_66095/fast && make  -f CMakeFiles/cmTC_66095.dir/build.make CMakeFiles/cmTC_66095.dir/build
make[1]: Entering directory '/home/kk-1988/work/cpp_test/cmake-3.20.2/CMakeFiles/CMakeTmp'
Building C object CMakeFiles/cmTC_66095.dir/src.c.o
/usr/bin/gcc -DMAJOR_IN_MKDEV  -w  -std=gnu11 -o CMakeFiles/cmTC_66095.dir/src.c.o -c /home/kk-1988/work/cpp_test/cmake-3.20.2/CMakeFiles/CMakeTmp/src.c
/home/kk-1988/work/cpp_test/cmake-3.20.2/CMakeFiles/CMakeTmp/src.c:1:10: fatal error: sys/mkdev.h: No such file or directory
    1 | #include <sys/mkdev.h>
      |          ^~~~~~~~~~~~~
compilation terminated.
make[1]: *** [CMakeFiles/cmTC_66095.dir/build.make:78: CMakeFiles/cmTC_66095.dir/src.c.o] Error 1
make[1]: Leaving directory '/home/kk-1988/work/cpp_test/cmake-3.20.2/CMakeFiles/CMakeTmp'
make: *** [Makefile:127: cmTC_66095/fast] Error 2


Source file was:
#include <sys/mkdev.h>
int main() { return major(256); }
Performing C SOURCE FILE Test HAVE_LZMA_STREAM_ENCODER_MT failed with the following output:
Change Dir: /home/kk-1988/work/cpp_test/cmake-3.20.2/CMakeFiles/CMakeTmp

Run Build Command(s):/usr/bin/make -f Makefile cmTC_3920c/fast && make  -f CMakeFiles/cmTC_3920c.dir/build.make CMakeFiles/cmTC_3920c.dir/build
make[1]: Entering directory '/home/kk-1988/work/cpp_test/cmake-3.20.2/CMakeFiles/CMakeTmp'
Building C object CMakeFiles/cmTC_3920c.dir/src.c.o
/usr/bin/gcc -DHAVE_LZMA_STREAM_ENCODER_MT -I/home/kk-1988/work/cpp_test/cmake-3.20.2/Utilities/cmliblzma/liblzma/api -w  -std=gnu11 -o CMakeFiles/cmTC_3920c.dir/src.c.o -c /home/kk-1988/work/cpp_test/cmake-3.20.2/CMakeFiles/CMakeTmp/src.c
Linking C executable cmTC_3920c
/home/kk-1988/work/cpp_test/cmake-3.20.2/Bootstrap.cmk/cmake -E cmake_link_script CMakeFiles/cmTC_3920c.dir/link.txt --verbose=1
/usr/bin/gcc  -w  CMakeFiles/cmTC_3920c.dir/src.c.o -o cmTC_3920c  -lcmliblzma 
/usr/bin/ld: cannot find -lcmliblzma
collect2: error: ld returned 1 exit status
make[1]: *** [CMakeFiles/cmTC_3920c.dir/build.make:99: cmTC_3920c] Error 1
make[1]: Leaving directory '/home/kk-1988/work/cpp_test/cmake-3.20.2/CMakeFiles/CMakeTmp'
make: *** [Makefile:127: cmTC_3920c/fast] Error 2


Source file was:
#include <lzma.h>
#if LZMA_VERSION < 50020000
#error unsupported
#endif
int main(void){lzma_stream_encoder_mt(0, 0); return 0;}
Determining if the EFTYPE exist failed with the following output:
Change Dir: /home/kk-1988/work/cpp_test/cmake-3.20.2/CMakeFiles/CMakeTmp

Run Build Command(s):/usr/bin/make -f Makefile cmTC_92566/fast && make  -f CMakeFiles/cmTC_92566.dir/build.make CMakeFiles/cmTC_92566.dir/build
make[1]: Entering directory '/home/kk-1988/work/cpp_test/cmake-3.20.2/CMakeFiles/CMakeTmp'
Building C object CMakeFiles/cmTC_92566.dir/CheckSymbolExists.c.o
/usr/bin/gcc   -w  -std=gnu11 -o CMakeFiles/cmTC_92566.dir/CheckSymbolExists.c.o -c /home/kk-1988/work/cpp_test/cmake-3.20.2/CMakeFiles/CMakeTmp/CheckSymbolExists.c
/home/kk-1988/work/cpp_test/cmake-3.20.2/CMakeFiles/CMakeTmp/CheckSymbolExists.c: In function ‘main’:
/home/kk-1988/work/cpp_test/cmake-3.20.2/CMakeFiles/CMakeTmp/CheckSymbolExists.c:8:19: error: ‘EFTYPE’ undeclared (first use in this function)
    8 |   return ((int*)(&EFTYPE))[argc];
      |                   ^~~~~~
/home/kk-1988/work/cpp_test/cmake-3.20.2/CMakeFiles/CMakeTmp/CheckSymbolExists.c:8:19: note: each undeclared identifier is reported only once for each function it appears in
make[1]: *** [CMakeFiles/cmTC_92566.dir/build.make:78: CMakeFiles/cmTC_92566.dir/CheckSymbolExists.c.o] Error 1
make[1]: Leaving directory '/home/kk-1988/work/cpp_test/cmake-3.20.2/CMakeFiles/CMakeTmp'
make: *** [Makefile:127: cmTC_92566/fast] Error 2


File /home/kk-1988/work/cpp_test/cmake-3.20.2/CMakeFiles/CMakeTmp/CheckSymbolExists.c:
/* */
#include <errno.h>

int main(int argc, char** argv)
{
  (void)argv;
#ifndef EFTYPE
  return ((int*)(&EFTYPE))[argc];
#else
  (void)argc;
  return 0;
#endif
}
Determining if the D_MD_ORDER exist failed with the following output:
Change Dir: /home/kk-1988/work/cpp_test/cmake-3.20.2/CMakeFiles/CMakeTmp

Run Build Command(s):/usr/bin/make -f Makefile cmTC_8ceb8/fast && make  -f CMakeFiles/cmTC_8ceb8.dir/build.make CMakeFiles/cmTC_8ceb8.dir/build
make[1]: Entering directory '/home/kk-1988/work/cpp_test/cmake-3.20.2/CMakeFiles/CMakeTmp'
Building C object CMakeFiles/cmTC_8ceb8.dir/CheckSymbolExists.c.o
/usr/bin/gcc   -w  -std=gnu11 -o CMakeFiles/cmTC_8ceb8.dir/CheckSymbolExists.c.o -c /home/kk-1988/work/cpp_test/cmake-3.20.2/CMakeFiles/CMakeTmp/CheckSymbolExists.c
/home/kk-1988/work/cpp_test/cmake-3.20.2/CMakeFiles/CMakeTmp/CheckSymbolExists.c: In function ‘main’:
/home/kk-1988/work/cpp_test/cmake-3.20.2/CMakeFiles/CMakeTmp/CheckSymbolExists.c:8:19: error: ‘D_MD_ORDER’ undeclared (first use in this function)
    8 |   return ((int*)(&D_MD_ORDER))[argc];
      |                   ^~~~~~~~~~
/home/kk-1988/work/cpp_test/cmake-3.20.2/CMakeFiles/CMakeTmp/CheckSymbolExists.c:8:19: note: each undeclared identifier is reported only once for each function it appears in
make[1]: *** [CMakeFiles/cmTC_8ceb8.dir/build.make:78: CMakeFiles/cmTC_8ceb8.dir/CheckSymbolExists.c.o] Error 1
make[1]: Leaving directory '/home/kk-1988/work/cpp_test/cmake-3.20.2/CMakeFiles/CMakeTmp'
make: *** [Makefile:127: cmTC_8ceb8/fast] Error 2


File /home/kk-1988/work/cpp_test/cmake-3.20.2/CMakeFiles/CMakeTmp/CheckSymbolExists.c:
/* */
#include <langinfo.h>

int main(int argc, char** argv)
{
  (void)argv;
#ifndef D_MD_ORDER
  return ((int*)(&D_MD_ORDER))[argc];
#else
  (void)argc;
  return 0;
#endif
}
Performing C SOURCE FILE Test HAVE_STRUCT_TM___TM_GMTOFF failed with the following output:
Change Dir: /home/kk-1988/work/cpp_test/cmake-3.20.2/CMakeFiles/CMakeTmp

Run Build Command(s):/usr/bin/make -f Makefile cmTC_4de54/fast && make  -f CMakeFiles/cmTC_4de54.dir/build.make CMakeFiles/cmTC_4de54.dir/build
make[1]: Entering directory '/home/kk-1988/work/cpp_test/cmake-3.20.2/CMakeFiles/CMakeTmp'
Building C object CMakeFiles/cmTC_4de54.dir/src.c.o
/usr/bin/gcc -DHAVE_STRUCT_TM___TM_GMTOFF  -w  -std=gnu11 -o CMakeFiles/cmTC_4de54.dir/src.c.o -c /home/kk-1988/work/cpp_test/cmake-3.20.2/CMakeFiles/CMakeTmp/src.c
/home/kk-1988/work/cpp_test/cmake-3.20.2/CMakeFiles/CMakeTmp/src.c: In function ‘main’:
/home/kk-1988/work/cpp_test/cmake-3.20.2/CMakeFiles/CMakeTmp/src.c:6:34: error: ‘struct tm’ has no member named ‘__tm_gmtoff’; did you mean ‘tm_gmtoff’?
    6 |   (void)sizeof(((struct tm *)0)->__tm_gmtoff);
      |                                  ^~~~~~~~~~~
      |                                  tm_gmtoff
make[1]: *** [CMakeFiles/cmTC_4de54.dir/build.make:78: CMakeFiles/cmTC_4de54.dir/src.c.o] Error 1
make[1]: Leaving directory '/home/kk-1988/work/cpp_test/cmake-3.20.2/CMakeFiles/CMakeTmp'
make: *** [Makefile:127: cmTC_4de54/fast] Error 2


Source file was:

#include <time.h>

int main()
{
  (void)sizeof(((struct tm *)0)->__tm_gmtoff);
  return 0;
}

Performing C SOURCE FILE Test HAVE_STRUCT_STATFS_F_NAMEMAX failed with the following output:
Change Dir: /home/kk-1988/work/cpp_test/cmake-3.20.2/CMakeFiles/CMakeTmp

Run Build Command(s):/usr/bin/make -f Makefile cmTC_2a37a/fast && make  -f CMakeFiles/cmTC_2a37a.dir/build.make CMakeFiles/cmTC_2a37a.dir/build
make[1]: Entering directory '/home/kk-1988/work/cpp_test/cmake-3.20.2/CMakeFiles/CMakeTmp'
Building C object CMakeFiles/cmTC_2a37a.dir/src.c.o
/usr/bin/gcc -DHAVE_STRUCT_STATFS_F_NAMEMAX  -w  -std=gnu11 -o CMakeFiles/cmTC_2a37a.dir/src.c.o -c /home/kk-1988/work/cpp_test/cmake-3.20.2/CMakeFiles/CMakeTmp/src.c
/home/kk-1988/work/cpp_test/cmake-3.20.2/CMakeFiles/CMakeTmp/src.c: In function ‘main’:
/home/kk-1988/work/cpp_test/cmake-3.20.2/CMakeFiles/CMakeTmp/src.c:7:36: error: dereferencing pointer to incomplete type ‘struct statfs’
    7 |   (void)sizeof(((struct statfs *)0)->f_namemax);
      |                                    ^~
make[1]: *** [CMakeFiles/cmTC_2a37a.dir/build.make:78: CMakeFiles/cmTC_2a37a.dir/src.c.o] Error 1
make[1]: Leaving directory '/home/kk-1988/work/cpp_test/cmake-3.20.2/CMakeFiles/CMakeTmp'
make: *** [Makefile:127: cmTC_2a37a/fast] Error 2


Source file was:

#include <sys/param.h>
#include <sys/mount.h>

int main()
{
  (void)sizeof(((struct statfs *)0)->f_namemax);
  return 0;
}

Performing C SOURCE FILE Test HAVE_STRUCT_STAT_ST_BIRTHTIME failed with the following output:
Change Dir: /home/kk-1988/work/cpp_test/cmake-3.20.2/CMakeFiles/CMakeTmp

Run Build Command(s):/usr/bin/make -f Makefile cmTC_beb9b/fast && make  -f CMakeFiles/cmTC_beb9b.dir/build.make CMakeFiles/cmTC_beb9b.dir/build
make[1]: Entering directory '/home/kk-1988/work/cpp_test/cmake-3.20.2/CMakeFiles/CMakeTmp'
Building C object CMakeFiles/cmTC_beb9b.dir/src.c.o
/usr/bin/gcc -DHAVE_STRUCT_STAT_ST_BIRTHTIME  -w  -std=gnu11 -o CMakeFiles/cmTC_beb9b.dir/src.c.o -c /home/kk-1988/work/cpp_test/cmake-3.20.2/CMakeFiles/CMakeTmp/src.c
/home/kk-1988/work/cpp_test/cmake-3.20.2/CMakeFiles/CMakeTmp/src.c: In function ‘main’:
/home/kk-1988/work/cpp_test/cmake-3.20.2/CMakeFiles/CMakeTmp/src.c:7:34: error: ‘struct stat’ has no member named ‘st_birthtime’
    7 |   (void)sizeof(((struct stat *)0)->st_birthtime);
      |                                  ^~
make[1]: *** [CMakeFiles/cmTC_beb9b.dir/build.make:78: CMakeFiles/cmTC_beb9b.dir/src.c.o] Error 1
make[1]: Leaving directory '/home/kk-1988/work/cpp_test/cmake-3.20.2/CMakeFiles/CMakeTmp'
make: *** [Makefile:127: cmTC_beb9b/fast] Error 2


Source file was:

#include <sys/types.h>
#include <sys/stat.h>

int main()
{
  (void)sizeof(((struct stat *)0)->st_birthtime);
  return 0;
}

Performing C SOURCE FILE Test HAVE_STRUCT_STAT_ST_BIRTHTIMESPEC_TV_NSEC failed with the following output:
Change Dir: /home/kk-1988/work/cpp_test/cmake-3.20.2/CMakeFiles/CMakeTmp

Run Build Command(s):/usr/bin/make -f Makefile cmTC_5c33a/fast && make  -f CMakeFiles/cmTC_5c33a.dir/build.make CMakeFiles/cmTC_5c33a.dir/build
make[1]: Entering directory '/home/kk-1988/work/cpp_test/cmake-3.20.2/CMakeFiles/CMakeTmp'
Building C object CMakeFiles/cmTC_5c33a.dir/src.c.o
/usr/bin/gcc -DHAVE_STRUCT_STAT_ST_BIRTHTIMESPEC_TV_NSEC  -w  -std=gnu11 -o CMakeFiles/cmTC_5c33a.dir/src.c.o -c /home/kk-1988/work/cpp_test/cmake-3.20.2/CMakeFiles/CMakeTmp/src.c
/home/kk-1988/work/cpp_test/cmake-3.20.2/CMakeFiles/CMakeTmp/src.c: In function ‘main’:
/home/kk-1988/work/cpp_test/cmake-3.20.2/CMakeFiles/CMakeTmp/src.c:7:34: error: ‘struct stat’ has no member named ‘st_birthtimespec’
    7 |   (void)sizeof(((struct stat *)0)->st_birthtimespec.tv_nsec);
      |                                  ^~
make[1]: *** [CMakeFiles/cmTC_5c33a.dir/build.make:78: CMakeFiles/cmTC_5c33a.dir/src.c.o] Error 1
make[1]: Leaving directory '/home/kk-1988/work/cpp_test/cmake-3.20.2/CMakeFiles/CMakeTmp'
make: *** [Makefile:127: cmTC_5c33a/fast] Error 2


Source file was:

#include <sys/types.h>
#include <sys/stat.h>

int main()
{
  (void)sizeof(((struct stat *)0)->st_birthtimespec.tv_nsec);
  return 0;
}

Performing C SOURCE FILE Test HAVE_STRUCT_STAT_ST_MTIMESPEC_TV_NSEC failed with the following output:
Change Dir: /home/kk-1988/work/cpp_test/cmake-3.20.2/CMakeFiles/CMakeTmp

Run Build Command(s):/usr/bin/make -f Makefile cmTC_a564c/fast && make  -f CMakeFiles/cmTC_a564c.dir/build.make CMakeFiles/cmTC_a564c.dir/build
make[1]: Entering directory '/home/kk-1988/work/cpp_test/cmake-3.20.2/CMakeFiles/CMakeTmp'
Building C object CMakeFiles/cmTC_a564c.dir/src.c.o
/usr/bin/gcc -DHAVE_STRUCT_STAT_ST_MTIMESPEC_TV_NSEC  -w  -std=gnu11 -o CMakeFiles/cmTC_a564c.dir/src.c.o -c /home/kk-1988/work/cpp_test/cmake-3.20.2/CMakeFiles/CMakeTmp/src.c
/home/kk-1988/work/cpp_test/cmake-3.20.2/CMakeFiles/CMakeTmp/src.c: In function ‘main’:
/home/kk-1988/work/cpp_test/cmake-3.20.2/CMakeFiles/CMakeTmp/src.c:7:34: error: ‘struct stat’ has no member named ‘st_mtimespec’
    7 |   (void)sizeof(((struct stat *)0)->st_mtimespec.tv_nsec);
      |                                  ^~
make[1]: *** [CMakeFiles/cmTC_a564c.dir/build.make:78: CMakeFiles/cmTC_a564c.dir/src.c.o] Error 1
make[1]: Leaving directory '/home/kk-1988/work/cpp_test/cmake-3.20.2/CMakeFiles/CMakeTmp'
make: *** [Makefile:127: cmTC_a564c/fast] Error 2


Source file was:

#include <sys/types.h>
#include <sys/stat.h>

int main()
{
  (void)sizeof(((struct stat *)0)->st_mtimespec.tv_nsec);
  return 0;
}

Performing C SOURCE FILE Test HAVE_STRUCT_STAT_ST_MTIME_N failed with the following output:
Change Dir: /home/kk-1988/work/cpp_test/cmake-3.20.2/CMakeFiles/CMakeTmp

Run Build Command(s):/usr/bin/make -f Makefile cmTC_53e2d/fast && make  -f CMakeFiles/cmTC_53e2d.dir/build.make CMakeFiles/cmTC_53e2d.dir/build
make[1]: Entering directory '/home/kk-1988/work/cpp_test/cmake-3.20.2/CMakeFiles/CMakeTmp'
Building C object CMakeFiles/cmTC_53e2d.dir/src.c.o
/usr/bin/gcc -DHAVE_STRUCT_STAT_ST_MTIME_N  -w  -std=gnu11 -o CMakeFiles/cmTC_53e2d.dir/src.c.o -c /home/kk-1988/work/cpp_test/cmake-3.20.2/CMakeFiles/CMakeTmp/src.c
/home/kk-1988/work/cpp_test/cmake-3.20.2/CMakeFiles/CMakeTmp/src.c: In function ‘main’:
/home/kk-1988/work/cpp_test/cmake-3.20.2/CMakeFiles/CMakeTmp/src.c:7:36: error: ‘struct stat’ has no member named ‘st_mtime_n’; did you mean ‘st_mtim’?
    7 |   (void)sizeof(((struct stat *)0)->st_mtime_n);
      |                                    ^~~~~~~~~~
      |                                    st_mtim
make[1]: *** [CMakeFiles/cmTC_53e2d.dir/build.make:78: CMakeFiles/cmTC_53e2d.dir/src.c.o] Error 1
make[1]: Leaving directory '/home/kk-1988/work/cpp_test/cmake-3.20.2/CMakeFiles/CMakeTmp'
make: *** [Makefile:127: cmTC_53e2d/fast] Error 2


Source file was:

#include <sys/types.h>
#include <sys/stat.h>

int main()
{
  (void)sizeof(((struct stat *)0)->st_mtime_n);
  return 0;
}

Performing C SOURCE FILE Test HAVE_STRUCT_STAT_ST_UMTIME failed with the following output:
Change Dir: /home/kk-1988/work/cpp_test/cmake-3.20.2/CMakeFiles/CMakeTmp

Run Build Command(s):/usr/bin/make -f Makefile cmTC_0753a/fast && make  -f CMakeFiles/cmTC_0753a.dir/build.make CMakeFiles/cmTC_0753a.dir/build
make[1]: Entering directory '/home/kk-1988/work/cpp_test/cmake-3.20.2/CMakeFiles/CMakeTmp'
Building C object CMakeFiles/cmTC_0753a.dir/src.c.o
/usr/bin/gcc -DHAVE_STRUCT_STAT_ST_UMTIME  -w  -std=gnu11 -o CMakeFiles/cmTC_0753a.dir/src.c.o -c /home/kk-1988/work/cpp_test/cmake-3.20.2/CMakeFiles/CMakeTmp/src.c
/home/kk-1988/work/cpp_test/cmake-3.20.2/CMakeFiles/CMakeTmp/src.c: In function ‘main’:
/home/kk-1988/work/cpp_test/cmake-3.20.2/CMakeFiles/CMakeTmp/src.c:7:36: error: ‘struct stat’ has no member named ‘st_umtime’; did you mean ‘st_mtim’?
    7 |   (void)sizeof(((struct stat *)0)->st_umtime);
      |                                    ^~~~~~~~~
      |                                    st_mtim
make[1]: *** [CMakeFiles/cmTC_0753a.dir/build.make:78: CMakeFiles/cmTC_0753a.dir/src.c.o] Error 1
make[1]: Leaving directory '/home/kk-1988/work/cpp_test/cmake-3.20.2/CMakeFiles/CMakeTmp'
make: *** [Makefile:127: cmTC_0753a/fast] Error 2


Source file was:

#include <sys/types.h>
#include <sys/stat.h>

int main()
{
  (void)sizeof(((struct stat *)0)->st_umtime);
  return 0;
}

Performing C SOURCE FILE Test HAVE_STRUCT_STAT_ST_MTIME_USEC failed with the following output:
Change Dir: /home/kk-1988/work/cpp_test/cmake-3.20.2/CMakeFiles/CMakeTmp

Run Build Command(s):/usr/bin/make -f Makefile cmTC_ad389/fast && make  -f CMakeFiles/cmTC_ad389.dir/build.make CMakeFiles/cmTC_ad389.dir/build
make[1]: Entering directory '/home/kk-1988/work/cpp_test/cmake-3.20.2/CMakeFiles/CMakeTmp'
Building C object CMakeFiles/cmTC_ad389.dir/src.c.o
/usr/bin/gcc -DHAVE_STRUCT_STAT_ST_MTIME_USEC  -w  -std=gnu11 -o CMakeFiles/cmTC_ad389.dir/src.c.o -c /home/kk-1988/work/cpp_test/cmake-3.20.2/CMakeFiles/CMakeTmp/src.c
/home/kk-1988/work/cpp_test/cmake-3.20.2/CMakeFiles/CMakeTmp/src.c: In function ‘main’:
/home/kk-1988/work/cpp_test/cmake-3.20.2/CMakeFiles/CMakeTmp/src.c:7:34: error: ‘struct stat’ has no member named ‘st_mtime_usec’
    7 |   (void)sizeof(((struct stat *)0)->st_mtime_usec);
      |                                  ^~
make[1]: *** [CMakeFiles/cmTC_ad389.dir/build.make:78: CMakeFiles/cmTC_ad389.dir/src.c.o] Error 1
make[1]: Leaving directory '/home/kk-1988/work/cpp_test/cmake-3.20.2/CMakeFiles/CMakeTmp'
make: *** [Makefile:127: cmTC_ad389/fast] Error 2


Source file was:

#include <sys/types.h>
#include <sys/stat.h>

int main()
{
  (void)sizeof(((struct stat *)0)->st_mtime_usec);
  return 0;
}

Performing C SOURCE FILE Test HAVE_STRUCT_STAT_ST_FLAGS failed with the following output:
Change Dir: /home/kk-1988/work/cpp_test/cmake-3.20.2/CMakeFiles/CMakeTmp

Run Build Command(s):/usr/bin/make -f Makefile cmTC_4ff80/fast && make  -f CMakeFiles/cmTC_4ff80.dir/build.make CMakeFiles/cmTC_4ff80.dir/build
make[1]: Entering directory '/home/kk-1988/work/cpp_test/cmake-3.20.2/CMakeFiles/CMakeTmp'
Building C object CMakeFiles/cmTC_4ff80.dir/src.c.o
/usr/bin/gcc -DHAVE_STRUCT_STAT_ST_FLAGS  -w  -std=gnu11 -o CMakeFiles/cmTC_4ff80.dir/src.c.o -c /home/kk-1988/work/cpp_test/cmake-3.20.2/CMakeFiles/CMakeTmp/src.c
/home/kk-1988/work/cpp_test/cmake-3.20.2/CMakeFiles/CMakeTmp/src.c: In function ‘main’:
/home/kk-1988/work/cpp_test/cmake-3.20.2/CMakeFiles/CMakeTmp/src.c:7:34: error: ‘struct stat’ has no member named ‘st_flags’
    7 |   (void)sizeof(((struct stat *)0)->st_flags);
      |                                  ^~
make[1]: *** [CMakeFiles/cmTC_4ff80.dir/build.make:78: CMakeFiles/cmTC_4ff80.dir/src.c.o] Error 1
make[1]: Leaving directory '/home/kk-1988/work/cpp_test/cmake-3.20.2/CMakeFiles/CMakeTmp'
make: *** [Makefile:127: cmTC_4ff80/fast] Error 2


Source file was:

#include <sys/types.h>
#include <sys/stat.h>

int main()
{
  (void)sizeof(((struct stat *)0)->st_flags);
  return 0;
}

Performing C SOURCE FILE Test HAVE_STRUCT_STATVFS_F_IOSIZE failed with the following output:
Change Dir: /home/kk-1988/work/cpp_test/cmake-3.20.2/CMakeFiles/CMakeTmp

Run Build Command(s):/usr/bin/make -f Makefile cmTC_68f72/fast && make  -f CMakeFiles/cmTC_68f72.dir/build.make CMakeFiles/cmTC_68f72.dir/build
make[1]: Entering directory '/home/kk-1988/work/cpp_test/cmake-3.20.2/CMakeFiles/CMakeTmp'
Building C object CMakeFiles/cmTC_68f72.dir/src.c.o
/usr/bin/gcc -DHAVE_STRUCT_STATVFS_F_IOSIZE  -w  -std=gnu11 -o CMakeFiles/cmTC_68f72.dir/src.c.o -c /home/kk-1988/work/cpp_test/cmake-3.20.2/CMakeFiles/CMakeTmp/src.c
/home/kk-1988/work/cpp_test/cmake-3.20.2/CMakeFiles/CMakeTmp/src.c: In function ‘main’:
/home/kk-1988/work/cpp_test/cmake-3.20.2/CMakeFiles/CMakeTmp/src.c:7:39: error: ‘struct statvfs’ has no member named ‘f_iosize’; did you mean ‘f_bsize’?
    7 |   (void)sizeof(((struct statvfs *)0)->f_iosize);
      |                                       ^~~~~~~~
      |                                       f_bsize
make[1]: *** [CMakeFiles/cmTC_68f72.dir/build.make:78: CMakeFiles/cmTC_68f72.dir/src.c.o] Error 1
make[1]: Leaving directory '/home/kk-1988/work/cpp_test/cmake-3.20.2/CMakeFiles/CMakeTmp'
make: *** [Makefile:127: cmTC_68f72/fast] Error 2


Source file was:

#include <sys/types.h>
#include <sys/statvfs.h>

int main()
{
  (void)sizeof(((struct statvfs *)0)->f_iosize);
  return 0;
}

Checking for curses support failed with the following output:
Change Dir: /home/kk-1988/work/cpp_test/cmake-3.20.2/Source/Checks/Curses-build

Run Build Command(s):/usr/bin/make -f Makefile CheckCurses && make: *** No rule to make target 'CheckCurses'.  Stop.



Looking for a Fortran compiler failed with the following output:
CMake Deprecation Warning at CMakeLists.txt:1 (cmake_minimum_required):
  Compatibility with CMake < 2.8.12 will be removed from a future version of
  CMake.

  Update the VERSION argument <min> value or use a ...<max> suffix to tell
  CMake that the project does not need compatibility with older versions.


-- The Fortran compiler identification is unknown
CMake Error at CMakeLists.txt:2 (project):
  No CMAKE_Fortran_COMPILER could be found.

  Tell CMake where to find the compiler by setting either the environment
  variable "FC" or the CMake cache entry CMAKE_Fortran_COMPILER to the full
  path to the compiler, or to the compiler name if it is in the PATH.


-- Configuring incomplete, errors occurred!
See also "/home/kk-1988/work/cpp_test/cmake-3.20.2/Tests/CMakeFiles/CheckFortran/CMakeFiles/CMakeOutput.log".
See also "/home/kk-1988/work/cpp_test/cmake-3.20.2/Tests/CMakeFiles/CheckFortran/CMakeFiles/CMakeError.log".

